#
# There is insufficient memory for the Java Runtime Environment to continue.
# Native memory allocation (malloc) failed to allocate 76336 bytes for Chunk::new
# Possible reasons:
#   The system is out of physical RAM or swap space
#   In 32 bit mode, the process size limit was hit
# Possible solutions:
#   Reduce memory load on the system
#   Increase physical memory or swap space
#   Check if swap backing store is full
#   Use 64 bit Java on a 64 bit OS
#   Decrease Java heap size (-Xmx/-Xms)
#   Decrease number of Java threads
#   Decrease Java thread stack sizes (-Xss)
#   Set larger code cache with -XX:ReservedCodeCacheSize=
# This output file may be truncated or incomplete.
#
#  Out of Memory Error (allocation.cpp:328), pid=9616, tid=7260
#
# JRE version: 7.0_13-b20
# Java VM: Java HotSpot(TM) 64-Bit Server VM (23.7-b01 mixed mode windows-amd64 compressed oops)
# Failed to write core dump. Minidumps are not enabled by default on client versions of Windows
#

---------------  T H R E A D  ---------------

Current thread (0x0000000008cc2000):  JavaThread "C2 CompilerThread1" daemon [_thread_in_native, id=7260, stack(0x000000000a370000,0x000000000a470000)]

Stack: [0x000000000a370000,0x000000000a470000]

Current CompileTask:
C2:   4445  276             com.android.dx.ssa.SsaMethod::isRegALocal (90 bytes)


---------------  P R O C E S S  ---------------

Java Threads: ( => current thread )
  0x000000000a796800 JavaThread "pool-1-thread-4" [_thread_in_Java, id=6024, stack(0x000000000ae70000,0x000000000af70000)]
  0x000000000a788800 JavaThread "pool-1-thread-3" [_thread_in_Java, id=9676, stack(0x000000000ad70000,0x000000000ae70000)]
  0x000000000a7a0800 JavaThread "pool-1-thread-2" [_thread_in_Java, id=9884, stack(0x000000000ac70000,0x000000000ad70000)]
  0x000000000a7a0000 JavaThread "pool-2-thread-1" [_thread_blocked, id=6604, stack(0x000000000ab70000,0x000000000ac70000)]
  0x000000000a79f000 JavaThread "pool-1-thread-1" [_thread_in_vm, id=5300, stack(0x000000000aa70000,0x000000000ab70000)]
  0x0000000008cd5000 JavaThread "Service Thread" daemon [_thread_blocked, id=9016, stack(0x000000000a470000,0x000000000a570000)]
=>0x0000000008cc2000 JavaThread "C2 CompilerThread1" daemon [_thread_in_native, id=7260, stack(0x000000000a370000,0x000000000a470000)]
  0x0000000008cc0000 JavaThread "C2 CompilerThread0" daemon [_thread_in_native, id=4552, stack(0x000000000a270000,0x000000000a370000)]
  0x0000000008c9a000 JavaThread "Attach Listener" daemon [_thread_blocked, id=1464, stack(0x000000000a170000,0x000000000a270000)]
  0x0000000008c99000 JavaThread "Signal Dispatcher" daemon [_thread_blocked, id=5264, stack(0x000000000a070000,0x000000000a170000)]
  0x0000000008c31000 JavaThread "Finalizer" daemon [_thread_blocked, id=4460, stack(0x0000000009f70000,0x000000000a070000)]
  0x0000000008c2d800 JavaThread "Reference Handler" daemon [_thread_blocked, id=6420, stack(0x0000000009e70000,0x0000000009f70000)]
  0x00000000025ce800 JavaThread "main" [_thread_in_Java, id=9548, stack(0x0000000002420000,0x0000000002520000)]

Other Threads:
  0x0000000008c26000 VMThread [stack: 0x0000000009d70000,0x0000000009e70000] [id=9300]
  0x0000000008d24000 WatcherThread [stack: 0x000000000a570000,0x000000000a670000] [id=7248]

VM state:not at safepoint (normal execution)

VM Mutex/Monitor currently owned by a thread: None

Heap
 PSYoungGen      total 38016K, used 33595K [0x00000000eaab0000, 0x00000000ed510000, 0x0000000100000000)
  eden space 32640K, 86% used [0x00000000eaab0000,0x00000000ec640740,0x00000000eca90000)
  from space 5376K, 99% used [0x00000000eca90000,0x00000000ecfce8a8,0x00000000ecfd0000)
  to   space 5376K, 0% used [0x00000000ecfd0000,0x00000000ecfd0000,0x00000000ed510000)
 ParOldGen       total 86912K, used 1727K [0x00000000c0000000, 0x00000000c54e0000, 0x00000000eaab0000)
  object space 86912K, 1% used [0x00000000c0000000,0x00000000c01afd00,0x00000000c54e0000)
 PSPermGen       total 21248K, used 5599K [0x00000000bae00000, 0x00000000bc2c0000, 0x00000000c0000000)
  object space 21248K, 26% used [0x00000000bae00000,0x00000000bb377fd0,0x00000000bc2c0000)

Card table byte_map: [0x0000000005890000,0x0000000005ac0000] byte_map_base: 0x00000000052b9000

Polling page: 0x0000000000730000

Code Cache  [0x00000000027d0000, 0x0000000002a40000, 0x00000000057d0000)
 total_blobs=491 nmethods=276 adapters=166 free_code_cache=48074Kb largest_free_block=49199552

Compilation events (10 events):
Event: 4.397 Thread 0x0000000008cc2000 nmethod 271 0x00000000028c15d0 code [0x00000000028c1740, 0x00000000028c1978]
Event: 4.397 Thread 0x0000000008cc2000  272             java.lang.AbstractStringBuilder::ensureCapacityInternal (16 bytes)
Event: 4.400 Thread 0x0000000008cc2000 nmethod 272 0x00000000028bf710 code [0x00000000028bf860, 0x00000000028bfad8]
Event: 4.400 Thread 0x0000000008cc2000  273             com.android.dx.ssa.SsaConverter::edgeSplitSuccessors (98 bytes)
Event: 4.417 Thread 0x0000000008cc2000 nmethod 273 0x00000000028c1f90 code [0x00000000028c2140, 0x00000000028c29d8]
Event: 4.417 Thread 0x0000000008cc2000  274             com.android.dx.ssa.SsaMethod::getUseListForRegister (18 bytes)
Event: 4.418 Thread 0x0000000008cc2000 nmethod 274 0x00000000028c1bd0 code [0x00000000028c1d20, 0x00000000028c1de8]
Event: 4.418 Thread 0x0000000008cc2000  275             com.android.dx.ssa.SsaBasicBlock::getCountPhiInsns (45 bytes)
Event: 4.422 Thread 0x0000000008cc2000 nmethod 275 0x00000000028e4190 code [0x00000000028e42e0, 0x00000000028e44d8]
Event: 4.422 Thread 0x0000000008cc2000  276             com.android.dx.ssa.SsaMethod::isRegALocal (90 bytes)

GC Heap History (2 events):
Event: 3.692 GC heap before
{Heap before GC invocations=1 (full 0):
 PSYoungGen      total 38016K, used 32640K [0x00000000eaab0000, 0x00000000ed510000, 0x0000000100000000)
  eden space 32640K, 100% used [0x00000000eaab0000,0x00000000eca90000,0x00000000eca90000)
  from space 5376K, 0% used [0x00000000ecfd0000,0x00000000ecfd0000,0x00000000ed510000)
  to   space 5376K, 0% used [0x00000000eca90000,0x00000000eca90000,0x00000000ecfd0000)
 ParOldGen       total 86912K, used 0K [0x00000000c0000000, 0x00000000c54e0000, 0x00000000eaab0000)
  object space 86912K, 0% used [0x00000000c0000000,0x00000000c0000000,0x00000000c54e0000)
 PSPermGen       total 21248K, used 5531K [0x00000000bae00000, 0x00000000bc2c0000, 0x00000000c0000000)
  object space 21248K, 26% used [0x00000000bae00000,0x00000000bb366c50,0x00000000bc2c0000)
Event: 3.701 GC heap after
Heap after GC invocations=1 (full 0):
 PSYoungGen      total 38016K, used 5370K [0x00000000eaab0000, 0x00000000ed510000, 0x0000000100000000)
  eden space 32640K, 0% used [0x00000000eaab0000,0x00000000eaab0000,0x00000000eca90000)
  from space 5376K, 99% used [0x00000000eca90000,0x00000000ecfce8a8,0x00000000ecfd0000)
  to   space 5376K, 0% used [0x00000000ecfd0000,0x00000000ecfd0000,0x00000000ed510000)
 ParOldGen       total 86912K, used 1727K [0x00000000c0000000, 0x00000000c54e0000, 0x00000000eaab0000)
  object space 86912K, 1% used [0x00000000c0000000,0x00000000c01afd00,0x00000000c54e0000)
 PSPermGen       total 21248K, used 5531K [0x00000000bae00000, 0x00000000bc2c0000, 0x00000000c0000000)
  object space 21248K, 26% used [0x00000000bae00000,0x00000000bb366c50,0x00000000bc2c0000)
}

Deoptimization events (10 events):
Event: 3.761 Thread 0x000000000a79f000 Uncommon trap -83 fr.pc 0x00000000028550e0
Event: 3.765 Thread 0x000000000a79f000 Uncommon trap -34 fr.pc 0x00000000028583a0
Event: 3.768 Thread 0x000000000a79f000 Uncommon trap -83 fr.pc 0x000000000289d76c
Event: 3.808 Thread 0x000000000a796800 Uncommon trap -83 fr.pc 0x0000000002880a54
Event: 3.809 Thread 0x000000000a796800 Uncommon trap 52 fr.pc 0x000000000284c554
Event: 3.809 Thread 0x000000000a796800 Uncommon trap -83 fr.pc 0x000000000287e6fc
Event: 3.832 Thread 0x000000000a7a0800 Uncommon trap -83 fr.pc 0x000000000287af4c
Event: 3.839 Thread 0x000000000a7a0800 Uncommon trap -34 fr.pc 0x00000000028583a0
Event: 3.963 Thread 0x000000000a7a0800 Uncommon trap -83 fr.pc 0x0000000002835684
Event: 4.122 Thread 0x000000000a7a0800 Uncommon trap -75 fr.pc 0x00000000028b8aac

Internal exceptions (10 events):
Event: 3.128 Thread 0x00000000025ce800 Threw 0x00000000eb2ef300 at C:\jdk7u2_64p\jdk7u13\hotspot\src\share\vm\prims\jvm.cpp:1166
Event: 3.154 Thread 0x000000000a796800 Threw 0x00000000eb49efb8 at C:\jdk7u2_64p\jdk7u13\hotspot\src\share\vm\prims\jvm.cpp:1166
Event: 3.622 Thread 0x00000000025ce800 Threw 0x00000000ec81e868 at C:\jdk7u2_64p\jdk7u13\hotspot\src\share\vm\prims\jvm.cpp:1166
Event: 3.627 Thread 0x00000000025ce800 Threw 0x00000000ec83b938 at C:\jdk7u2_64p\jdk7u13\hotspot\src\share\vm\prims\jvm.cpp:1166
Event: 3.629 Thread 0x00000000025ce800 Threw 0x00000000ec845d30 at C:\jdk7u2_64p\jdk7u13\hotspot\src\share\vm\prims\jvm.cpp:1166
Event: 3.734 Thread 0x000000000a796800 Threw 0x00000000eaf072a8 at C:\jdk7u2_64p\jdk7u13\hotspot\src\share\vm\prims\jvm.cpp:1166
Event: 3.752 Thread 0x000000000a7a0800 Implicit null exception at 0x0000000002884d8c to 0x0000000002885649
Event: 3.757 Thread 0x000000000a7a0800 Threw 0x00000000eb06c4c0 at C:\jdk7u2_64p\jdk7u13\hotspot\src\share\vm\prims\jvm.cpp:1166
Event: 3.815 Thread 0x00000000025ce800 Threw 0x00000000eb1d23b8 at C:\jdk7u2_64p\jdk7u13\hotspot\src\share\vm\prims\jvm.cpp:1166
Event: 3.973 Thread 0x000000000a79f000 Threw 0x00000000eb823cc0 at C:\jdk7u2_64p\jdk7u13\hotspot\src\share\vm\prims\jvm.cpp:1166

Events (10 events):
Event: 3.832 Thread 0x000000000a7a0800 DEOPT PACKING pc=0x000000000287af4c sp=0x000000000ad6ed90
Event: 3.832 Thread 0x000000000a7a0800 DEOPT UNPACKING pc=0x0000000002809164 sp=0x000000000ad6ed50 mode 2
Event: 3.839 Thread 0x000000000a7a0800 DEOPT PACKING pc=0x00000000028583a0 sp=0x000000000ad6e710
Event: 3.839 Thread 0x000000000a7a0800 DEOPT UNPACKING pc=0x0000000002809164 sp=0x000000000ad6e6b8 mode 2
Event: 3.963 Thread 0x000000000a7a0800 DEOPT PACKING pc=0x0000000002835684 sp=0x000000000ad6e940
Event: 3.963 Thread 0x000000000a7a0800 DEOPT UNPACKING pc=0x0000000002809164 sp=0x000000000ad6e8e0 mode 2
Event: 3.972 loading class 0x000000000a6fb270
Event: 3.973 loading class 0x000000000a6fb270 done
Event: 4.122 Thread 0x000000000a7a0800 DEOPT PACKING pc=0x00000000028b8aac sp=0x000000000ad6ee40
Event: 4.122 Thread 0x000000000a7a0800 DEOPT UNPACKING pc=0x0000000002809164 sp=0x000000000ad6edc0 mode 2


Dynamic libraries:
0x00007ff630190000 - 0x00007ff6301c3000 	C:\Program Files\Java\jdk1.7.0_13\bin\java.exe
0x00007ffb93c50000 - 0x00007ffb93e11000 	C:\WINDOWS\SYSTEM32\ntdll.dll
0x00007ffb91860000 - 0x00007ffb9190d000 	C:\WINDOWS\system32\KERNEL32.DLL
0x00007ffb90750000 - 0x00007ffb90938000 	C:\WINDOWS\system32\KERNELBASE.dll
0x00007ffb931d0000 - 0x00007ffb93277000 	C:\WINDOWS\system32\ADVAPI32.dll
0x00007ffb910c0000 - 0x00007ffb9115d000 	C:\WINDOWS\system32\msvcrt.dll
0x00007ffb91060000 - 0x00007ffb910bb000 	C:\WINDOWS\system32\sechost.dll
0x00007ffb93280000 - 0x00007ffb9339c000 	C:\WINDOWS\system32\RPCRT4.dll
0x00007ffb93920000 - 0x00007ffb93a76000 	C:\WINDOWS\system32\USER32.dll
0x00007ffb90ed0000 - 0x00007ffb91056000 	C:\WINDOWS\system32\GDI32.dll
0x00007ffb8ad00000 - 0x00007ffb8af74000 	C:\WINDOWS\WinSxS\amd64_microsoft.windows.common-controls_6595b64144ccf1df_6.0.10586.494_none_a2d8b04ea53e3145\COMCTL32.dll
0x00007ffb91420000 - 0x00007ffb9169d000 	C:\WINDOWS\system32\combase.dll
0x00007ffb90940000 - 0x00007ffb909aa000 	C:\WINDOWS\system32\bcryptPrimitives.dll
0x00007ffb90e90000 - 0x00007ffb90ecb000 	C:\WINDOWS\system32\IMM32.DLL
0x0000000064490000 - 0x0000000064561000 	C:\Program Files\Java\jdk1.7.0_13\jre\bin\msvcr100.dll
0x0000000064ad0000 - 0x00000000651ef000 	C:\Program Files\Java\jdk1.7.0_13\jre\bin\server\jvm.dll
0x00007ffb90c80000 - 0x00007ffb90ca3000 	C:\WINDOWS\system32\WINMM.dll
0x00007ffb90080000 - 0x00007ffb900ac000 	C:\WINDOWS\system32\WINMMBASE.dll
0x00007ffb90a40000 - 0x00007ffb90a83000 	C:\WINDOWS\system32\cfgmgr32.dll
0x00007ffb93410000 - 0x00007ffb93418000 	C:\WINDOWS\system32\PSAPI.DLL
0x00007ffb77750000 - 0x00007ffb77759000 	C:\WINDOWS\SYSTEM32\WSOCK32.dll
0x00007ffb933a0000 - 0x00007ffb9340b000 	C:\WINDOWS\system32\WS2_32.dll
0x0000000065970000 - 0x000000006597f000 	C:\Program Files\Java\jdk1.7.0_13\jre\bin\verify.dll
0x0000000065940000 - 0x0000000065968000 	C:\Program Files\Java\jdk1.7.0_13\jre\bin\java.dll
0x0000000065920000 - 0x0000000065935000 	C:\Program Files\Java\jdk1.7.0_13\jre\bin\zip.dll

VM Arguments:
jvm_args: -Djava.awt.headless=true -Xmx1024M -Dfile.encoding=GBK -Duser.country=CN -Duser.language=zh -Duser.variant 
java_command: com.android.dx.command.Main --dex --force-jumbo --num-threads=4 --output H:\AndroidProject\UseBaiduMap\app\build\intermediates\pre-dexed\debug\main_053c19fed1caaef75420876c86bd3ef8c026449c.jar H:\AndroidProject\UseBaiduMap\app\build\intermediates\transforms\instantRun\debug\folders\1\5\main
Launcher Type: SUN_STANDARD

Environment Variables:
JAVA_HOME=C:\Program Files\Java\jdk1.7.0_13
PATH=C:\Program Files\Java\jdk1.7.0_13\bin;C:\Program Files\Java\jdk1.7.0_13\jre\bin;C:\WINDOWS\system32;C:\WINDOWS;C:\WINDOWS\System32\Wbem;C:\WINDOWS\System32\WindowsPowerShell\v1.0\;C:\Program Files (x86)\NVIDIA Corporation\PhysX\Common;F:\matlab\bin\win32;f:\Program Files\MATLAB\R2014a\runtime\win64;f:\Program Files\MATLAB\R2014a\bin;f:\Program Files\MATLAB\R2014a\polyspace\bin;E:\Program Files (x86)\adt-bundle-windows-x86_64-20140702\sdk\platform-tools
USERNAME=Administrator
OS=Windows_NT
PROCESSOR_IDENTIFIER=Intel64 Family 6 Model 58 Stepping 9, GenuineIntel



---------------  S Y S T E M  ---------------

OS: Windows 8 , 64 bit Build 9200 

CPU:total 4 (2 cores per cpu, 2 threads per core) family 6 model 58 stepping 9, cmov, cx8, fxsr, mmx, sse, sse2, sse3, ssse3, sse4.1, sse4.2, popcnt, avx, ht, tsc, tscinvbit, tscinv

Memory: 4k page, physical 8337772k(2118028k free), swap 8337772k(5132k free)

vm_info: Java HotSpot(TM) 64-Bit Server VM (23.7-b01) for windows-amd64 JRE (1.7.0_13-b20), built on Jan 30 2013 10:10:00 by "java_re" with unknown MS VC++:1600

time: Sun Jul 31 21:05:26 2016
elapsed time: 4 seconds

