#
# There is insufficient memory for the Java Runtime Environment to continue.
# Native memory allocation (malloc) failed to allocate 53776 bytes for Chunk::new
# Possible reasons:
#   The system is out of physical RAM or swap space
#   In 32 bit mode, the process size limit was hit
# Possible solutions:
#   Reduce memory load on the system
#   Increase physical memory or swap space
#   Check if swap backing store is full
#   Use 64 bit Java on a 64 bit OS
#   Decrease Java heap size (-Xmx/-Xms)
#   Decrease number of Java threads
#   Decrease Java thread stack sizes (-Xss)
#   Set larger code cache with -XX:ReservedCodeCacheSize=
# This output file may be truncated or incomplete.
#
#  Out of Memory Error (allocation.cpp:328), pid=9424, tid=7188
#
# JRE version: 7.0_13-b20
# Java VM: Java HotSpot(TM) 64-Bit Server VM (23.7-b01 mixed mode windows-amd64 compressed oops)
# Failed to write core dump. Minidumps are not enabled by default on client versions of Windows
#

---------------  T H R E A D  ---------------

Current thread (0x0000000008cc2000):  JavaThread "C2 CompilerThread1" daemon [_thread_in_native, id=7188, stack(0x000000000a380000,0x000000000a480000)]

Stack: [0x000000000a380000,0x000000000a480000]
[error occurred during error reporting (printing stack bounds), id 0xc0000005]


[error occurred during error reporting (printing native stack), id 0xc0000005]


Current CompileTask:
C2:   5849  823   !         com.android.dx.dex.code.OutputFinisher::fixBranches (234 bytes)


---------------  P R O C E S S  ---------------

Java Threads: ( => current thread )
  0x0000000008cdf800 JavaThread "Service Thread" daemon [_thread_blocked, id=9064, stack(0x000000000a480000,0x000000000a580000)]
=>0x0000000008cc2000 JavaThread "C2 CompilerThread1" daemon [_thread_in_native, id=7188, stack(0x000000000a380000,0x000000000a480000)]
  0x0000000008cc0800 JavaThread "C2 CompilerThread0" daemon [_thread_in_native, id=9716, stack(0x000000000a280000,0x000000000a380000)]
  0x0000000008cbf000 JavaThread "Attach Listener" daemon [_thread_blocked, id=8068, stack(0x000000000a180000,0x000000000a280000)]
  0x0000000008c9a000 JavaThread "Signal Dispatcher" daemon [_thread_blocked, id=4884, stack(0x000000000a080000,0x000000000a180000)]
  0x0000000008c31000 JavaThread "Finalizer" daemon [_thread_blocked, id=9712, stack(0x0000000009f80000,0x000000000a080000)]
  0x0000000008c2d800 JavaThread "Reference Handler" daemon [_thread_blocked, id=5188, stack(0x0000000009e80000,0x0000000009f80000)]
  0x00000000026ce800 JavaThread "main" [_thread_in_Java, id=1192, stack(0x0000000002590000,0x0000000002690000)]

Other Threads:
  0x0000000008c26000 VMThread [stack: 0x0000000009d80000,0x0000000009e80000] [id=3744]
  0x0000000008d2a000 WatcherThread [stack: 0x000000000a580000,0x000000000a680000] [id=3120]

VM state:not at safepoint (normal execution)

VM Mutex/Monitor currently owned by a thread: None

Heap
 PSYoungGen      total 278464K, used 56927K [0x00000000eaab0000, 0x00000000ff230000, 0x0000000100000000)
  eden space 247296K, 10% used [0x00000000eaab0000,0x00000000ec3dc058,0x00000000f9c30000)
  from space 31168K, 99% used [0x00000000fc300000,0x00000000fe16bf28,0x00000000fe170000)
  to   space 39744K, 0% used [0x00000000f9c30000,0x00000000f9c30000,0x00000000fc300000)
 ParOldGen       total 86912K, used 47786K [0x00000000c0000000, 0x00000000c54e0000, 0x00000000eaab0000)
  object space 86912K, 54% used [0x00000000c0000000,0x00000000c2eaa9b8,0x00000000c54e0000)
 PSPermGen       total 21248K, used 6468K [0x00000000bae00000, 0x00000000bc2c0000, 0x00000000c0000000)
  object space 21248K, 30% used [0x00000000bae00000,0x00000000bb451080,0x00000000bc2c0000)

Card table byte_map: [0x0000000005890000,0x0000000005ac0000] byte_map_base: 0x00000000052b9000

Polling page: 0x0000000000a40000

Code Cache  [0x00000000027d0000, 0x0000000002ab0000, 0x00000000057d0000)
 total_blobs=1042 nmethods=803 adapters=188 free_code_cache=46239Kb largest_free_block=47318336

Compilation events (10 events):
Event: 5.810 Thread 0x0000000008cc0800  819             com.android.dx.dex.code.OutputFinisher::align64bits (247 bytes)
Event: 5.812 Thread 0x0000000008cc2000  820             com.android.dx.dex.code.Dop::getOpcode (5 bytes)
Event: 5.812 Thread 0x0000000008cc2000 nmethod 820 0x0000000002aa2fd0 code [0x0000000002aa3100, 0x0000000002aa3158]
Event: 5.822 Thread 0x0000000008cc0800 nmethod 819 0x0000000002aae790 code [0x0000000002aae980, 0x0000000002aaf080]
Event: 5.831 Thread 0x0000000008cc2000  821             com.android.dx.dex.code.OutputFinisher::findOpcodeForInsn (51 bytes)
Event: 5.833 Thread 0x0000000008cc2000 nmethod 821 0x0000000002aa2c90 code [0x0000000002aa2de0, 0x0000000002aa2ec8]
Event: 5.834 Thread 0x0000000008cc0800  822             com.android.dx.dex.code.OutputFinisher::assignAddresses (51 bytes)
Event: 5.834 Thread 0x0000000008cc2000  823   !         com.android.dx.dex.code.OutputFinisher::fixBranches (234 bytes)
Event: 5.836 Thread 0x0000000008cc0800 nmethod 822 0x0000000002aacd10 code [0x0000000002aace60, 0x0000000002aad018]
Event: 5.836 Thread 0x0000000008cc0800  824             com.android.dx.dex.code.PositionList::make (224 bytes)

GC Heap History (10 events):
Event: 3.005 GC heap before
{Heap before GC invocations=4 (full 0):
 PSYoungGen      total 38016K, used 37991K [0x00000000eaab0000, 0x00000000ef4f0000, 0x0000000100000000)
  eden space 32640K, 100% used [0x00000000eaab0000,0x00000000eca90000,0x00000000eca90000)
  from space 5376K, 99% used [0x00000000eca90000,0x00000000ecfc9e88,0x00000000ecfd0000)
  to   space 5376K, 0% used [0x00000000eefb0000,0x00000000eefb0000,0x00000000ef4f0000)
 ParOldGen       total 86912K, used 7360K [0x00000000c0000000, 0x00000000c54e0000, 0x00000000eaab0000)
  object space 86912K, 8% used [0x00000000c0000000,0x00000000c0730118,0x00000000c54e0000)
 PSPermGen       total 21248K, used 6131K [0x00000000bae00000, 0x00000000bc2c0000, 0x00000000c0000000)
  object space 21248K, 28% used [0x00000000bae00000,0x00000000bb3fcd98,0x00000000bc2c0000)
Event: 3.022 GC heap after
Heap after GC invocations=4 (full 0):
 PSYoungGen      total 70656K, used 5348K [0x00000000eaab0000, 0x00000000ef4f0000, 0x0000000100000000)
  eden space 65280K, 0% used [0x00000000eaab0000,0x00000000eaab0000,0x00000000eea70000)
  from space 5376K, 99% used [0x00000000eefb0000,0x00000000ef4e9370,0x00000000ef4f0000)
  to   space 5376K, 0% used [0x00000000eea70000,0x00000000eea70000,0x00000000eefb0000)
 ParOldGen       total 86912K, used 13120K [0x00000000c0000000, 0x00000000c54e0000, 0x00000000eaab0000)
  object space 86912K, 15% used [0x00000000c0000000,0x00000000c0cd0330,0x00000000c54e0000)
 PSPermGen       total 21248K, used 6131K [0x00000000bae00000, 0x00000000bc2c0000, 0x00000000c0000000)
  object space 21248K, 28% used [0x00000000bae00000,0x00000000bb3fcd98,0x00000000bc2c0000)
}
Event: 3.517 GC heap before
{Heap before GC invocations=5 (full 0):
 PSYoungGen      total 70656K, used 70628K [0x00000000eaab0000, 0x00000000ef4f0000, 0x0000000100000000)
  eden space 65280K, 100% used [0x00000000eaab0000,0x00000000eea70000,0x00000000eea70000)
  from space 5376K, 99% used [0x00000000eefb0000,0x00000000ef4e9370,0x00000000ef4f0000)
  to   space 5376K, 0% used [0x00000000eea70000,0x00000000eea70000,0x00000000eefb0000)
 ParOldGen       total 86912K, used 13120K [0x00000000c0000000, 0x00000000c54e0000, 0x00000000eaab0000)
  object space 86912K, 15% used [0x00000000c0000000,0x00000000c0cd0330,0x00000000c54e0000)
 PSPermGen       total 21248K, used 6178K [0x00000000bae00000, 0x00000000bc2c0000, 0x00000000c0000000)
  object space 21248K, 29% used [0x00000000bae00000,0x00000000bb408b88,0x00000000bc2c0000)
Event: 3.554 GC heap after
Heap after GC invocations=5 (full 0):
 PSYoungGen      total 70656K, used 5348K [0x00000000eaab0000, 0x00000000f4bf0000, 0x0000000100000000)
  eden space 65280K, 0% used [0x00000000eaab0000,0x00000000eaab0000,0x00000000eea70000)
  from space 5376K, 99% used [0x00000000eea70000,0x00000000eefa9350,0x00000000eefb0000)
  to   space 17280K, 0% used [0x00000000f3b10000,0x00000000f3b10000,0x00000000f4bf0000)
 ParOldGen       total 86912K, used 23907K [0x00000000c0000000, 0x00000000c54e0000, 0x00000000eaab0000)
  object space 86912K, 27% used [0x00000000c0000000,0x00000000c1758f48,0x00000000c54e0000)
 PSPermGen       total 21248K, used 6178K [0x00000000bae00000, 0x00000000bc2c0000, 0x00000000c0000000)
  object space 21248K, 29% used [0x00000000bae00000,0x00000000bb408b88,0x00000000bc2c0000)
}
Event: 3.895 GC heap before
{Heap before GC invocations=6 (full 0):
 PSYoungGen      total 70656K, used 70628K [0x00000000eaab0000, 0x00000000f4bf0000, 0x0000000100000000)
  eden space 65280K, 100% used [0x00000000eaab0000,0x00000000eea70000,0x00000000eea70000)
  from space 5376K, 99% used [0x00000000eea70000,0x00000000eefa9350,0x00000000eefb0000)
  to   space 17280K, 0% used [0x00000000f3b10000,0x00000000f3b10000,0x00000000f4bf0000)
 ParOldGen       total 86912K, used 23907K [0x00000000c0000000, 0x00000000c54e0000, 0x00000000eaab0000)
  object space 86912K, 27% used [0x00000000c0000000,0x00000000c1758f48,0x00000000c54e0000)
 PSPermGen       total 21248K, used 6200K [0x00000000bae00000, 0x00000000bc2c0000, 0x00000000c0000000)
  object space 21248K, 29% used [0x00000000bae00000,0x00000000bb40e2c0,0x00000000bc2c0000)
Event: 3.919 GC heap after
Heap after GC invocations=6 (full 0):
 PSYoungGen      total 145216K, used 16745K [0x00000000eaab0000, 0x00000000f5110000, 0x0000000100000000)
  eden space 127936K, 0% used [0x00000000eaab0000,0x00000000eaab0000,0x00000000f27a0000)
  from space 17280K, 96% used [0x00000000f3b10000,0x00000000f4b6a780,0x00000000f4bf0000)
  to   space 19904K, 0% used [0x00000000f27a0000,0x00000000f27a0000,0x00000000f3b10000)
 ParOldGen       total 86912K, used 23907K [0x00000000c0000000, 0x00000000c54e0000, 0x00000000eaab0000)
  object space 86912K, 27% used [0x00000000c0000000,0x00000000c1758f48,0x00000000c54e0000)
 PSPermGen       total 21248K, used 6200K [0x00000000bae00000, 0x00000000bc2c0000, 0x00000000c0000000)
  object space 21248K, 29% used [0x00000000bae00000,0x00000000bb40e2c0,0x00000000bc2c0000)
}
Event: 4.529 GC heap before
{Heap before GC invocations=7 (full 0):
 PSYoungGen      total 145216K, used 144681K [0x00000000eaab0000, 0x00000000f5110000, 0x0000000100000000)
  eden space 127936K, 100% used [0x00000000eaab0000,0x00000000f27a0000,0x00000000f27a0000)
  from space 17280K, 96% used [0x00000000f3b10000,0x00000000f4b6a780,0x00000000f4bf0000)
  to   space 19904K, 0% used [0x00000000f27a0000,0x00000000f27a0000,0x00000000f3b10000)
 ParOldGen       total 86912K, used 23907K [0x00000000c0000000, 0x00000000c54e0000, 0x00000000eaab0000)
  object space 86912K, 27% used [0x00000000c0000000,0x00000000c1758f48,0x00000000c54e0000)
 PSPermGen       total 21248K, used 6268K [0x00000000bae00000, 0x00000000bc2c0000, 0x00000000c0000000)
  object space 21248K, 29% used [0x00000000bae00000,0x00000000bb41f198,0x00000000bc2c0000)
Event: 4.587 GC heap after
Heap after GC invocations=7 (full 0):
 PSYoungGen      total 147840K, used 19873K [0x00000000eaab0000, 0x00000000fe170000, 0x0000000100000000)
  eden space 127936K, 0% used [0x00000000eaab0000,0x00000000eaab0000,0x00000000f27a0000)
  from space 19904K, 99% used [0x00000000f27a0000,0x00000000f3b086e8,0x00000000f3b10000)
  to   space 31168K, 0% used [0x00000000fc300000,0x00000000fc300000,0x00000000fe170000)
 ParOldGen       total 86912K, used 40064K [0x00000000c0000000, 0x00000000c54e0000, 0x00000000eaab0000)
  object space 86912K, 46% used [0x00000000c0000000,0x00000000c2720140,0x00000000c54e0000)
 PSPermGen       total 21248K, used 6268K [0x00000000bae00000, 0x00000000bc2c0000, 0x00000000c0000000)
  object space 21248K, 29% used [0x00000000bae00000,0x00000000bb41f198,0x00000000bc2c0000)
}
Event: 4.976 GC heap before
{Heap before GC invocations=8 (full 0):
 PSYoungGen      total 147840K, used 147809K [0x00000000eaab0000, 0x00000000fe170000, 0x0000000100000000)
  eden space 127936K, 100% used [0x00000000eaab0000,0x00000000f27a0000,0x00000000f27a0000)
  from space 19904K, 99% used [0x00000000f27a0000,0x00000000f3b086e8,0x00000000f3b10000)
  to   space 31168K, 0% used [0x00000000fc300000,0x00000000fc300000,0x00000000fe170000)
 ParOldGen       total 86912K, used 40064K [0x00000000c0000000, 0x00000000c54e0000, 0x00000000eaab0000)
  object space 86912K, 46% used [0x00000000c0000000,0x00000000c2720140,0x00000000c54e0000)
 PSPermGen       total 21248K, used 6291K [0x00000000bae00000, 0x00000000bc2c0000, 0x00000000c0000000)
  object space 21248K, 29% used [0x00000000bae00000,0x00000000bb424ec8,0x00000000bc2c0000)
Event: 5.032 GC heap after
Heap after GC invocations=8 (full 0):
 PSYoungGen      total 278464K, used 31151K [0x00000000eaab0000, 0x00000000ff230000, 0x0000000100000000)
  eden space 247296K, 0% used [0x00000000eaab0000,0x00000000eaab0000,0x00000000f9c30000)
  from space 31168K, 99% used [0x00000000fc300000,0x00000000fe16bf28,0x00000000fe170000)
  to   space 39744K, 0% used [0x00000000f9c30000,0x00000000f9c30000,0x00000000fc300000)
 ParOldGen       total 86912K, used 47786K [0x00000000c0000000, 0x00000000c54e0000, 0x00000000eaab0000)
  object space 86912K, 54% used [0x00000000c0000000,0x00000000c2eaa9b8,0x00000000c54e0000)
 PSPermGen       total 21248K, used 6291K [0x00000000bae00000, 0x00000000bc2c0000, 0x00000000c0000000)
  object space 21248K, 29% used [0x00000000bae00000,0x00000000bb424ec8,0x00000000bc2c0000)
}

Deoptimization events (10 events):
Event: 4.267 Thread 0x000000000a7d4800 Uncommon trap -34 fr.pc 0x0000000002a080b0
Event: 4.274 Thread 0x000000000a7d4800 Uncommon trap -58 fr.pc 0x00000000029255dc
Event: 4.292 Thread 0x000000000a7d5000 Uncommon trap -58 fr.pc 0x0000000002a16b3c
Event: 4.383 Thread 0x000000000a7d4800 Uncommon trap -58 fr.pc 0x0000000002a72100
Event: 4.383 Thread 0x000000000a7d4800 Uncommon trap -58 fr.pc 0x0000000002a72100
Event: 4.733 Thread 0x00000000026ce800 Uncommon trap -83 fr.pc 0x00000000028ed73c
Event: 4.834 Thread 0x000000000a904000 Uncommon trap -83 fr.pc 0x00000000029ba688
Event: 5.617 Thread 0x00000000026ce800 Uncommon trap -58 fr.pc 0x0000000002aa9e90
Event: 5.725 Thread 0x00000000026ce800 Uncommon trap -122 fr.pc 0x00000000029ca710
Event: 5.809 Thread 0x00000000026ce800 Uncommon trap -83 fr.pc 0x0000000002aa5fec

Internal exceptions (10 events):
Event: 5.672 Thread 0x00000000026ce800 Threw 0x00000000ec2a6558 at C:\jdk7u2_64p\jdk7u13\hotspot\src\share\vm\prims\jvm.cpp:1166
Event: 5.672 Thread 0x00000000026ce800 Threw 0x00000000ec2ab398 at C:\jdk7u2_64p\jdk7u13\hotspot\src\share\vm\prims\jvm.cpp:1166
Event: 5.673 Thread 0x00000000026ce800 Threw 0x00000000ec2b1580 at C:\jdk7u2_64p\jdk7u13\hotspot\src\share\vm\prims\jvm.cpp:1166
Event: 5.674 Thread 0x00000000026ce800 Threw 0x00000000ec2b4118 at C:\jdk7u2_64p\jdk7u13\hotspot\src\share\vm\prims\jvm.cpp:1166
Event: 5.675 Thread 0x00000000026ce800 Threw 0x00000000ec2b8ba8 at C:\jdk7u2_64p\jdk7u13\hotspot\src\share\vm\prims\jvm.cpp:1166
Event: 5.678 Thread 0x00000000026ce800 Threw 0x00000000ec2bceb8 at C:\jdk7u2_64p\jdk7u13\hotspot\src\share\vm\prims\jvm.cpp:1166
Event: 5.726 Thread 0x00000000026ce800 Threw 0x00000000ec2dcb28 at C:\jdk7u2_64p\jdk7u13\hotspot\src\share\vm\prims\jvm.cpp:1166
Event: 5.728 Thread 0x00000000026ce800 Threw 0x00000000ec2df808 at C:\jdk7u2_64p\jdk7u13\hotspot\src\share\vm\prims\jvm.cpp:1166
Event: 5.728 Thread 0x00000000026ce800 Threw 0x00000000ec2e2978 at C:\jdk7u2_64p\jdk7u13\hotspot\src\share\vm\prims\jvm.cpp:1166
Event: 5.764 Thread 0x00000000026ce800 Threw 0x00000000ec30afe8 at C:\jdk7u2_64p\jdk7u13\hotspot\src\share\vm\prims\jvm.cpp:1166

Events (10 events):
Event: 5.726 loading class 0x000000000a802aa0
Event: 5.726 loading class 0x000000000a802aa0 done
Event: 5.728 loading class 0x000000000a87b130
Event: 5.728 loading class 0x000000000a87b130 done
Event: 5.728 loading class 0x000000000a6e5820
Event: 5.728 loading class 0x000000000a6e5820 done
Event: 5.764 loading class 0x000000000a86d330
Event: 5.764 loading class 0x000000000a86d330 done
Event: 5.809 Thread 0x00000000026ce800 DEOPT PACKING pc=0x0000000002aa5fec sp=0x000000000268f140
Event: 5.809 Thread 0x00000000026ce800 DEOPT UNPACKING pc=0x0000000002809164 sp=0x000000000268f0e0 mode 2


Dynamic libraries:
0x00007ff630190000 - 0x00007ff6301c3000 	C:\Program Files\Java\jdk1.7.0_13\bin\java.exe
0x00007ffb93c50000 - 0x00007ffb93e11000 	C:\WINDOWS\SYSTEM32\ntdll.dll
0x00007ffb91860000 - 0x00007ffb9190d000 	C:\WINDOWS\system32\KERNEL32.DLL
0x00007ffb90750000 - 0x00007ffb90938000 	C:\WINDOWS\system32\KERNELBASE.dll
0x00007ffb931d0000 - 0x00007ffb93277000 	C:\WINDOWS\system32\ADVAPI32.dll
0x00007ffb910c0000 - 0x00007ffb9115d000 	C:\WINDOWS\system32\msvcrt.dll
0x00007ffb91060000 - 0x00007ffb910bb000 	C:\WINDOWS\system32\sechost.dll
0x00007ffb93280000 - 0x00007ffb9339c000 	C:\WINDOWS\system32\RPCRT4.dll
0x00007ffb93920000 - 0x00007ffb93a76000 	C:\WINDOWS\system32\USER32.dll
0x00007ffb90ed0000 - 0x00007ffb91056000 	C:\WINDOWS\system32\GDI32.dll
0x00007ffb8ad00000 - 0x00007ffb8af74000 	C:\WINDOWS\WinSxS\amd64_microsoft.windows.common-controls_6595b64144ccf1df_6.0.10586.494_none_a2d8b04ea53e3145\COMCTL32.dll
0x00007ffb91420000 - 0x00007ffb9169d000 	C:\WINDOWS\system32\combase.dll
0x00007ffb90940000 - 0x00007ffb909aa000 	C:\WINDOWS\system32\bcryptPrimitives.dll
0x00007ffb90e90000 - 0x00007ffb90ecb000 	C:\WINDOWS\system32\IMM32.DLL
0x0000000064490000 - 0x0000000064561000 	C:\Program Files\Java\jdk1.7.0_13\jre\bin\msvcr100.dll
0x0000000064ad0000 - 0x00000000651ef000 	C:\Program Files\Java\jdk1.7.0_13\jre\bin\server\jvm.dll
0x00007ffb90c80000 - 0x00007ffb90ca3000 	C:\WINDOWS\system32\WINMM.dll
0x00007ffb90080000 - 0x00007ffb900ac000 	C:\WINDOWS\system32\WINMMBASE.dll
0x00007ffb90a40000 - 0x00007ffb90a83000 	C:\WINDOWS\system32\cfgmgr32.dll
0x00007ffb93410000 - 0x00007ffb93418000 	C:\WINDOWS\system32\PSAPI.DLL
0x00007ffb77750000 - 0x00007ffb77759000 	C:\WINDOWS\SYSTEM32\WSOCK32.dll
0x00007ffb933a0000 - 0x00007ffb9340b000 	C:\WINDOWS\system32\WS2_32.dll
0x0000000065970000 - 0x000000006597f000 	C:\Program Files\Java\jdk1.7.0_13\jre\bin\verify.dll
0x0000000065940000 - 0x0000000065968000 	C:\Program Files\Java\jdk1.7.0_13\jre\bin\java.dll
0x0000000065920000 - 0x0000000065935000 	C:\Program Files\Java\jdk1.7.0_13\jre\bin\zip.dll
0x0000000065900000 - 0x0000000065919000 	C:\Program Files\Java\jdk1.7.0_13\jre\bin\net.dll
0x00007ffb8f910000 - 0x00007ffb8f96c000 	C:\WINDOWS\system32\mswsock.dll
0x00000000658e0000 - 0x00000000658f1000 	C:\Program Files\Java\jdk1.7.0_13\jre\bin\nio.dll

VM Arguments:
jvm_args: -Djava.awt.headless=true -Xmx1024M -Dfile.encoding=GBK -Duser.country=CN -Duser.language=zh -Duser.variant 
java_command: com.android.dx.command.Main --dex --force-jumbo --num-threads=4 --output H:\AndroidProject\UseBaiduMap\app\build\intermediates\pre-dexed\debug\com.android.support-support-v4-23.4.0_88d1f751972748aecaece038585cb8bd9792ab2e.jar H:\AndroidProject\UseBaiduMap\app\build\intermediates\exploded-aar\com.android.support\support-v4\23.4.0\jars\classes.jar
Launcher Type: SUN_STANDARD

Environment Variables:
JAVA_HOME=C:\Program Files\Java\jdk1.7.0_13
PATH=C:\Program Files\Java\jdk1.7.0_13\bin;C:\Program Files\Java\jdk1.7.0_13\jre\bin;C:\WINDOWS\system32;C:\WINDOWS;C:\WINDOWS\System32\Wbem;C:\WINDOWS\System32\WindowsPowerShell\v1.0\;C:\Program Files (x86)\NVIDIA Corporation\PhysX\Common;F:\matlab\bin\win32;f:\Program Files\MATLAB\R2014a\runtime\win64;f:\Program Files\MATLAB\R2014a\bin;f:\Program Files\MATLAB\R2014a\polyspace\bin;E:\Program Files (x86)\adt-bundle-windows-x86_64-20140702\sdk\platform-tools
USERNAME=Administrator
OS=Windows_NT
PROCESSOR_IDENTIFIER=Intel64 Family 6 Model 58 Stepping 9, GenuineIntel



---------------  S Y S T E M  ---------------

OS: Windows 8 , 64 bit Build 9200 

CPU:total 4 (2 cores per cpu, 2 threads per core) family 6 model 58 stepping 9, cmov, cx8, fxsr, mmx, sse, sse2, sse3, ssse3, sse4.1, sse4.2, popcnt, avx, ht, tsc, tscinvbit, tscinv

Memory: 4k page, physical 8337772k(2339736k free), swap 8337772k(2576k free)

vm_info: Java HotSpot(TM) 64-Bit Server VM (23.7-b01) for windows-amd64 JRE (1.7.0_13-b20), built on Jan 30 2013 10:10:00 by "java_re" with unknown MS VC++:1600

time: Sun Jul 31 19:23:44 2016
elapsed time: 5 seconds

