#
# There is insufficient memory for the Java Runtime Environment to continue.
# Native memory allocation (malloc) failed to allocate 949856 bytes for Chunk::new
# Possible reasons:
#   The system is out of physical RAM or swap space
#   In 32 bit mode, the process size limit was hit
# Possible solutions:
#   Reduce memory load on the system
#   Increase physical memory or swap space
#   Check if swap backing store is full
#   Use 64 bit Java on a 64 bit OS
#   Decrease Java heap size (-Xmx/-Xms)
#   Decrease number of Java threads
#   Decrease Java thread stack sizes (-Xss)
#   Set larger code cache with -XX:ReservedCodeCacheSize=
# This output file may be truncated or incomplete.
#
#  Out of Memory Error (allocation.cpp:328), pid=6868, tid=10856
#
# JRE version: 7.0_13-b20
# Java VM: Java HotSpot(TM) 64-Bit Server VM (23.7-b01 mixed mode windows-amd64 compressed oops)
# Failed to write core dump. Minidumps are not enabled by default on client versions of Windows
#

---------------  T H R E A D  ---------------

Current thread (0x0000000008f60000):  JavaThread "C2 CompilerThread0" daemon [_thread_in_native, id=10856, stack(0x000000000a4f0000,0x000000000a5f0000)]

Stack: [0x000000000a4f0000,0x000000000a5f0000]

Current CompileTask:
C2:   1901  240             com.android.dx.ssa.SCCP::simulateBlock (54 bytes)


---------------  P R O C E S S  ---------------

Java Threads: ( => current thread )
  0x000000000ab7c000 JavaThread "pool-1-thread-4" [_thread_blocked, id=10792, stack(0x000000000b100000,0x000000000b200000)]
  0x000000000aa30800 JavaThread "pool-1-thread-3" [_thread_in_Java, id=7460, stack(0x000000000b000000,0x000000000b100000)]
  0x000000000aab1800 JavaThread "pool-1-thread-2" [_thread_in_Java, id=4904, stack(0x000000000af00000,0x000000000b000000)]
  0x000000000aab0800 JavaThread "pool-2-thread-1" [_thread_blocked, id=9576, stack(0x000000000ae00000,0x000000000af00000)]
  0x000000000aada800 JavaThread "pool-1-thread-1" [_thread_in_Java, id=11060, stack(0x000000000ad00000,0x000000000ae00000)]
  0x0000000008f76000 JavaThread "Service Thread" daemon [_thread_blocked, id=8532, stack(0x000000000a6f0000,0x000000000a7f0000)]
  0x0000000008f6a000 JavaThread "C2 CompilerThread1" daemon [_thread_in_native, id=1588, stack(0x000000000a5f0000,0x000000000a6f0000)]
=>0x0000000008f60000 JavaThread "C2 CompilerThread0" daemon [_thread_in_native, id=10856, stack(0x000000000a4f0000,0x000000000a5f0000)]
  0x0000000008f5f000 JavaThread "Attach Listener" daemon [_thread_blocked, id=9452, stack(0x000000000a3f0000,0x000000000a4f0000)]
  0x0000000008f39800 JavaThread "Signal Dispatcher" daemon [_thread_blocked, id=10640, stack(0x000000000a2f0000,0x000000000a3f0000)]
  0x0000000008ed6800 JavaThread "Finalizer" daemon [_thread_blocked, id=7848, stack(0x000000000a1f0000,0x000000000a2f0000)]
  0x0000000008ecd800 JavaThread "Reference Handler" daemon [_thread_blocked, id=4744, stack(0x000000000a0f0000,0x000000000a1f0000)]
  0x000000000296e800 JavaThread "main" [_thread_blocked, id=10748, stack(0x0000000002810000,0x0000000002910000)]

Other Threads:
  0x0000000008ec6000 VMThread [stack: 0x0000000009ff0000,0x000000000a0f0000] [id=2472]
  0x0000000008fbd800 WatcherThread [stack: 0x000000000a7f0000,0x000000000a8f0000] [id=9932]

VM state:not at safepoint (normal execution)

VM Mutex/Monitor currently owned by a thread: None

Heap
 PSYoungGen      total 38016K, used 15847K [0x00000000eaab0000, 0x00000000ed510000, 0x0000000100000000)
  eden space 32640K, 32% used [0x00000000eaab0000,0x00000000eb4ed418,0x00000000eca90000)
  from space 5376K, 99% used [0x00000000eca90000,0x00000000ecfcc7e8,0x00000000ecfd0000)
  to   space 5376K, 0% used [0x00000000ecfd0000,0x00000000ecfd0000,0x00000000ed510000)
 ParOldGen       total 86912K, used 501K [0x00000000c0000000, 0x00000000c54e0000, 0x00000000eaab0000)
  object space 86912K, 0% used [0x00000000c0000000,0x00000000c007d630,0x00000000c54e0000)
 PSPermGen       total 21248K, used 5978K [0x00000000bae00000, 0x00000000bc2c0000, 0x00000000c0000000)
  object space 21248K, 28% used [0x00000000bae00000,0x00000000bb3d6aa8,0x00000000bc2c0000)

Card table byte_map: [0x0000000005b30000,0x0000000005d60000] byte_map_base: 0x0000000005559000

Polling page: 0x0000000000990000

Code Cache  [0x0000000002a70000, 0x0000000002ce0000, 0x0000000005a70000)
 total_blobs=478 nmethods=241 adapters=188 free_code_cache=48248Kb largest_free_block=49359808

Compilation events (10 events):
Event: 1.834 Thread 0x0000000008f60000 nmethod 236 0x0000000002b491d0 code [0x0000000002b49300, 0x0000000002b493d8]
Event: 1.834 Thread 0x0000000008f60000  237             java.util.concurrent.atomic.AtomicLong::compareAndSet (13 bytes)
Event: 1.834 Thread 0x0000000008f60000 nmethod 237 0x0000000002b4bed0 code [0x0000000002b4c000, 0x0000000002b4c058]
Event: 1.834 Thread 0x0000000008f60000  239             com.android.dx.ssa.SsaRenamer::access$000 (5 bytes)
Event: 1.834 Thread 0x0000000008f60000 nmethod 239 0x0000000002b4c2d0 code [0x0000000002b4c400, 0x0000000002b4c458]
Event: 1.834 Thread 0x0000000008f60000  240             com.android.dx.ssa.SCCP::simulateBlock (54 bytes)
Event: 1.836 Thread 0x0000000008f6a000 nmethod 219 0x0000000002b52410 code [0x0000000002b527a0, 0x0000000002b54158]
Event: 1.836 Thread 0x0000000008f6a000  241             com.android.dx.ssa.SsaMethod::buildUseList (112 bytes)
Event: 1.851 Thread 0x0000000008f6a000 nmethod 241 0x0000000002b4efd0 code [0x0000000002b4f1a0, 0x0000000002b4fc88]
Event: 1.851 Thread 0x0000000008f6a000  242             com.android.dx.ssa.SsaBasicBlock::newFromRop (183 bytes)

GC Heap History (2 events):
Event: 1.663 GC heap before
{Heap before GC invocations=1 (full 0):
 PSYoungGen      total 38016K, used 32640K [0x00000000eaab0000, 0x00000000ed510000, 0x0000000100000000)
  eden space 32640K, 100% used [0x00000000eaab0000,0x00000000eca90000,0x00000000eca90000)
  from space 5376K, 0% used [0x00000000ecfd0000,0x00000000ecfd0000,0x00000000ed510000)
  to   space 5376K, 0% used [0x00000000eca90000,0x00000000eca90000,0x00000000ecfd0000)
 ParOldGen       total 86912K, used 0K [0x00000000c0000000, 0x00000000c54e0000, 0x00000000eaab0000)
  object space 86912K, 0% used [0x00000000c0000000,0x00000000c0000000,0x00000000c54e0000)
 PSPermGen       total 21248K, used 5915K [0x00000000bae00000, 0x00000000bc2c0000, 0x00000000c0000000)
  object space 21248K, 27% used [0x00000000bae00000,0x00000000bb3c6ea8,0x00000000bc2c0000)
Event: 1.681 GC heap after
Heap after GC invocations=1 (full 0):
 PSYoungGen      total 38016K, used 5361K [0x00000000eaab0000, 0x00000000ed510000, 0x0000000100000000)
  eden space 32640K, 0% used [0x00000000eaab0000,0x00000000eaab0000,0x00000000eca90000)
  from space 5376K, 99% used [0x00000000eca90000,0x00000000ecfcc7e8,0x00000000ecfd0000)
  to   space 5376K, 0% used [0x00000000ecfd0000,0x00000000ecfd0000,0x00000000ed510000)
 ParOldGen       total 86912K, used 501K [0x00000000c0000000, 0x00000000c54e0000, 0x00000000eaab0000)
  object space 86912K, 0% used [0x00000000c0000000,0x00000000c007d630,0x00000000c54e0000)
 PSPermGen       total 21248K, used 5915K [0x00000000bae00000, 0x00000000bc2c0000, 0x00000000c0000000)
  object space 21248K, 27% used [0x00000000bae00000,0x00000000bb3c6ea8,0x00000000bc2c0000)
}

Deoptimization events (7 events):
Event: 1.184 Thread 0x000000000aa30800 Uncommon trap -34 fr.pc 0x0000000002aec4b4
Event: 1.184 Thread 0x000000000aa30800 Uncommon trap -34 fr.pc 0x0000000002aec4b4
Event: 1.184 Thread 0x000000000aa30800 Uncommon trap -34 fr.pc 0x0000000002aec4b4
Event: 1.184 Thread 0x000000000aa30800 Uncommon trap -34 fr.pc 0x0000000002aec4b4
Event: 1.234 Thread 0x000000000ab7c000 Uncommon trap -12 fr.pc 0x0000000002af6e14
Event: 1.314 Thread 0x000000000aa30800 Uncommon trap -83 fr.pc 0x0000000002afb544
Event: 1.816 Thread 0x000000000aab1800 Uncommon trap -12 fr.pc 0x0000000002b343a0

Internal exceptions (10 events):
Event: 1.001 Thread 0x000000000aa30800 Threw 0x00000000eb9dd028 at C:\jdk7u2_64p\jdk7u13\hotspot\src\share\vm\prims\jvm.cpp:1166
Event: 1.005 Thread 0x000000000aa30800 Threw 0x00000000eb9e14c8 at C:\jdk7u2_64p\jdk7u13\hotspot\src\share\vm\prims\jvm.cpp:1166
Event: 1.032 Thread 0x000000000296e800 Threw 0x00000000eb7f4bf8 at C:\jdk7u2_64p\jdk7u13\hotspot\src\share\vm\prims\jvm.cpp:1166
Event: 1.036 Thread 0x000000000296e800 Threw 0x00000000eb7fb6c0 at C:\jdk7u2_64p\jdk7u13\hotspot\src\share\vm\prims\jvm.cpp:1166
Event: 1.065 Thread 0x000000000aab1800 Threw 0x00000000eb573880 at C:\jdk7u2_64p\jdk7u13\hotspot\src\share\vm\prims\jvm.cpp:1166
Event: 1.135 Thread 0x000000000296e800 Threw 0x00000000eb80e770 at C:\jdk7u2_64p\jdk7u13\hotspot\src\share\vm\prims\jvm.cpp:1166
Event: 1.158 Thread 0x000000000aada800 Threw 0x00000000eb94b2b0 at C:\jdk7u2_64p\jdk7u13\hotspot\src\share\vm\prims\jvm.cpp:1166
Event: 1.194 Thread 0x000000000aa30800 Threw 0x00000000eba8e428 at C:\jdk7u2_64p\jdk7u13\hotspot\src\share\vm\prims\jvm.cpp:1166
Event: 1.234 Thread 0x000000000ab7c000 Implicit null exception at 0x0000000002af6a9b to 0x0000000002af6e01
Event: 1.816 Thread 0x000000000aab1800 Implicit null exception at 0x0000000002b330e4 to 0x0000000002b34369

Events (10 events):
Event: 1.314 Thread 0x000000000aa30800 DEOPT PACKING pc=0x0000000002afb544 sp=0x000000000b0fe3f0
Event: 1.314 Thread 0x000000000aa30800 DEOPT UNPACKING pc=0x0000000002aa9164 sp=0x000000000b0fe390 mode 2
Event: 1.399 loading class 0x0000000008ee6f00
Event: 1.399 loading class 0x0000000008ee6f00 done
Event: 1.400 loading class 0x0000000008ef9d40
Event: 1.400 loading class 0x0000000008ef9d40 done
Event: 1.663 Executing VM operation: ParallelGCFailedAllocation
Event: 1.681 Executing VM operation: ParallelGCFailedAllocation done
Event: 1.816 Thread 0x000000000aab1800 DEOPT PACKING pc=0x0000000002b343a0 sp=0x000000000affe9b0
Event: 1.816 Thread 0x000000000aab1800 DEOPT UNPACKING pc=0x0000000002aa9164 sp=0x000000000affe748 mode 2


Dynamic libraries:
0x00007ff7e5c30000 - 0x00007ff7e5c63000 	C:\Program Files\Java\jdk1.7.0_13\bin\java.exe
0x00007ffb14850000 - 0x00007ffb14a11000 	C:\WINDOWS\SYSTEM32\ntdll.dll
0x00007ffb130a0000 - 0x00007ffb1314d000 	C:\WINDOWS\system32\KERNEL32.DLL
0x00007ffb11150000 - 0x00007ffb11338000 	C:\WINDOWS\system32\KERNELBASE.dll
0x00007ffb14280000 - 0x00007ffb14327000 	C:\WINDOWS\system32\ADVAPI32.dll
0x00007ffb141e0000 - 0x00007ffb1427d000 	C:\WINDOWS\system32\msvcrt.dll
0x00007ffb13150000 - 0x00007ffb131ab000 	C:\WINDOWS\system32\sechost.dll
0x00007ffb13b60000 - 0x00007ffb13c7c000 	C:\WINDOWS\system32\RPCRT4.dll
0x00007ffb131b0000 - 0x00007ffb13306000 	C:\WINDOWS\system32\USER32.dll
0x00007ffb14330000 - 0x00007ffb144b6000 	C:\WINDOWS\system32\GDI32.dll
0x00007ffb0b300000 - 0x00007ffb0b574000 	C:\WINDOWS\WinSxS\amd64_microsoft.windows.common-controls_6595b64144ccf1df_6.0.10586.0_none_8c15ae12515e1c22\COMCTL32.dll
0x00007ffb13450000 - 0x00007ffb136cd000 	C:\WINDOWS\system32\combase.dll
0x00007ffb10e50000 - 0x00007ffb10eba000 	C:\WINDOWS\system32\bcryptPrimitives.dll
0x00007ffb139f0000 - 0x00007ffb13a2b000 	C:\WINDOWS\system32\IMM32.DLL
0x000000005a7c0000 - 0x000000005a891000 	C:\Program Files\Java\jdk1.7.0_13\jre\bin\msvcr100.dll
0x000000005aba0000 - 0x000000005b2bf000 	C:\Program Files\Java\jdk1.7.0_13\jre\bin\server\jvm.dll
0x00007ffb10cb0000 - 0x00007ffb10cd3000 	C:\WINDOWS\system32\WINMM.dll
0x00007ffb10c40000 - 0x00007ffb10c6c000 	C:\WINDOWS\system32\WINMMBASE.dll
0x00007ffb11a40000 - 0x00007ffb11a83000 	C:\WINDOWS\system32\cfgmgr32.dll
0x00007ffafa760000 - 0x00007ffafa769000 	C:\WINDOWS\SYSTEM32\WSOCK32.dll
0x00007ffb13c90000 - 0x00007ffb13c98000 	C:\WINDOWS\system32\PSAPI.DLL
0x00007ffb13310000 - 0x00007ffb1337b000 	C:\WINDOWS\system32\WS2_32.dll
0x000000005ba20000 - 0x000000005ba2f000 	C:\Program Files\Java\jdk1.7.0_13\jre\bin\verify.dll
0x000000005b9f0000 - 0x000000005ba18000 	C:\Program Files\Java\jdk1.7.0_13\jre\bin\java.dll
0x000000005b9d0000 - 0x000000005b9e5000 	C:\Program Files\Java\jdk1.7.0_13\jre\bin\zip.dll
0x000000005b9b0000 - 0x000000005b9c9000 	C:\Program Files\Java\jdk1.7.0_13\jre\bin\net.dll
0x00007ffb10510000 - 0x00007ffb1056c000 	C:\WINDOWS\system32\mswsock.dll
0x000000005b990000 - 0x000000005b9a1000 	C:\Program Files\Java\jdk1.7.0_13\jre\bin\nio.dll

VM Arguments:
jvm_args: -Djava.awt.headless=true -Xmx1024M -Dfile.encoding=GBK -Duser.country=CN -Duser.language=zh -Duser.variant 
java_command: com.android.dx.command.Main --dex --num-threads=4 --output H:\AndroidProject\UseBaiduMap\app\build\intermediates\pre-dexed\debug\internal_impl-23.4.0_8b6439c1c00296b310921a70d9504e5f3457e2ac.jar H:\AndroidProject\UseBaiduMap\app\build\intermediates\exploded-aar\com.android.support\support-v4\23.4.0\jars\libs\internal_impl-23.4.0.jar
Launcher Type: SUN_STANDARD

Environment Variables:
JAVA_HOME=C:\Program Files\Java\jdk1.7.0_13
PATH=C:\Program Files\Java\jdk1.7.0_13\bin;C:\Program Files\Java\jdk1.7.0_13\jre\bin;C:\WINDOWS\system32;C:\WINDOWS;C:\WINDOWS\System32\Wbem;C:\WINDOWS\System32\WindowsPowerShell\v1.0\;C:\Program Files (x86)\NVIDIA Corporation\PhysX\Common;F:\matlab\bin\win32;f:\Program Files\MATLAB\R2014a\runtime\win64;f:\Program Files\MATLAB\R2014a\bin;f:\Program Files\MATLAB\R2014a\polyspace\bin;E:\Program Files (x86)\adt-bundle-windows-x86_64-20140702\sdk\platform-tools
USERNAME=Administrator
OS=Windows_NT
PROCESSOR_IDENTIFIER=Intel64 Family 6 Model 58 Stepping 9, GenuineIntel



---------------  S Y S T E M  ---------------

OS: Windows 8 , 64 bit Build 9200 

CPU:total 4 (2 cores per cpu, 2 threads per core) family 6 model 58 stepping 9, cmov, cx8, fxsr, mmx, sse, sse2, sse3, ssse3, sse4.1, sse4.2, popcnt, avx, ht, tsc, tscinvbit, tscinv

Memory: 4k page, physical 8337772k(1892496k free), swap 8337772k(7688k free)

vm_info: Java HotSpot(TM) 64-Bit Server VM (23.7-b01) for windows-amd64 JRE (1.7.0_13-b20), built on Jan 30 2013 10:10:00 by "java_re" with unknown MS VC++:1600

time: Sun Jun 26 13:06:12 2016
elapsed time: 1 seconds

