#
# There is insufficient memory for the Java Runtime Environment to continue.
# Native memory allocation (malloc) failed to allocate 1116816 bytes for Chunk::new
# Possible reasons:
#   The system is out of physical RAM or swap space
#   In 32 bit mode, the process size limit was hit
# Possible solutions:
#   Reduce memory load on the system
#   Increase physical memory or swap space
#   Check if swap backing store is full
#   Use 64 bit Java on a 64 bit OS
#   Decrease Java heap size (-Xmx/-Xms)
#   Decrease number of Java threads
#   Decrease Java thread stack sizes (-Xss)
#   Set larger code cache with -XX:ReservedCodeCacheSize=
# This output file may be truncated or incomplete.
#
#  Out of Memory Error (allocation.cpp:328), pid=3848, tid=5328
#
# JRE version: 7.0_13-b20
# Java VM: Java HotSpot(TM) 64-Bit Server VM (23.7-b01 mixed mode windows-amd64 compressed oops)
# Failed to write core dump. Minidumps are not enabled by default on client versions of Windows
#

---------------  T H R E A D  ---------------

Current thread (0x0000000009552000):  JavaThread "C2 CompilerThread1" daemon [_thread_in_native, id=5328, stack(0x000000000abf0000,0x000000000acf0000)]

Stack: [0x000000000abf0000,0x000000000acf0000]

Current CompileTask:
C2:   4466  210             com.android.dx.ssa.SCCP::run (298 bytes)


---------------  P R O C E S S  ---------------

Java Threads: ( => current thread )
  0x000000000af82800 JavaThread "pool-1-thread-4" [_thread_in_Java, id=6320, stack(0x000000000b6f0000,0x000000000b7f0000)]
  0x000000000b00e800 JavaThread "pool-1-thread-3" [_thread_in_Java, id=6372, stack(0x000000000b5f0000,0x000000000b6f0000)]
  0x000000000af6d000 JavaThread "pool-1-thread-2" [_thread_in_Java, id=9244, stack(0x000000000b4f0000,0x000000000b5f0000)]
  0x000000000af6c000 JavaThread "pool-2-thread-1" [_thread_blocked, id=6308, stack(0x000000000b3f0000,0x000000000b4f0000)]
  0x00000000095ee000 JavaThread "pool-1-thread-1" [_thread_in_vm, id=10416, stack(0x000000000b2f0000,0x000000000b3f0000)]
  0x0000000009566000 JavaThread "Service Thread" daemon [_thread_blocked, id=6176, stack(0x000000000acf0000,0x000000000adf0000)]
=>0x0000000009552000 JavaThread "C2 CompilerThread1" daemon [_thread_in_native, id=5328, stack(0x000000000abf0000,0x000000000acf0000)]
  0x0000000009550000 JavaThread "C2 CompilerThread0" daemon [_thread_in_native, id=3744, stack(0x000000000aaf0000,0x000000000abf0000)]
  0x000000000952a000 JavaThread "Attach Listener" daemon [_thread_blocked, id=3004, stack(0x000000000a9f0000,0x000000000aaf0000)]
  0x0000000009529000 JavaThread "Signal Dispatcher" daemon [_thread_blocked, id=3752, stack(0x000000000a8f0000,0x000000000a9f0000)]
  0x00000000094c1000 JavaThread "Finalizer" daemon [_thread_blocked, id=9568, stack(0x000000000a7f0000,0x000000000a8f0000)]
  0x00000000094bd800 JavaThread "Reference Handler" daemon [_thread_blocked, id=5432, stack(0x000000000a6f0000,0x000000000a7f0000)]
  0x0000000000f3e800 JavaThread "main" [_thread_blocked, id=3096, stack(0x0000000002e60000,0x0000000002f60000)]

Other Threads:
  0x00000000094b6000 VMThread [stack: 0x000000000a5f0000,0x000000000a6f0000] [id=10516]
  0x00000000095b0000 WatcherThread [stack: 0x000000000adf0000,0x000000000aef0000] [id=9232]

VM state:not at safepoint (normal execution)

VM Mutex/Monitor currently owned by a thread: None

Heap
 PSYoungGen      total 38016K, used 34681K [0x00000000eaab0000, 0x00000000ed510000, 0x0000000100000000)
  eden space 32640K, 89% used [0x00000000eaab0000,0x00000000ec755fd8,0x00000000eca90000)
  from space 5376K, 99% used [0x00000000eca90000,0x00000000ecfc87d8,0x00000000ecfd0000)
  to   space 5376K, 0% used [0x00000000ecfd0000,0x00000000ecfd0000,0x00000000ed510000)
 ParOldGen       total 86912K, used 1602K [0x00000000c0000000, 0x00000000c54e0000, 0x00000000eaab0000)
  object space 86912K, 1% used [0x00000000c0000000,0x00000000c01908d8,0x00000000c54e0000)
 PSPermGen       total 21248K, used 5611K [0x00000000bae00000, 0x00000000bc2c0000, 0x00000000c0000000)
  object space 21248K, 26% used [0x00000000bae00000,0x00000000bb37ad30,0x00000000bc2c0000)

Card table byte_map: [0x0000000006120000,0x0000000006350000] byte_map_base: 0x0000000005b49000

Polling page: 0x0000000001390000

Code Cache  [0x0000000003060000, 0x00000000032d0000, 0x0000000006060000)
 total_blobs=450 nmethods=235 adapters=166 free_code_cache=48183Kb largest_free_block=49268864

Compilation events (10 events):
Event: 4.044 Thread 0x0000000009550000 nmethod 228 0x0000000003118b50 code [0x0000000003118ca0, 0x0000000003118f38]
Event: 4.044 Thread 0x0000000009550000  229             com.android.dx.ssa.SsaRenamer::access$000 (5 bytes)
Event: 4.044 Thread 0x0000000009550000 nmethod 229 0x0000000003127750 code [0x0000000003127880, 0x00000000031278d8]
Event: 4.044 Thread 0x0000000009550000  230   !         com.android.dx.cf.code.BytecodeArray::parseInstruction (2764 bytes)
Event: 4.356 Thread 0x0000000009550000 nmethod 230 0x0000000003153cd0 code [0x00000000031552c0, 0x000000000315b8b8]
Event: 4.356 Thread 0x0000000009550000  231             com.android.dx.cf.code.ByteOps::opInfo (6 bytes)
Event: 4.356 Thread 0x0000000009550000 nmethod 231 0x0000000003118950 code [0x0000000003118a80, 0x0000000003118ad8]
Event: 4.356 Thread 0x0000000009550000  232             com.android.dx.util.IntList::contains (14 bytes)
Event: 4.359 Thread 0x0000000009550000 nmethod 232 0x000000000312fe10 code [0x000000000312ff60, 0x0000000003130118]
Event: 4.359 Thread 0x0000000009550000  233             com.android.dx.ssa.SCCP::simulateBlock (54 bytes)

GC Heap History (2 events):
Event: 3.625 GC heap before
{Heap before GC invocations=1 (full 0):
 PSYoungGen      total 38016K, used 32640K [0x00000000eaab0000, 0x00000000ed510000, 0x0000000100000000)
  eden space 32640K, 100% used [0x00000000eaab0000,0x00000000eca90000,0x00000000eca90000)
  from space 5376K, 0% used [0x00000000ecfd0000,0x00000000ecfd0000,0x00000000ed510000)
  to   space 5376K, 0% used [0x00000000eca90000,0x00000000eca90000,0x00000000ecfd0000)
 ParOldGen       total 86912K, used 0K [0x00000000c0000000, 0x00000000c54e0000, 0x00000000eaab0000)
  object space 86912K, 0% used [0x00000000c0000000,0x00000000c0000000,0x00000000c54e0000)
 PSPermGen       total 21248K, used 5518K [0x00000000bae00000, 0x00000000bc2c0000, 0x00000000c0000000)
  object space 21248K, 25% used [0x00000000bae00000,0x00000000bb3638a0,0x00000000bc2c0000)
Event: 3.633 GC heap after
Heap after GC invocations=1 (full 0):
 PSYoungGen      total 38016K, used 5345K [0x00000000eaab0000, 0x00000000ed510000, 0x0000000100000000)
  eden space 32640K, 0% used [0x00000000eaab0000,0x00000000eaab0000,0x00000000eca90000)
  from space 5376K, 99% used [0x00000000eca90000,0x00000000ecfc87d8,0x00000000ecfd0000)
  to   space 5376K, 0% used [0x00000000ecfd0000,0x00000000ecfd0000,0x00000000ed510000)
 ParOldGen       total 86912K, used 1602K [0x00000000c0000000, 0x00000000c54e0000, 0x00000000eaab0000)
  object space 86912K, 1% used [0x00000000c0000000,0x00000000c01908d8,0x00000000c54e0000)
 PSPermGen       total 21248K, used 5518K [0x00000000bae00000, 0x00000000bc2c0000, 0x00000000c0000000)
  object space 21248K, 25% used [0x00000000bae00000,0x00000000bb3638a0,0x00000000bc2c0000)
}

Deoptimization events (10 events):
Event: 3.703 Thread 0x000000000b00e800 Uncommon trap -34 fr.pc 0x00000000030eb9e0
Event: 3.704 Thread 0x000000000b00e800 Uncommon trap -83 fr.pc 0x000000000311ba40
Event: 3.705 Thread 0x000000000b00e800 Uncommon trap -83 fr.pc 0x0000000003115b54
Event: 3.707 Thread 0x00000000095ee000 Uncommon trap -83 fr.pc 0x00000000030e8360
Event: 3.731 Thread 0x000000000af82800 Uncommon trap 52 fr.pc 0x00000000030db654
Event: 3.731 Thread 0x000000000af82800 Uncommon trap -83 fr.pc 0x000000000310cd80
Event: 3.760 Thread 0x000000000af6d000 Uncommon trap -34 fr.pc 0x00000000030eb9e0
Event: 3.830 Thread 0x000000000b00e800 Uncommon trap -34 fr.pc 0x00000000030eb9e0
Event: 3.859 Thread 0x00000000095ee000 Uncommon trap -34 fr.pc 0x00000000030eb9e0
Event: 3.939 Thread 0x000000000b00e800 Uncommon trap -83 fr.pc 0x00000000030c8804

Internal exceptions (10 events):
Event: 3.025 Thread 0x000000000af6d000 Threw 0x00000000eb3cefb0 at C:\jdk7u2_64p\jdk7u13\hotspot\src\share\vm\prims\jvm.cpp:1166
Event: 3.026 Thread 0x000000000af6d000 Threw 0x00000000eb3d2430 at C:\jdk7u2_64p\jdk7u13\hotspot\src\share\vm\prims\jvm.cpp:1166
Event: 3.026 Thread 0x0000000000f3e800 Threw 0x00000000eb4fc840 at C:\jdk7u2_64p\jdk7u13\hotspot\src\share\vm\prims\jvm.cpp:1166
Event: 3.094 Thread 0x000000000af82800 Threw 0x00000000eb23e4e8 at C:\jdk7u2_64p\jdk7u13\hotspot\src\share\vm\prims\jvm.cpp:1166
Event: 3.645 Thread 0x0000000000f3e800 Threw 0x00000000eac87f98 at C:\jdk7u2_64p\jdk7u13\hotspot\src\share\vm\prims\jvm.cpp:1166
Event: 3.649 Thread 0x0000000000f3e800 Threw 0x00000000eaca0728 at C:\jdk7u2_64p\jdk7u13\hotspot\src\share\vm\prims\jvm.cpp:1166
Event: 3.650 Thread 0x0000000000f3e800 Threw 0x00000000eacaa488 at C:\jdk7u2_64p\jdk7u13\hotspot\src\share\vm\prims\jvm.cpp:1166
Event: 3.676 Thread 0x000000000af6d000 Threw 0x00000000eaf75a40 at C:\jdk7u2_64p\jdk7u13\hotspot\src\share\vm\prims\jvm.cpp:1166
Event: 3.700 Thread 0x000000000b00e800 Implicit null exception at 0x000000000311ca0c to 0x000000000311d2c9
Event: 3.702 Thread 0x000000000b00e800 Threw 0x00000000eaafbc20 at C:\jdk7u2_64p\jdk7u13\hotspot\src\share\vm\prims\jvm.cpp:1166

Events (10 events):
Event: 3.830 Thread 0x000000000b00e800 DEOPT PACKING pc=0x00000000030eb9e0 sp=0x000000000b6ee5e0
Event: 3.830 Thread 0x000000000b00e800 DEOPT UNPACKING pc=0x0000000003099164 sp=0x000000000b6ee588 mode 2
Event: 3.859 Thread 0x00000000095ee000 DEOPT PACKING pc=0x00000000030eb9e0 sp=0x000000000b3ee920
Event: 3.859 Thread 0x00000000095ee000 DEOPT UNPACKING pc=0x0000000003099164 sp=0x000000000b3ee8c8 mode 2
Event: 3.939 Thread 0x000000000b00e800 DEOPT PACKING pc=0x00000000030c8804 sp=0x000000000b6ee7d0
Event: 3.939 Thread 0x000000000b00e800 DEOPT UNPACKING pc=0x0000000003099164 sp=0x000000000b6ee770 mode 2
Event: 4.315 loading class 0x00000000094095a0
Event: 4.315 loading class 0x00000000094095a0 done
Event: 4.315 loading class 0x00000000094c4950
Event: 4.315 loading class 0x00000000094c4950 done


Dynamic libraries:
0x00007ff7da4d0000 - 0x00007ff7da503000 	C:\Program Files\Java\jdk1.7.0_13\bin\java.exe
0x00007ffba0020000 - 0x00007ffba01e1000 	C:\WINDOWS\SYSTEM32\ntdll.dll
0x00007ffb9fcf0000 - 0x00007ffb9fd9d000 	C:\WINDOWS\system32\KERNEL32.DLL
0x00007ffb9cef0000 - 0x00007ffb9d0d8000 	C:\WINDOWS\system32\KERNELBASE.dll
0x00007ffb9d260000 - 0x00007ffb9d307000 	C:\WINDOWS\system32\ADVAPI32.dll
0x00007ffb9f640000 - 0x00007ffb9f6dd000 	C:\WINDOWS\system32\msvcrt.dll
0x00007ffb9d4b0000 - 0x00007ffb9d50b000 	C:\WINDOWS\system32\sechost.dll
0x00007ffb9d510000 - 0x00007ffb9d62c000 	C:\WINDOWS\system32\RPCRT4.dll
0x00007ffb9d350000 - 0x00007ffb9d4a6000 	C:\WINDOWS\system32\USER32.dll
0x00007ffb9d630000 - 0x00007ffb9d7b6000 	C:\WINDOWS\system32\GDI32.dll
0x00007ffb96df0000 - 0x00007ffb97064000 	C:\WINDOWS\WinSxS\amd64_microsoft.windows.common-controls_6595b64144ccf1df_6.0.10586.494_none_a2d8b04ea53e3145\COMCTL32.dll
0x00007ffb9fda0000 - 0x00007ffba001d000 	C:\WINDOWS\system32\combase.dll
0x00007ffb9d1f0000 - 0x00007ffb9d25a000 	C:\WINDOWS\system32\bcryptPrimitives.dll
0x00007ffb9d310000 - 0x00007ffb9d34b000 	C:\WINDOWS\system32\IMM32.DLL
0x000000006b7e0000 - 0x000000006b8b1000 	C:\Program Files\Java\jdk1.7.0_13\jre\bin\msvcr100.dll
0x000000006c110000 - 0x000000006c82f000 	C:\Program Files\Java\jdk1.7.0_13\jre\bin\server\jvm.dll
0x00007ffb9c710000 - 0x00007ffb9c733000 	C:\WINDOWS\system32\WINMM.dll
0x00007ffb9c430000 - 0x00007ffb9c45c000 	C:\WINDOWS\system32\WINMMBASE.dll
0x00007ffb9d0e0000 - 0x00007ffb9d123000 	C:\WINDOWS\system32\cfgmgr32.dll
0x00007ffb9f8b0000 - 0x00007ffb9f8b8000 	C:\WINDOWS\system32\PSAPI.DLL
0x00007ffb83820000 - 0x00007ffb83829000 	C:\WINDOWS\SYSTEM32\WSOCK32.dll
0x00007ffb9f6e0000 - 0x00007ffb9f74b000 	C:\WINDOWS\system32\WS2_32.dll
0x000000006c020000 - 0x000000006c02f000 	C:\Program Files\Java\jdk1.7.0_13\jre\bin\verify.dll
0x000000006bff0000 - 0x000000006c018000 	C:\Program Files\Java\jdk1.7.0_13\jre\bin\java.dll
0x000000006bfd0000 - 0x000000006bfe5000 	C:\Program Files\Java\jdk1.7.0_13\jre\bin\zip.dll

VM Arguments:
jvm_args: -Djava.awt.headless=true -Xmx1024M -Dfile.encoding=GBK -Duser.country=CN -Duser.language=zh -Duser.variant 
java_command: com.android.dx.command.Main --dex --force-jumbo --num-threads=4 --output H:\AndroidProject\UseBaiduMap\app\build\intermediates\pre-dexed\debug\main_053c19fed1caaef75420876c86bd3ef8c026449c.jar H:\AndroidProject\UseBaiduMap\app\build\intermediates\transforms\instantRun\debug\folders\1\5\main
Launcher Type: SUN_STANDARD

Environment Variables:
JAVA_HOME=C:\Program Files\Java\jdk1.7.0_13
PATH=C:\Program Files\Java\jdk1.7.0_13\bin;C:\Program Files\Java\jdk1.7.0_13\jre\bin;C:\WINDOWS\system32;C:\WINDOWS;C:\WINDOWS\System32\Wbem;C:\WINDOWS\System32\WindowsPowerShell\v1.0\;C:\Program Files (x86)\NVIDIA Corporation\PhysX\Common;F:\matlab\bin\win32;f:\Program Files\MATLAB\R2014a\runtime\win64;f:\Program Files\MATLAB\R2014a\bin;f:\Program Files\MATLAB\R2014a\polyspace\bin;E:\Program Files (x86)\adt-bundle-windows-x86_64-20140702\sdk\platform-tools
USERNAME=Administrator
OS=Windows_NT
PROCESSOR_IDENTIFIER=Intel64 Family 6 Model 58 Stepping 9, GenuineIntel



---------------  S Y S T E M  ---------------

OS: Windows 8 , 64 bit Build 9200 

CPU:total 4 (2 cores per cpu, 2 threads per core) family 6 model 58 stepping 9, cmov, cx8, fxsr, mmx, sse, sse2, sse3, ssse3, sse4.1, sse4.2, popcnt, avx, ht, tsc, tscinvbit, tscinv

Memory: 4k page, physical 8337772k(2168220k free), swap 8337772k(4644k free)

vm_info: Java HotSpot(TM) 64-Bit Server VM (23.7-b01) for windows-amd64 JRE (1.7.0_13-b20), built on Jan 30 2013 10:10:00 by "java_re" with unknown MS VC++:1600

time: Thu Jul 28 20:54:22 2016
elapsed time: 4 seconds

