#
# There is insufficient memory for the Java Runtime Environment to continue.
# Native memory allocation (malloc) failed to allocate 280176 bytes for Chunk::new
# Possible reasons:
#   The system is out of physical RAM or swap space
#   In 32 bit mode, the process size limit was hit
# Possible solutions:
#   Reduce memory load on the system
#   Increase physical memory or swap space
#   Check if swap backing store is full
#   Use 64 bit Java on a 64 bit OS
#   Decrease Java heap size (-Xmx/-Xms)
#   Decrease number of Java threads
#   Decrease Java thread stack sizes (-Xss)
#   Set larger code cache with -XX:ReservedCodeCacheSize=
# This output file may be truncated or incomplete.
#
#  Out of Memory Error (allocation.cpp:328), pid=8536, tid=12056
#
# JRE version: 7.0_13-b20
# Java VM: Java HotSpot(TM) 64-Bit Server VM (23.7-b01 mixed mode windows-amd64 compressed oops)
# Failed to write core dump. Minidumps are not enabled by default on client versions of Windows
#

---------------  T H R E A D  ---------------

Current thread (0x0000000008dfa000):  JavaThread "C2 CompilerThread1" daemon [_thread_in_native, id=12056, stack(0x000000000a4b0000,0x000000000a5b0000)]

Stack: [0x000000000a4b0000,0x000000000a5b0000]

Current CompileTask:
C2:  11259  880             com.android.dx.dex.file.DebugInfoEncoder::emitHeader (530 bytes)


---------------  P R O C E S S  ---------------

Java Threads: ( => current thread )
  0x0000000008dff000 JavaThread "Service Thread" daemon [_thread_blocked, id=7584, stack(0x000000000a5b0000,0x000000000a6b0000)]
=>0x0000000008dfa000 JavaThread "C2 CompilerThread1" daemon [_thread_in_native, id=12056, stack(0x000000000a4b0000,0x000000000a5b0000)]
  0x0000000008df0000 JavaThread "C2 CompilerThread0" daemon [_thread_in_native, id=11544, stack(0x000000000a3b0000,0x000000000a4b0000)]
  0x0000000008def000 JavaThread "Attach Listener" daemon [_thread_blocked, id=120, stack(0x000000000a2b0000,0x000000000a3b0000)]
  0x0000000008dca000 JavaThread "Signal Dispatcher" daemon [_thread_blocked, id=13076, stack(0x000000000a1b0000,0x000000000a2b0000)]
  0x0000000008d61000 JavaThread "Finalizer" daemon [_thread_blocked, id=12096, stack(0x000000000a0b0000,0x000000000a1b0000)]
  0x0000000008d5d800 JavaThread "Reference Handler" daemon [_thread_blocked, id=5224, stack(0x0000000009fb0000,0x000000000a0b0000)]
  0x000000000233e800 JavaThread "main" [_thread_in_Java, id=5728, stack(0x0000000002200000,0x0000000002300000)]

Other Threads:
  0x0000000008d56000 VMThread [stack: 0x0000000009eb0000,0x0000000009fb0000] [id=9064]
  0x0000000008e52800 WatcherThread [stack: 0x000000000a6b0000,0x000000000a7b0000] [id=6308]

VM state:not at safepoint (normal execution)

VM Mutex/Monitor currently owned by a thread: None

Heap
 PSYoungGen      total 279104K, used 70794K [0x00000000eaab0000, 0x00000000ff230000, 0x0000000100000000)
  eden space 247616K, 15% used [0x00000000eaab0000,0x00000000ed117338,0x00000000f9c80000)
  from space 31488K, 99% used [0x00000000fc350000,0x00000000fe20b5d8,0x00000000fe210000)
  to   space 39744K, 0% used [0x00000000f9c80000,0x00000000f9c80000,0x00000000fc350000)
 ParOldGen       total 86912K, used 48712K [0x00000000c0000000, 0x00000000c54e0000, 0x00000000eaab0000)
  object space 86912K, 56% used [0x00000000c0000000,0x00000000c2f92320,0x00000000c54e0000)
 PSPermGen       total 21248K, used 6550K [0x00000000bae00000, 0x00000000bc2c0000, 0x00000000c0000000)
  object space 21248K, 30% used [0x00000000bae00000,0x00000000bb465ab0,0x00000000bc2c0000)

Card table byte_map: [0x00000000059c0000,0x0000000005bf0000] byte_map_base: 0x00000000053e9000

Polling page: 0x0000000000a10000

Code Cache  [0x0000000002900000, 0x0000000002c30000, 0x0000000005900000)
 total_blobs=1107 nmethods=867 adapters=189 free_code_cache=45953Kb largest_free_block=47026944

Compilation events (10 events):
Event: 11.157 Thread 0x0000000008df0000  877             com.android.dx.dex.code.LocalList::get (9 bytes)
Event: 11.157 Thread 0x0000000008df0000 nmethod 877 0x0000000002c18950 code [0x0000000002c18aa0, 0x0000000002c18b58]
Event: 11.160 Thread 0x0000000008dfa000  878             com.android.dx.dex.code.LocalList$Entry::getRegister (8 bytes)
Event: 11.161 Thread 0x0000000008dfa000 nmethod 878 0x0000000002c1c710 code [0x0000000002c1c840, 0x0000000002c1c898]
Event: 11.177 Thread 0x0000000008df0000  879             com.android.dex.Leb128::writeUnsignedLeb128 (46 bytes)
Event: 11.189 Thread 0x0000000008df0000 nmethod 879 0x0000000002c1b9d0 code [0x0000000002c1bb60, 0x0000000002c1c278]
Event: 11.199 Thread 0x0000000008dfa000  880             com.android.dx.dex.file.DebugInfoEncoder::emitHeader (530 bytes)
Event: 11.202 Thread 0x0000000008df0000  881             com.android.dx.dex.file.DebugInfoEncoder::emitLocalsAtAddress (150 bytes)
Event: 11.222 Thread 0x0000000008df0000 nmethod 881 0x0000000002c250d0 code [0x0000000002c25340, 0x0000000002c25e58]
Event: 11.222 Thread 0x0000000008df0000  882             com.android.dx.dex.code.DalvCode::finishProcessingIfNecessary (69 bytes)

GC Heap History (10 events):
Event: 7.456 GC heap before
{Heap before GC invocations=4 (full 0):
 PSYoungGen      total 38016K, used 37991K [0x00000000eaab0000, 0x00000000ef4f0000, 0x0000000100000000)
  eden space 32640K, 100% used [0x00000000eaab0000,0x00000000eca90000,0x00000000eca90000)
  from space 5376K, 99% used [0x00000000eca90000,0x00000000ecfc9e40,0x00000000ecfd0000)
  to   space 5376K, 0% used [0x00000000eefb0000,0x00000000eefb0000,0x00000000ef4f0000)
 ParOldGen       total 86912K, used 7722K [0x00000000c0000000, 0x00000000c54e0000, 0x00000000eaab0000)
  object space 86912K, 8% used [0x00000000c0000000,0x00000000c078aa10,0x00000000c54e0000)
 PSPermGen       total 21248K, used 6130K [0x00000000bae00000, 0x00000000bc2c0000, 0x00000000c0000000)
  object space 21248K, 28% used [0x00000000bae00000,0x00000000bb3fcaa8,0x00000000bc2c0000)
Event: 7.476 GC heap after
Heap after GC invocations=4 (full 0):
 PSYoungGen      total 70656K, used 5346K [0x00000000eaab0000, 0x00000000ef4f0000, 0x0000000100000000)
  eden space 65280K, 0% used [0x00000000eaab0000,0x00000000eaab0000,0x00000000eea70000)
  from space 5376K, 99% used [0x00000000eefb0000,0x00000000ef4e8890,0x00000000ef4f0000)
  to   space 5376K, 0% used [0x00000000eea70000,0x00000000eea70000,0x00000000eefb0000)
 ParOldGen       total 86912K, used 13463K [0x00000000c0000000, 0x00000000c54e0000, 0x00000000eaab0000)
  object space 86912K, 15% used [0x00000000c0000000,0x00000000c0d25c78,0x00000000c54e0000)
 PSPermGen       total 21248K, used 6130K [0x00000000bae00000, 0x00000000bc2c0000, 0x00000000c0000000)
  object space 21248K, 28% used [0x00000000bae00000,0x00000000bb3fcaa8,0x00000000bc2c0000)
}
Event: 8.090 GC heap before
{Heap before GC invocations=5 (full 0):
 PSYoungGen      total 70656K, used 70626K [0x00000000eaab0000, 0x00000000ef4f0000, 0x0000000100000000)
  eden space 65280K, 100% used [0x00000000eaab0000,0x00000000eea70000,0x00000000eea70000)
  from space 5376K, 99% used [0x00000000eefb0000,0x00000000ef4e8890,0x00000000ef4f0000)
  to   space 5376K, 0% used [0x00000000eea70000,0x00000000eea70000,0x00000000eefb0000)
 ParOldGen       total 86912K, used 13463K [0x00000000c0000000, 0x00000000c54e0000, 0x00000000eaab0000)
  object space 86912K, 15% used [0x00000000c0000000,0x00000000c0d25c78,0x00000000c54e0000)
 PSPermGen       total 21248K, used 6175K [0x00000000bae00000, 0x00000000bc2c0000, 0x00000000c0000000)
  object space 21248K, 29% used [0x00000000bae00000,0x00000000bb407e88,0x00000000bc2c0000)
Event: 8.113 GC heap after
Heap after GC invocations=5 (full 0):
 PSYoungGen      total 70656K, used 5348K [0x00000000eaab0000, 0x00000000f4b70000, 0x0000000100000000)
  eden space 65280K, 0% used [0x00000000eaab0000,0x00000000eaab0000,0x00000000eea70000)
  from space 5376K, 99% used [0x00000000eea70000,0x00000000eefa9350,0x00000000eefb0000)
  to   space 17024K, 0% used [0x00000000f3ad0000,0x00000000f3ad0000,0x00000000f4b70000)
 ParOldGen       total 86912K, used 24275K [0x00000000c0000000, 0x00000000c54e0000, 0x00000000eaab0000)
  object space 86912K, 27% used [0x00000000c0000000,0x00000000c17b4e00,0x00000000c54e0000)
 PSPermGen       total 21248K, used 6175K [0x00000000bae00000, 0x00000000bc2c0000, 0x00000000c0000000)
  object space 21248K, 29% used [0x00000000bae00000,0x00000000bb407e88,0x00000000bc2c0000)
}
Event: 8.513 GC heap before
{Heap before GC invocations=6 (full 0):
 PSYoungGen      total 70656K, used 70628K [0x00000000eaab0000, 0x00000000f4b70000, 0x0000000100000000)
  eden space 65280K, 100% used [0x00000000eaab0000,0x00000000eea70000,0x00000000eea70000)
  from space 5376K, 99% used [0x00000000eea70000,0x00000000eefa9350,0x00000000eefb0000)
  to   space 17024K, 0% used [0x00000000f3ad0000,0x00000000f3ad0000,0x00000000f4b70000)
 ParOldGen       total 86912K, used 24275K [0x00000000c0000000, 0x00000000c54e0000, 0x00000000eaab0000)
  object space 86912K, 27% used [0x00000000c0000000,0x00000000c17b4e00,0x00000000c54e0000)
 PSPermGen       total 21248K, used 6194K [0x00000000bae00000, 0x00000000bc2c0000, 0x00000000c0000000)
  object space 21248K, 29% used [0x00000000bae00000,0x00000000bb40cb80,0x00000000bc2c0000)
Event: 8.543 GC heap after
Heap after GC invocations=6 (full 0):
 PSYoungGen      total 144960K, used 16846K [0x00000000eaab0000, 0x00000000f5090000, 0x0000000100000000)
  eden space 127936K, 0% used [0x00000000eaab0000,0x00000000eaab0000,0x00000000f27a0000)
  from space 17024K, 98% used [0x00000000f3ad0000,0x00000000f4b438b0,0x00000000f4b70000)
  to   space 19648K, 0% used [0x00000000f27a0000,0x00000000f27a0000,0x00000000f3ad0000)
 ParOldGen       total 86912K, used 24275K [0x00000000c0000000, 0x00000000c54e0000, 0x00000000eaab0000)
  object space 86912K, 27% used [0x00000000c0000000,0x00000000c17b4e00,0x00000000c54e0000)
 PSPermGen       total 21248K, used 6194K [0x00000000bae00000, 0x00000000bc2c0000, 0x00000000c0000000)
  object space 21248K, 29% used [0x00000000bae00000,0x00000000bb40cb80,0x00000000bc2c0000)
}
Event: 9.047 GC heap before
{Heap before GC invocations=7 (full 0):
 PSYoungGen      total 144960K, used 144782K [0x00000000eaab0000, 0x00000000f5090000, 0x0000000100000000)
  eden space 127936K, 100% used [0x00000000eaab0000,0x00000000f27a0000,0x00000000f27a0000)
  from space 17024K, 98% used [0x00000000f3ad0000,0x00000000f4b438b0,0x00000000f4b70000)
  to   space 19648K, 0% used [0x00000000f27a0000,0x00000000f27a0000,0x00000000f3ad0000)
 ParOldGen       total 86912K, used 24275K [0x00000000c0000000, 0x00000000c54e0000, 0x00000000eaab0000)
  object space 86912K, 27% used [0x00000000c0000000,0x00000000c17b4e00,0x00000000c54e0000)
 PSPermGen       total 21248K, used 6265K [0x00000000bae00000, 0x00000000bc2c0000, 0x00000000c0000000)
  object space 21248K, 29% used [0x00000000bae00000,0x00000000bb41e658,0x00000000bc2c0000)
Event: 9.154 GC heap after
Heap after GC invocations=7 (full 0):
 PSYoungGen      total 147584K, used 19641K [0x00000000eaab0000, 0x00000000fe210000, 0x0000000100000000)
  eden space 127936K, 0% used [0x00000000eaab0000,0x00000000eaab0000,0x00000000f27a0000)
  from space 19648K, 99% used [0x00000000f27a0000,0x00000000f3ace6b0,0x00000000f3ad0000)
  to   space 31488K, 0% used [0x00000000fc350000,0x00000000fc350000,0x00000000fe210000)
 ParOldGen       total 86912K, used 41807K [0x00000000c0000000, 0x00000000c54e0000, 0x00000000eaab0000)
  object space 86912K, 48% used [0x00000000c0000000,0x00000000c28d3cd8,0x00000000c54e0000)
 PSPermGen       total 21248K, used 6265K [0x00000000bae00000, 0x00000000bc2c0000, 0x00000000c0000000)
  object space 21248K, 29% used [0x00000000bae00000,0x00000000bb41e658,0x00000000bc2c0000)
}
Event: 9.600 GC heap before
{Heap before GC invocations=8 (full 0):
 PSYoungGen      total 147584K, used 147577K [0x00000000eaab0000, 0x00000000fe210000, 0x0000000100000000)
  eden space 127936K, 100% used [0x00000000eaab0000,0x00000000f27a0000,0x00000000f27a0000)
  from space 19648K, 99% used [0x00000000f27a0000,0x00000000f3ace6b0,0x00000000f3ad0000)
  to   space 31488K, 0% used [0x00000000fc350000,0x00000000fc350000,0x00000000fe210000)
 ParOldGen       total 86912K, used 41807K [0x00000000c0000000, 0x00000000c54e0000, 0x00000000eaab0000)
  object space 86912K, 48% used [0x00000000c0000000,0x00000000c28d3cd8,0x00000000c54e0000)
 PSPermGen       total 21248K, used 6288K [0x00000000bae00000, 0x00000000bc2c0000, 0x00000000c0000000)
  object space 21248K, 29% used [0x00000000bae00000,0x00000000bb424040,0x00000000bc2c0000)
Event: 9.667 GC heap after
Heap after GC invocations=8 (full 0):
 PSYoungGen      total 279104K, used 31469K [0x00000000eaab0000, 0x00000000ff230000, 0x0000000100000000)
  eden space 247616K, 0% used [0x00000000eaab0000,0x00000000eaab0000,0x00000000f9c80000)
  from space 31488K, 99% used [0x00000000fc350000,0x00000000fe20b5d8,0x00000000fe210000)
  to   space 39744K, 0% used [0x00000000f9c80000,0x00000000f9c80000,0x00000000fc350000)
 ParOldGen       total 86912K, used 48712K [0x00000000c0000000, 0x00000000c54e0000, 0x00000000eaab0000)
  object space 86912K, 56% used [0x00000000c0000000,0x00000000c2f92320,0x00000000c54e0000)
 PSPermGen       total 21248K, used 6288K [0x00000000bae00000, 0x00000000bc2c0000, 0x00000000c0000000)
  object space 21248K, 29% used [0x00000000bae00000,0x00000000bb424040,0x00000000bc2c0000)
}

Deoptimization events (10 events):
Event: 10.441 Thread 0x000000000233e800 Uncommon trap -122 fr.pc 0x00000000029e6578
Event: 10.510 Thread 0x000000000233e800 Uncommon trap -83 fr.pc 0x0000000002a9e86c
Event: 10.637 Thread 0x000000000233e800 Uncommon trap -58 fr.pc 0x0000000002a83fa4
Event: 10.643 Thread 0x000000000233e800 Uncommon trap -58 fr.pc 0x0000000002a83fa4
Event: 10.783 Thread 0x000000000233e800 Uncommon trap -58 fr.pc 0x0000000002a83fa4
Event: 10.783 Thread 0x000000000233e800 Uncommon trap -58 fr.pc 0x0000000002a83fa4
Event: 11.051 Thread 0x000000000233e800 Uncommon trap -42 fr.pc 0x0000000002b2c744
Event: 11.056 Thread 0x000000000233e800 Uncommon trap -42 fr.pc 0x0000000002b2c744
Event: 11.062 Thread 0x000000000233e800 Uncommon trap -42 fr.pc 0x0000000002b2c744
Event: 11.088 Thread 0x000000000233e800 Uncommon trap -34 fr.pc 0x0000000002c114f8

Internal exceptions (10 events):
Event: 10.423 Thread 0x000000000233e800 Threw 0x00000000ec09ad08 at C:\jdk7u2_64p\jdk7u13\hotspot\src\share\vm\prims\jvm.cpp:1166
Event: 10.424 Thread 0x000000000233e800 Threw 0x00000000ec09f798 at C:\jdk7u2_64p\jdk7u13\hotspot\src\share\vm\prims\jvm.cpp:1166
Event: 10.425 Thread 0x000000000233e800 Threw 0x00000000ec0a3aa8 at C:\jdk7u2_64p\jdk7u13\hotspot\src\share\vm\prims\jvm.cpp:1166
Event: 10.442 Thread 0x000000000233e800 Threw 0x00000000ec0c33e0 at C:\jdk7u2_64p\jdk7u13\hotspot\src\share\vm\prims\jvm.cpp:1166
Event: 10.443 Thread 0x000000000233e800 Threw 0x00000000ec0c60c0 at C:\jdk7u2_64p\jdk7u13\hotspot\src\share\vm\prims\jvm.cpp:1166
Event: 10.443 Thread 0x000000000233e800 Threw 0x00000000ec0c9230 at C:\jdk7u2_64p\jdk7u13\hotspot\src\share\vm\prims\jvm.cpp:1166
Event: 10.502 Thread 0x000000000233e800 Threw 0x00000000ec0f1560 at C:\jdk7u2_64p\jdk7u13\hotspot\src\share\vm\prims\jvm.cpp:1166
Event: 11.103 Thread 0x000000000233e800 Threw 0x00000000ecdf00d0 at C:\jdk7u2_64p\jdk7u13\hotspot\src\share\vm\prims\jvm.cpp:1166
Event: 11.105 Thread 0x000000000233e800 Threw 0x00000000ecdfba28 at C:\jdk7u2_64p\jdk7u13\hotspot\src\share\vm\prims\jvm.cpp:1166
Event: 11.105 Thread 0x000000000233e800 Threw 0x00000000ecdfe338 at C:\jdk7u2_64p\jdk7u13\hotspot\src\share\vm\prims\jvm.cpp:1166

Events (10 events):
Event: 11.062 Thread 0x000000000233e800 DEOPT PACKING pc=0x0000000002b2c744 sp=0x00000000022feaa0
Event: 11.062 Thread 0x000000000233e800 DEOPT UNPACKING pc=0x0000000002939164 sp=0x00000000022fea68 mode 2
Event: 11.088 Thread 0x000000000233e800 DEOPT PACKING pc=0x0000000002c114f8 sp=0x00000000022fecf0
Event: 11.088 Thread 0x000000000233e800 DEOPT UNPACKING pc=0x0000000002939164 sp=0x00000000022fecc0 mode 2
Event: 11.103 loading class 0x000000000a8f1cf0
Event: 11.103 loading class 0x000000000a8f1cf0 done
Event: 11.105 loading class 0x000000000a9f4190
Event: 11.105 loading class 0x000000000a9f4190 done
Event: 11.105 loading class 0x000000000a9f3d10
Event: 11.105 loading class 0x000000000a9f3d10 done


Dynamic libraries:
0x00007ff6107c0000 - 0x00007ff6107f3000 	C:\Program Files\Java\jdk1.7.0_13\bin\java.exe
0x00007ffac6db0000 - 0x00007ffac6f71000 	C:\WINDOWS\SYSTEM32\ntdll.dll
0x00007ffac4150000 - 0x00007ffac41fd000 	C:\WINDOWS\system32\KERNEL32.DLL
0x00007ffac3af0000 - 0x00007ffac3cd8000 	C:\WINDOWS\system32\KERNELBASE.dll
0x00007ffac67f0000 - 0x00007ffac6897000 	C:\WINDOWS\system32\ADVAPI32.dll
0x00007ffac5150000 - 0x00007ffac51ed000 	C:\WINDOWS\system32\msvcrt.dll
0x00007ffac4000000 - 0x00007ffac405b000 	C:\WINDOWS\system32\sechost.dll
0x00007ffac69b0000 - 0x00007ffac6acc000 	C:\WINDOWS\system32\RPCRT4.dll
0x00007ffac4630000 - 0x00007ffac4786000 	C:\WINDOWS\system32\USER32.dll
0x00007ffac6c20000 - 0x00007ffac6da6000 	C:\WINDOWS\system32\GDI32.dll
0x00007ffabdea0000 - 0x00007ffabe114000 	C:\WINDOWS\WinSxS\amd64_microsoft.windows.common-controls_6595b64144ccf1df_6.0.10586.0_none_8c15ae12515e1c22\COMCTL32.dll
0x00007ffac4b70000 - 0x00007ffac4ded000 	C:\WINDOWS\system32\combase.dll
0x00007ffac3920000 - 0x00007ffac398a000 	C:\WINDOWS\system32\bcryptPrimitives.dll
0x00007ffac4790000 - 0x00007ffac47cb000 	C:\WINDOWS\system32\IMM32.DLL
0x00000000656c0000 - 0x0000000065791000 	C:\Program Files\Java\jdk1.7.0_13\jre\bin\msvcr100.dll
0x0000000065aa0000 - 0x00000000661bf000 	C:\Program Files\Java\jdk1.7.0_13\jre\bin\server\jvm.dll
0x00007ffac3ac0000 - 0x00007ffac3ae3000 	C:\WINDOWS\system32\WINMM.dll
0x00007ffac31e0000 - 0x00007ffac320c000 	C:\WINDOWS\system32\WINMMBASE.dll
0x00007ffac39e0000 - 0x00007ffac3a23000 	C:\WINDOWS\system32\cfgmgr32.dll
0x00007ffac3ff0000 - 0x00007ffac3ff8000 	C:\WINDOWS\system32\PSAPI.DLL
0x00007ffaab6b0000 - 0x00007ffaab6b9000 	C:\WINDOWS\SYSTEM32\WSOCK32.dll
0x00007ffac4b00000 - 0x00007ffac4b6b000 	C:\WINDOWS\system32\WS2_32.dll
0x0000000066b60000 - 0x0000000066b6f000 	C:\Program Files\Java\jdk1.7.0_13\jre\bin\verify.dll
0x0000000066b30000 - 0x0000000066b58000 	C:\Program Files\Java\jdk1.7.0_13\jre\bin\java.dll
0x0000000066b10000 - 0x0000000066b25000 	C:\Program Files\Java\jdk1.7.0_13\jre\bin\zip.dll
0x0000000066af0000 - 0x0000000066b09000 	C:\Program Files\Java\jdk1.7.0_13\jre\bin\net.dll
0x00007ffac2a70000 - 0x00007ffac2acc000 	C:\WINDOWS\system32\mswsock.dll
0x0000000066ad0000 - 0x0000000066ae1000 	C:\Program Files\Java\jdk1.7.0_13\jre\bin\nio.dll

VM Arguments:
jvm_args: -Djava.awt.headless=true -Xmx1024M -Dfile.encoding=GBK -Duser.country=CN -Duser.language=zh -Duser.variant 
java_command: com.android.dx.command.Main --dex --num-threads=4 --output H:\AndroidProject\UseBaiduMap\app\build\intermediates\pre-dexed\debug\com.android.support-support-v4-23.4.0_88d1f751972748aecaece038585cb8bd9792ab2e.jar H:\AndroidProject\UseBaiduMap\app\build\intermediates\exploded-aar\com.android.support\support-v4\23.4.0\jars\classes.jar
Launcher Type: SUN_STANDARD

Environment Variables:
JAVA_HOME=C:\Program Files\Java\jdk1.7.0_13
PATH=C:\Program Files\Java\jdk1.7.0_13\bin;C:\Program Files\Java\jdk1.7.0_13\jre\bin;C:\WINDOWS\system32;C:\WINDOWS;C:\WINDOWS\System32\Wbem;C:\WINDOWS\System32\WindowsPowerShell\v1.0\;C:\Program Files (x86)\NVIDIA Corporation\PhysX\Common;F:\matlab\bin\win32;f:\Program Files\MATLAB\R2014a\runtime\win64;f:\Program Files\MATLAB\R2014a\bin;f:\Program Files\MATLAB\R2014a\polyspace\bin;E:\Program Files (x86)\adt-bundle-windows-x86_64-20140702\sdk\platform-tools
USERNAME=Administrator
OS=Windows_NT
PROCESSOR_IDENTIFIER=Intel64 Family 6 Model 58 Stepping 9, GenuineIntel



---------------  S Y S T E M  ---------------

OS: Windows 8 , 64 bit Build 9200 

CPU:total 4 (2 cores per cpu, 2 threads per core) family 6 model 58 stepping 9, cmov, cx8, fxsr, mmx, sse, sse2, sse3, ssse3, sse4.1, sse4.2, popcnt, avx, ht, tsc, tscinvbit, tscinv

Memory: 4k page, physical 8337772k(2081404k free), swap 8337772k(5256k free)

vm_info: Java HotSpot(TM) 64-Bit Server VM (23.7-b01) for windows-amd64 JRE (1.7.0_13-b20), built on Jan 30 2013 10:10:00 by "java_re" with unknown MS VC++:1600

time: Sat Jun 25 17:05:47 2016
elapsed time: 11 seconds

