#
# There is insufficient memory for the Java Runtime Environment to continue.
# Native memory allocation (malloc) failed to allocate 476976 bytes for Chunk::new
# Possible reasons:
#   The system is out of physical RAM or swap space
#   In 32 bit mode, the process size limit was hit
# Possible solutions:
#   Reduce memory load on the system
#   Increase physical memory or swap space
#   Check if swap backing store is full
#   Use 64 bit Java on a 64 bit OS
#   Decrease Java heap size (-Xmx/-Xms)
#   Decrease number of Java threads
#   Decrease Java thread stack sizes (-Xss)
#   Set larger code cache with -XX:ReservedCodeCacheSize=
# This output file may be truncated or incomplete.
#
#  Out of Memory Error (allocation.cpp:328), pid=10136, tid=5972
#
# JRE version: 7.0_13-b20
# Java VM: Java HotSpot(TM) 64-Bit Server VM (23.7-b01 mixed mode windows-amd64 compressed oops)
# Failed to write core dump. Minidumps are not enabled by default on client versions of Windows
#

---------------  T H R E A D  ---------------

Current thread (0x0000000008db4000):  JavaThread "C2 CompilerThread1" daemon [_thread_in_native, id=5972, stack(0x000000000a440000,0x000000000a540000)]

Stack: [0x000000000a440000,0x000000000a540000]

Current CompileTask:
C2:   3638  302             com.android.dx.ssa.back.FirstFitLocalCombiningAllocator::handleNormalUnassociated (99 bytes)


---------------  P R O C E S S  ---------------

Java Threads: ( => current thread )
  0x000000000a824800 JavaThread "pool-1-thread-4" [_thread_blocked, id=3052, stack(0x000000000af40000,0x000000000b040000)]
  0x000000000a7b6000 JavaThread "pool-1-thread-3" [_thread_in_vm_trans, id=7668, stack(0x000000000ae40000,0x000000000af40000)]
  0x000000000a7b5000 JavaThread "pool-1-thread-2" [_thread_blocked, id=11212, stack(0x000000000ad40000,0x000000000ae40000)]
  0x000000000a7b4800 JavaThread "pool-2-thread-1" [_thread_blocked, id=5216, stack(0x000000000ac40000,0x000000000ad40000)]
  0x000000000a7b3800 JavaThread "pool-1-thread-1" [_thread_in_Java, id=10916, stack(0x000000000ab40000,0x000000000ac40000)]
  0x0000000008dc2000 JavaThread "Service Thread" daemon [_thread_blocked, id=8228, stack(0x000000000a540000,0x000000000a640000)]
=>0x0000000008db4000 JavaThread "C2 CompilerThread1" daemon [_thread_in_native, id=5972, stack(0x000000000a440000,0x000000000a540000)]
  0x0000000008db0800 JavaThread "C2 CompilerThread0" daemon [_thread_blocked, id=7952, stack(0x000000000a340000,0x000000000a440000)]
  0x0000000008daf000 JavaThread "Attach Listener" daemon [_thread_blocked, id=11052, stack(0x000000000a240000,0x000000000a340000)]
  0x0000000008d8a000 JavaThread "Signal Dispatcher" daemon [_thread_blocked, id=7404, stack(0x000000000a140000,0x000000000a240000)]
  0x0000000008d21000 JavaThread "Finalizer" daemon [_thread_blocked, id=9084, stack(0x000000000a040000,0x000000000a140000)]
  0x0000000008d1d800 JavaThread "Reference Handler" daemon [_thread_blocked, id=5988, stack(0x0000000009f40000,0x000000000a040000)]
  0x0000000000aee800 JavaThread "main" [_thread_blocked, id=220, stack(0x00000000025c0000,0x00000000026c0000)]

Other Threads:
  0x0000000008d16000 VMThread [stack: 0x0000000009e40000,0x0000000009f40000] [id=1492]
  0x0000000008ddf000 WatcherThread [stack: 0x000000000a640000,0x000000000a740000] [id=5876]

VM state:not at safepoint (normal execution)

VM Mutex/Monitor currently owned by a thread: None

Heap
 PSYoungGen      total 38016K, used 22519K [0x00000000eaab0000, 0x00000000ed510000, 0x0000000100000000)
  eden space 32640K, 52% used [0x00000000eaab0000,0x00000000ebb6f1c0,0x00000000eca90000)
  from space 5376K, 99% used [0x00000000eca90000,0x00000000ecfcedf8,0x00000000ecfd0000)
  to   space 5376K, 0% used [0x00000000ecfd0000,0x00000000ecfd0000,0x00000000ed510000)
 ParOldGen       total 86912K, used 4273K [0x00000000c0000000, 0x00000000c54e0000, 0x00000000eaab0000)
  object space 86912K, 4% used [0x00000000c0000000,0x00000000c042c4e8,0x00000000c54e0000)
 PSPermGen       total 21248K, used 5988K [0x00000000bae00000, 0x00000000bc2c0000, 0x00000000c0000000)
  object space 21248K, 28% used [0x00000000bae00000,0x00000000bb3d92e8,0x00000000bc2c0000)

Card table byte_map: [0x0000000005980000,0x0000000005bb0000] byte_map_base: 0x00000000053a9000

Polling page: 0x0000000000ab0000

Code Cache  [0x00000000028c0000, 0x0000000002b30000, 0x00000000058c0000)
 total_blobs=541 nmethods=305 adapters=187 free_code_cache=47941Kb largest_free_block=49063104

Compilation events (10 events):
Event: 3.505 Thread 0x0000000008db0800 nmethod 300 0x00000000029c12d0 code [0x00000000029c1400, 0x00000000029c1458]
Event: 3.505 Thread 0x0000000008db0800  301             com.android.dx.ssa.InterferenceRegisterMapper::interferes (78 bytes)
Event: 3.623 Thread 0x0000000008db4000 nmethod 299 0x00000000029f3750 code [0x00000000029f3900, 0x00000000029f4098]
Event: 3.623 Thread 0x0000000008db4000  302             com.android.dx.ssa.back.FirstFitLocalCombiningAllocator::handleNormalUnassociated (99 bytes)
Event: 3.626 Thread 0x0000000008db0800 nmethod 301 0x00000000029ec710 code [0x00000000029ec880, 0x00000000029ecbc8]
Event: 3.626 Thread 0x0000000008db0800  303             com.android.dx.ssa.back.FirstFitLocalCombiningAllocator::spansParamRange (24 bytes)
Event: 3.626 Thread 0x0000000008db0800 nmethod 303 0x00000000029d12d0 code [0x00000000029d1400, 0x00000000029d1478]
Event: 3.626 Thread 0x0000000008db0800  304             com.android.dx.ssa.InterferenceRegisterMapper::interferes (14 bytes)
Event: 3.632 Thread 0x0000000008db0800 nmethod 304 0x00000000029d4990 code [0x00000000029d4b00, 0x00000000029d4ee8]
Event: 3.632 Thread 0x0000000008db0800  305             com.android.dx.ssa.back.FirstFitLocalCombiningAllocator::canMapReg (32 bytes)

GC Heap History (2 events):
Event: 2.415 GC heap before
{Heap before GC invocations=1 (full 0):
 PSYoungGen      total 38016K, used 32640K [0x00000000eaab0000, 0x00000000ed510000, 0x0000000100000000)
  eden space 32640K, 100% used [0x00000000eaab0000,0x00000000eca90000,0x00000000eca90000)
  from space 5376K, 0% used [0x00000000ecfd0000,0x00000000ecfd0000,0x00000000ed510000)
  to   space 5376K, 0% used [0x00000000eca90000,0x00000000eca90000,0x00000000ecfd0000)
 ParOldGen       total 86912K, used 0K [0x00000000c0000000, 0x00000000c54e0000, 0x00000000eaab0000)
  object space 86912K, 0% used [0x00000000c0000000,0x00000000c0000000,0x00000000c54e0000)
 PSPermGen       total 21248K, used 5947K [0x00000000bae00000, 0x00000000bc2c0000, 0x00000000c0000000)
  object space 21248K, 27% used [0x00000000bae00000,0x00000000bb3cec20,0x00000000bc2c0000)
Event: 2.503 GC heap after
Heap after GC invocations=1 (full 0):
 PSYoungGen      total 38016K, used 5371K [0x00000000eaab0000, 0x00000000ed510000, 0x0000000100000000)
  eden space 32640K, 0% used [0x00000000eaab0000,0x00000000eaab0000,0x00000000eca90000)
  from space 5376K, 99% used [0x00000000eca90000,0x00000000ecfcedf8,0x00000000ecfd0000)
  to   space 5376K, 0% used [0x00000000ecfd0000,0x00000000ecfd0000,0x00000000ed510000)
 ParOldGen       total 86912K, used 4273K [0x00000000c0000000, 0x00000000c54e0000, 0x00000000eaab0000)
  object space 86912K, 4% used [0x00000000c0000000,0x00000000c042c4e8,0x00000000c54e0000)
 PSPermGen       total 21248K, used 5947K [0x00000000bae00000, 0x00000000bc2c0000, 0x00000000c0000000)
  object space 21248K, 27% used [0x00000000bae00000,0x00000000bb3cec20,0x00000000bc2c0000)
}

Deoptimization events (3 events):
Event: 0.918 Thread 0x0000000000aee800 Uncommon trap -34 fr.pc 0x000000000293a7ec
Event: 0.953 Thread 0x000000000a7b6000 Uncommon trap -34 fr.pc 0x000000000293a7ec
Event: 1.133 Thread 0x000000000a7b6000 Uncommon trap -34 fr.pc 0x000000000293a7ec

Internal exceptions (10 events):
Event: 0.727 Thread 0x000000000a7b3800 Threw 0x00000000eb9afb30 at C:\jdk7u2_64p\jdk7u13\hotspot\src\share\vm\prims\jvm.cpp:1166
Event: 0.728 Thread 0x000000000a7b3800 Threw 0x00000000eb9b3028 at C:\jdk7u2_64p\jdk7u13\hotspot\src\share\vm\prims\jvm.cpp:1166
Event: 0.731 Thread 0x0000000000aee800 Threw 0x00000000eb65a518 at C:\jdk7u2_64p\jdk7u13\hotspot\src\share\vm\prims\jvm.cpp:1166
Event: 0.732 Thread 0x0000000000aee800 Threw 0x00000000eb6604f0 at C:\jdk7u2_64p\jdk7u13\hotspot\src\share\vm\prims\jvm.cpp:1166
Event: 0.733 Thread 0x0000000000aee800 Threw 0x00000000eb664b90 at C:\jdk7u2_64p\jdk7u13\hotspot\src\share\vm\prims\jvm.cpp:1166
Event: 0.758 Thread 0x0000000000aee800 Threw 0x00000000eb69c200 at C:\jdk7u2_64p\jdk7u13\hotspot\src\share\vm\prims\jvm.cpp:1166
Event: 0.918 Thread 0x0000000000aee800 Threw 0x00000000ebc20c68 at C:\jdk7u2_64p\jdk7u13\hotspot\src\share\vm\prims\jvm.cpp:1166
Event: 1.145 Thread 0x000000000a7b6000 Threw 0x00000000ebe0d538 at C:\jdk7u2_64p\jdk7u13\hotspot\src\share\vm\prims\jvm.cpp:1166
Event: 1.427 Thread 0x000000000a7b5000 Threw 0x00000000ec096558 at C:\jdk7u2_64p\jdk7u13\hotspot\src\share\vm\prims\jvm.cpp:1166
Event: 1.454 Thread 0x000000000a7b6000 Threw 0x00000000ec216d98 at C:\jdk7u2_64p\jdk7u13\hotspot\src\share\vm\prims\jvm.cpp:1166

Events (10 events):
Event: 1.150 loading class 0x0000000008c6c1e0
Event: 1.150 loading class 0x0000000008c6c1e0 done
Event: 1.155 loading class 0x0000000008d35a30
Event: 1.155 loading class 0x0000000008d35a30 done
Event: 1.426 loading class 0x000000000a9671e0
Event: 1.427 loading class 0x000000000a9671e0 done
Event: 1.454 loading class 0x000000000a962ea0
Event: 1.454 loading class 0x000000000a962ea0 done
Event: 2.207 Executing VM operation: ParallelGCFailedAllocation
Event: 2.503 Executing VM operation: ParallelGCFailedAllocation done


Dynamic libraries:
0x00007ff7d2ba0000 - 0x00007ff7d2bd3000 	C:\Program Files\Java\jdk1.7.0_13\bin\java.exe
0x00007ff86b820000 - 0x00007ff86b9e1000 	C:\WINDOWS\SYSTEM32\ntdll.dll
0x00007ff869100000 - 0x00007ff8691ad000 	C:\WINDOWS\system32\KERNEL32.DLL
0x00007ff868850000 - 0x00007ff868a38000 	C:\WINDOWS\system32\KERNELBASE.dll
0x00007ff868a60000 - 0x00007ff868b07000 	C:\WINDOWS\system32\ADVAPI32.dll
0x00007ff8691b0000 - 0x00007ff86924d000 	C:\WINDOWS\system32\msvcrt.dll
0x00007ff8697c0000 - 0x00007ff86981b000 	C:\WINDOWS\system32\sechost.dll
0x00007ff86b2c0000 - 0x00007ff86b3dc000 	C:\WINDOWS\system32\RPCRT4.dll
0x00007ff869820000 - 0x00007ff869976000 	C:\WINDOWS\system32\USER32.dll
0x00007ff8694e0000 - 0x00007ff869666000 	C:\WINDOWS\system32\GDI32.dll
0x00007ff8627c0000 - 0x00007ff862a34000 	C:\WINDOWS\WinSxS\amd64_microsoft.windows.common-controls_6595b64144ccf1df_6.0.10586.494_none_a2d8b04ea53e3145\COMCTL32.dll
0x00007ff869260000 - 0x00007ff8694dd000 	C:\WINDOWS\system32\combase.dll
0x00007ff868470000 - 0x00007ff8684da000 	C:\WINDOWS\system32\bcryptPrimitives.dll
0x00007ff86b5c0000 - 0x00007ff86b5fb000 	C:\WINDOWS\system32\IMM32.DLL
0x0000000060840000 - 0x0000000060911000 	C:\Program Files\Java\jdk1.7.0_13\jre\bin\msvcr100.dll
0x0000000060e50000 - 0x000000006156f000 	C:\Program Files\Java\jdk1.7.0_13\jre\bin\server\jvm.dll
0x00007ff868530000 - 0x00007ff868553000 	C:\WINDOWS\system32\WINMM.dll
0x00007ff867c40000 - 0x00007ff867c6c000 	C:\WINDOWS\system32\WINMMBASE.dll
0x00007ff868420000 - 0x00007ff868463000 	C:\WINDOWS\system32\cfgmgr32.dll
0x00007ff869980000 - 0x00007ff869988000 	C:\WINDOWS\system32\PSAPI.DLL
0x00007ff853730000 - 0x00007ff853739000 	C:\WINDOWS\SYSTEM32\WSOCK32.dll
0x00007ff86b3e0000 - 0x00007ff86b44b000 	C:\WINDOWS\system32\WS2_32.dll
0x0000000061cf0000 - 0x0000000061cff000 	C:\Program Files\Java\jdk1.7.0_13\jre\bin\verify.dll
0x0000000061cc0000 - 0x0000000061ce8000 	C:\Program Files\Java\jdk1.7.0_13\jre\bin\java.dll
0x0000000061ca0000 - 0x0000000061cb5000 	C:\Program Files\Java\jdk1.7.0_13\jre\bin\zip.dll
0x0000000061c80000 - 0x0000000061c99000 	C:\Program Files\Java\jdk1.7.0_13\jre\bin\net.dll
0x00007ff8674e0000 - 0x00007ff86753c000 	C:\WINDOWS\system32\mswsock.dll
0x0000000061c60000 - 0x0000000061c71000 	C:\Program Files\Java\jdk1.7.0_13\jre\bin\nio.dll

VM Arguments:
jvm_args: -Djava.awt.headless=true -Xmx1024M -Dfile.encoding=GBK -Duser.country=CN -Duser.language=zh -Duser.variant 
java_command: com.android.dx.command.Main --dex --force-jumbo --num-threads=4 --output H:\AndroidProject\UseBaiduMap\app\build\intermediates\pre-dexed\debug\baidumapapi_map_v4_0_0_ae50b6fbe80169d9c7b7b1339ce3ac494fd9a1f1.jar H:\AndroidProject\UseBaiduMap\app\libs\baidumapapi_map_v4_0_0.jar
Launcher Type: SUN_STANDARD

Environment Variables:
JAVA_HOME=C:\Program Files\Java\jdk1.7.0_13
PATH=C:\Program Files\Java\jdk1.7.0_13\bin;C:\Program Files\Java\jdk1.7.0_13\jre\bin;C:\WINDOWS\system32;C:\WINDOWS;C:\WINDOWS\System32\Wbem;C:\WINDOWS\System32\WindowsPowerShell\v1.0\;C:\Program Files (x86)\NVIDIA Corporation\PhysX\Common;F:\matlab\bin\win32;f:\Program Files\MATLAB\R2014a\runtime\win64;f:\Program Files\MATLAB\R2014a\bin;f:\Program Files\MATLAB\R2014a\polyspace\bin;E:\Program Files (x86)\adt-bundle-windows-x86_64-20140702\sdk\platform-tools
USERNAME=Administrator
OS=Windows_NT
PROCESSOR_IDENTIFIER=Intel64 Family 6 Model 58 Stepping 9, GenuineIntel



---------------  S Y S T E M  ---------------

OS: Windows 8 , 64 bit Build 9200 

CPU:total 4 (2 cores per cpu, 2 threads per core) family 6 model 58 stepping 9, cmov, cx8, fxsr, mmx, sse, sse2, sse3, ssse3, sse4.1, sse4.2, popcnt, avx, ht, tsc, tscinvbit, tscinv

Memory: 4k page, physical 8337772k(2399532k free), swap 8337772k(5484k free)

vm_info: Java HotSpot(TM) 64-Bit Server VM (23.7-b01) for windows-amd64 JRE (1.7.0_13-b20), built on Jan 30 2013 10:10:00 by "java_re" with unknown MS VC++:1600

time: Mon Jul 25 21:18:24 2016
elapsed time: 3 seconds

