#
# There is insufficient memory for the Java Runtime Environment to continue.
# Native memory allocation (malloc) failed to allocate 941216 bytes for Chunk::new
# Possible reasons:
#   The system is out of physical RAM or swap space
#   In 32 bit mode, the process size limit was hit
# Possible solutions:
#   Reduce memory load on the system
#   Increase physical memory or swap space
#   Check if swap backing store is full
#   Use 64 bit Java on a 64 bit OS
#   Decrease Java heap size (-Xmx/-Xms)
#   Decrease number of Java threads
#   Decrease Java thread stack sizes (-Xss)
#   Set larger code cache with -XX:ReservedCodeCacheSize=
# This output file may be truncated or incomplete.
#
#  Out of Memory Error (allocation.cpp:328), pid=8912, tid=8784
#
# JRE version: 7.0_13-b20
# Java VM: Java HotSpot(TM) 64-Bit Server VM (23.7-b01 mixed mode windows-amd64 compressed oops)
# Failed to write core dump. Minidumps are not enabled by default on client versions of Windows
#

---------------  T H R E A D  ---------------

Current thread (0x0000000009812000):  JavaThread "C2 CompilerThread1" daemon [_thread_in_native, id=8784, stack(0x000000000aea0000,0x000000000afa0000)]

Stack: [0x000000000aea0000,0x000000000afa0000]

Current CompileTask:
C2:   8136  418   !         com.android.dx.cf.code.RopperMachine::run (1550 bytes)


---------------  P R O C E S S  ---------------

Java Threads: ( => current thread )
  0x000000000b2dd800 JavaThread "pool-1-thread-4" [_thread_blocked, id=3332, stack(0x000000000b9b0000,0x000000000bab0000)]
  0x000000000b2dd000 JavaThread "pool-1-thread-3" [_thread_blocked, id=12264, stack(0x000000000b8b0000,0x000000000b9b0000)]
  0x000000000b2da800 JavaThread "pool-1-thread-2" [_thread_in_Java, id=1476, stack(0x000000000b7b0000,0x000000000b8b0000)]
  0x000000000b361000 JavaThread "pool-2-thread-1" [_thread_blocked, id=4452, stack(0x000000000b6b0000,0x000000000b7b0000)]
  0x000000000b35c800 JavaThread "pool-1-thread-1" [_thread_in_Java, id=3828, stack(0x000000000b5b0000,0x000000000b6b0000)]
  0x0000000009826000 JavaThread "Service Thread" daemon [_thread_blocked, id=10424, stack(0x000000000afa0000,0x000000000b0a0000)]
=>0x0000000009812000 JavaThread "C2 CompilerThread1" daemon [_thread_in_native, id=8784, stack(0x000000000aea0000,0x000000000afa0000)]
  0x0000000009810000 JavaThread "C2 CompilerThread0" daemon [_thread_in_native, id=12276, stack(0x000000000ada0000,0x000000000aea0000)]
  0x000000000980f000 JavaThread "Attach Listener" daemon [_thread_blocked, id=3076, stack(0x000000000aca0000,0x000000000ada0000)]
  0x00000000097ea000 JavaThread "Signal Dispatcher" daemon [_thread_blocked, id=5180, stack(0x000000000aba0000,0x000000000aca0000)]
  0x0000000009781000 JavaThread "Finalizer" daemon [_thread_blocked, id=2028, stack(0x000000000aaa0000,0x000000000aba0000)]
  0x000000000977d800 JavaThread "Reference Handler" daemon [_thread_blocked, id=1740, stack(0x000000000a9a0000,0x000000000aaa0000)]
  0x00000000032ae800 JavaThread "main" [_thread_in_vm, id=4016, stack(0x0000000003190000,0x0000000003290000)]

Other Threads:
  0x0000000009776000 VMThread [stack: 0x000000000a8a0000,0x000000000a9a0000] [id=10496]
  0x0000000009870000 WatcherThread [stack: 0x000000000b0a0000,0x000000000b1a0000] [id=9276]

VM state:not at safepoint (normal execution)

VM Mutex/Monitor currently owned by a thread: None

Heap
 PSYoungGen      total 38016K, used 23724K [0x00000000eaab0000, 0x00000000ed510000, 0x0000000100000000)
  eden space 32640K, 56% used [0x00000000eaab0000,0x00000000ebc9b728,0x00000000eca90000)
  from space 5376K, 99% used [0x00000000ecfd0000,0x00000000ed50fc88,0x00000000ed510000)
  to   space 5376K, 0% used [0x00000000eca90000,0x00000000eca90000,0x00000000ecfd0000)
 ParOldGen       total 86912K, used 4661K [0x00000000c0000000, 0x00000000c54e0000, 0x00000000eaab0000)
  object space 86912K, 5% used [0x00000000c0000000,0x00000000c048d6e0,0x00000000c54e0000)
 PSPermGen       total 21248K, used 6094K [0x00000000bae00000, 0x00000000bc2c0000, 0x00000000c0000000)
  object space 21248K, 28% used [0x00000000bae00000,0x00000000bb3f3940,0x00000000bc2c0000)

Card table byte_map: [0x00000000063b0000,0x00000000065e0000] byte_map_base: 0x0000000005dd9000

Polling page: 0x0000000001630000

Code Cache  [0x00000000033b0000, 0x0000000003620000, 0x00000000063b0000)
 total_blobs=653 nmethods=416 adapters=188 free_code_cache=47536Kb largest_free_block=48644224

Compilation events (10 events):
Event: 8.105 Thread 0x0000000009812000 nmethod 417 0x000000000353d210 code [0x000000000353d340, 0x000000000353d3d8]
Event: 8.106 Thread 0x0000000009812000  418   !         com.android.dx.cf.code.RopperMachine::run (1550 bytes)
Event: 8.114 Thread 0x0000000009810000 nmethod 415 0x0000000003548a50 code [0x0000000003548c00, 0x00000000035492d8]
Event: 8.120 Thread 0x0000000009810000  419             com.android.dx.ssa.SsaInsn::<init> (29 bytes)
Event: 8.121 Thread 0x0000000009810000 nmethod 419 0x000000000352e5d0 code [0x000000000352e700, 0x000000000352e798]
Event: 8.122 Thread 0x0000000009810000  420             com.android.dx.rop.type.StdTypeList::get (9 bytes)
Event: 8.123 Thread 0x0000000009810000 nmethod 420 0x0000000003535c90 code [0x0000000003535de0, 0x0000000003535e98]
Event: 8.125 Thread 0x0000000009810000  421   !         com.android.dx.cf.code.BaseMachine::arg (36 bytes)
Event: 8.125 Thread 0x0000000009810000 nmethod 421 0x0000000003548750 code [0x0000000003548880, 0x0000000003548918]
Event: 8.130 Thread 0x0000000009810000  422             com.android.dx.cf.code.ValueAwareMachine::run (1142 bytes)

GC Heap History (4 events):
Event: 5.456 GC heap before
{Heap before GC invocations=1 (full 0):
 PSYoungGen      total 38016K, used 32640K [0x00000000eaab0000, 0x00000000ed510000, 0x0000000100000000)
  eden space 32640K, 100% used [0x00000000eaab0000,0x00000000eca90000,0x00000000eca90000)
  from space 5376K, 0% used [0x00000000ecfd0000,0x00000000ecfd0000,0x00000000ed510000)
  to   space 5376K, 0% used [0x00000000eca90000,0x00000000eca90000,0x00000000ecfd0000)
 ParOldGen       total 86912K, used 0K [0x00000000c0000000, 0x00000000c54e0000, 0x00000000eaab0000)
  object space 86912K, 0% used [0x00000000c0000000,0x00000000c0000000,0x00000000c54e0000)
 PSPermGen       total 21248K, used 5921K [0x00000000bae00000, 0x00000000bc2c0000, 0x00000000c0000000)
  object space 21248K, 27% used [0x00000000bae00000,0x00000000bb3c8498,0x00000000bc2c0000)
Event: 5.463 GC heap after
Heap after GC invocations=1 (full 0):
 PSYoungGen      total 38016K, used 5345K [0x00000000eaab0000, 0x00000000ed510000, 0x0000000100000000)
  eden space 32640K, 0% used [0x00000000eaab0000,0x00000000eaab0000,0x00000000eca90000)
  from space 5376K, 99% used [0x00000000eca90000,0x00000000ecfc8708,0x00000000ecfd0000)
  to   space 5376K, 0% used [0x00000000ecfd0000,0x00000000ecfd0000,0x00000000ed510000)
 ParOldGen       total 86912K, used 948K [0x00000000c0000000, 0x00000000c54e0000, 0x00000000eaab0000)
  object space 86912K, 1% used [0x00000000c0000000,0x00000000c00ed398,0x00000000c54e0000)
 PSPermGen       total 21248K, used 5921K [0x00000000bae00000, 0x00000000bc2c0000, 0x00000000c0000000)
  object space 21248K, 27% used [0x00000000bae00000,0x00000000bb3c8498,0x00000000bc2c0000)
}
Event: 7.247 GC heap before
{Heap before GC invocations=2 (full 0):
 PSYoungGen      total 38016K, used 37985K [0x00000000eaab0000, 0x00000000ed510000, 0x0000000100000000)
  eden space 32640K, 100% used [0x00000000eaab0000,0x00000000eca90000,0x00000000eca90000)
  from space 5376K, 99% used [0x00000000eca90000,0x00000000ecfc8708,0x00000000ecfd0000)
  to   space 5376K, 0% used [0x00000000ecfd0000,0x00000000ecfd0000,0x00000000ed510000)
 ParOldGen       total 86912K, used 948K [0x00000000c0000000, 0x00000000c54e0000, 0x00000000eaab0000)
  object space 86912K, 1% used [0x00000000c0000000,0x00000000c00ed398,0x00000000c54e0000)
 PSPermGen       total 21248K, used 6068K [0x00000000bae00000, 0x00000000bc2c0000, 0x00000000c0000000)
  object space 21248K, 28% used [0x00000000bae00000,0x00000000bb3ed010,0x00000000bc2c0000)
Event: 7.518 GC heap after
Heap after GC invocations=2 (full 0):
 PSYoungGen      total 38016K, used 5375K [0x00000000eaab0000, 0x00000000ed510000, 0x0000000100000000)
  eden space 32640K, 0% used [0x00000000eaab0000,0x00000000eaab0000,0x00000000eca90000)
  from space 5376K, 99% used [0x00000000ecfd0000,0x00000000ed50fc88,0x00000000ed510000)
  to   space 5376K, 0% used [0x00000000eca90000,0x00000000eca90000,0x00000000ecfd0000)
 ParOldGen       total 86912K, used 4661K [0x00000000c0000000, 0x00000000c54e0000, 0x00000000eaab0000)
  object space 86912K, 5% used [0x00000000c0000000,0x00000000c048d6e0,0x00000000c54e0000)
 PSPermGen       total 21248K, used 6068K [0x00000000bae00000, 0x00000000bc2c0000, 0x00000000c0000000)
  object space 21248K, 28% used [0x00000000bae00000,0x00000000bb3ed010,0x00000000bc2c0000)
}

Deoptimization events (10 events):
Event: 3.477 Thread 0x000000000b2dd000 Uncommon trap -12 fr.pc 0x00000000034393f0
Event: 3.660 Thread 0x000000000b35c800 Uncommon trap -83 fr.pc 0x000000000342ff44
Event: 4.821 Thread 0x000000000b2dd000 Uncommon trap -12 fr.pc 0x0000000003457d10
Event: 5.584 Thread 0x000000000b2dd000 Uncommon trap -12 fr.pc 0x00000000034429fc
Event: 5.899 Thread 0x00000000032ae800 Uncommon trap -12 fr.pc 0x0000000003498944
Event: 7.573 Thread 0x000000000b2dd800 Uncommon trap -83 fr.pc 0x00000000034ea960
Event: 7.605 Thread 0x000000000b35c800 Uncommon trap -12 fr.pc 0x000000000350dadc
Event: 7.636 Thread 0x000000000b2dd000 Uncommon trap -34 fr.pc 0x000000000347978c
Event: 8.132 Thread 0x000000000b2da800 Uncommon trap -83 fr.pc 0x0000000003486760
Event: 8.133 Thread 0x000000000b2da800 Uncommon trap 78 fr.pc 0x00000000034e0fe4

Internal exceptions (10 events):
Event: 5.688 Thread 0x00000000032ae800 Threw 0x00000000eb3e44d8 at C:\jdk7u2_64p\jdk7u13\hotspot\src\share\vm\prims\jvm.cpp:1166
Event: 5.689 Thread 0x00000000032ae800 Threw 0x00000000eb3e9a68 at C:\jdk7u2_64p\jdk7u13\hotspot\src\share\vm\prims\jvm.cpp:1166
Event: 5.899 Thread 0x00000000032ae800 Implicit null exception at 0x0000000003498257 to 0x0000000003498935
Event: 5.900 Thread 0x00000000032ae800 Threw 0x00000000eb42ca28 at C:\jdk7u2_64p\jdk7u13\hotspot\src\share\vm\prims\jvm.cpp:1166
Event: 5.935 Thread 0x00000000032ae800 Threw 0x00000000eb704a48 at C:\jdk7u2_64p\jdk7u13\hotspot\src\share\vm\prims\jvm.cpp:1166
Event: 5.935 Thread 0x00000000032ae800 Threw 0x00000000eb706c48 at C:\jdk7u2_64p\jdk7u13\hotspot\src\share\vm\prims\jvm.cpp:1166
Event: 6.399 Thread 0x000000000b35c800 Threw 0x00000000ec3bab18 at C:\jdk7u2_64p\jdk7u13\hotspot\src\share\vm\prims\jvm.cpp:1166
Event: 7.605 Thread 0x000000000b35c800 Implicit null exception at 0x000000000350d248 to 0x000000000350dacd
Event: 8.103 Thread 0x000000000b2dd800 Threw 0x00000000eba46130 at C:\jdk7u2_64p\jdk7u13\hotspot\src\share\vm\prims\jvm.cpp:1166
Event: 8.133 Thread 0x000000000b2da800 Threw 0x00000000ebc0cf78 at C:\jdk7u2_64p\jdk7u13\hotspot\src\share\vm\prims\jvm.cpp:1166

Events (10 events):
Event: 7.605 Thread 0x000000000b35c800 DEOPT PACKING pc=0x000000000350dadc sp=0x000000000b6aed60
Event: 7.605 Thread 0x000000000b35c800 DEOPT UNPACKING pc=0x00000000033e9164 sp=0x000000000b6aec98 mode 2
Event: 7.636 Thread 0x000000000b2dd000 DEOPT PACKING pc=0x000000000347978c sp=0x000000000b9aec90
Event: 7.636 Thread 0x000000000b2dd000 DEOPT UNPACKING pc=0x00000000033e9164 sp=0x000000000b9aec38 mode 2
Event: 8.103 loading class 0x000000000b3f2ee0
Event: 8.103 loading class 0x000000000b3f2ee0 done
Event: 8.132 Thread 0x000000000b2da800 DEOPT PACKING pc=0x0000000003486760 sp=0x000000000b8aebf0
Event: 8.132 Thread 0x000000000b2da800 DEOPT UNPACKING pc=0x00000000033e9164 sp=0x000000000b8aeb58 mode 2
Event: 8.133 loading class 0x000000000b3f2fa0
Event: 8.133 loading class 0x000000000b3f2fa0 done


Dynamic libraries:
0x00007ff7e5c30000 - 0x00007ff7e5c63000 	C:\Program Files\Java\jdk1.7.0_13\bin\java.exe
0x00007ffb14850000 - 0x00007ffb14a11000 	C:\WINDOWS\SYSTEM32\ntdll.dll
0x00007ffb130a0000 - 0x00007ffb1314d000 	C:\WINDOWS\system32\KERNEL32.DLL
0x00007ffb11150000 - 0x00007ffb11338000 	C:\WINDOWS\system32\KERNELBASE.dll
0x00007ffb14280000 - 0x00007ffb14327000 	C:\WINDOWS\system32\ADVAPI32.dll
0x00007ffb141e0000 - 0x00007ffb1427d000 	C:\WINDOWS\system32\msvcrt.dll
0x00007ffb13150000 - 0x00007ffb131ab000 	C:\WINDOWS\system32\sechost.dll
0x00007ffb13b60000 - 0x00007ffb13c7c000 	C:\WINDOWS\system32\RPCRT4.dll
0x00007ffb131b0000 - 0x00007ffb13306000 	C:\WINDOWS\system32\USER32.dll
0x00007ffb14330000 - 0x00007ffb144b6000 	C:\WINDOWS\system32\GDI32.dll
0x00007ffb0b300000 - 0x00007ffb0b574000 	C:\WINDOWS\WinSxS\amd64_microsoft.windows.common-controls_6595b64144ccf1df_6.0.10586.0_none_8c15ae12515e1c22\COMCTL32.dll
0x00007ffb13450000 - 0x00007ffb136cd000 	C:\WINDOWS\system32\combase.dll
0x00007ffb10e50000 - 0x00007ffb10eba000 	C:\WINDOWS\system32\bcryptPrimitives.dll
0x00007ffb139f0000 - 0x00007ffb13a2b000 	C:\WINDOWS\system32\IMM32.DLL
0x000000005a590000 - 0x000000005a661000 	C:\Program Files\Java\jdk1.7.0_13\jre\bin\msvcr100.dll
0x000000005aba0000 - 0x000000005b2bf000 	C:\Program Files\Java\jdk1.7.0_13\jre\bin\server\jvm.dll
0x00007ffb10cb0000 - 0x00007ffb10cd3000 	C:\WINDOWS\system32\WINMM.dll
0x00007ffb10c40000 - 0x00007ffb10c6c000 	C:\WINDOWS\system32\WINMMBASE.dll
0x00007ffb11a40000 - 0x00007ffb11a83000 	C:\WINDOWS\system32\cfgmgr32.dll
0x00007ffb13c90000 - 0x00007ffb13c98000 	C:\WINDOWS\system32\PSAPI.DLL
0x00007ffafa760000 - 0x00007ffafa769000 	C:\WINDOWS\SYSTEM32\WSOCK32.dll
0x00007ffb13310000 - 0x00007ffb1337b000 	C:\WINDOWS\system32\WS2_32.dll
0x000000005ba20000 - 0x000000005ba2f000 	C:\Program Files\Java\jdk1.7.0_13\jre\bin\verify.dll
0x000000005b9f0000 - 0x000000005ba18000 	C:\Program Files\Java\jdk1.7.0_13\jre\bin\java.dll
0x000000005b9d0000 - 0x000000005b9e5000 	C:\Program Files\Java\jdk1.7.0_13\jre\bin\zip.dll
0x000000005b9b0000 - 0x000000005b9c9000 	C:\Program Files\Java\jdk1.7.0_13\jre\bin\net.dll
0x00007ffb10510000 - 0x00007ffb1056c000 	C:\WINDOWS\system32\mswsock.dll
0x000000005b990000 - 0x000000005b9a1000 	C:\Program Files\Java\jdk1.7.0_13\jre\bin\nio.dll

VM Arguments:
jvm_args: -Djava.awt.headless=true -Xmx1024M -Dfile.encoding=GBK -Duser.country=CN -Duser.language=zh -Duser.variant 
java_command: com.android.dx.command.Main --dex --num-threads=4 --output H:\AndroidProject\UseBaiduMap\app\build\intermediates\pre-dexed\debug\internal_impl-23.4.0_8b6439c1c00296b310921a70d9504e5f3457e2ac.jar H:\AndroidProject\UseBaiduMap\app\build\intermediates\exploded-aar\com.android.support\support-v4\23.4.0\jars\libs\internal_impl-23.4.0.jar
Launcher Type: SUN_STANDARD

Environment Variables:
JAVA_HOME=C:\Program Files\Java\jdk1.7.0_13
PATH=C:\Program Files\Java\jdk1.7.0_13\bin;C:\Program Files\Java\jdk1.7.0_13\jre\bin;C:\WINDOWS\system32;C:\WINDOWS;C:\WINDOWS\System32\Wbem;C:\WINDOWS\System32\WindowsPowerShell\v1.0\;C:\Program Files (x86)\NVIDIA Corporation\PhysX\Common;F:\matlab\bin\win32;f:\Program Files\MATLAB\R2014a\runtime\win64;f:\Program Files\MATLAB\R2014a\bin;f:\Program Files\MATLAB\R2014a\polyspace\bin;E:\Program Files (x86)\adt-bundle-windows-x86_64-20140702\sdk\platform-tools
USERNAME=Administrator
OS=Windows_NT
PROCESSOR_IDENTIFIER=Intel64 Family 6 Model 58 Stepping 9, GenuineIntel



---------------  S Y S T E M  ---------------

OS: Windows 8 , 64 bit Build 9200 

CPU:total 4 (2 cores per cpu, 2 threads per core) family 6 model 58 stepping 9, cmov, cx8, fxsr, mmx, sse, sse2, sse3, ssse3, sse4.1, sse4.2, popcnt, avx, ht, tsc, tscinvbit, tscinv

Memory: 4k page, physical 8337772k(1946856k free), swap 8337772k(5516k free)

vm_info: Java HotSpot(TM) 64-Bit Server VM (23.7-b01) for windows-amd64 JRE (1.7.0_13-b20), built on Jan 30 2013 10:10:00 by "java_re" with unknown MS VC++:1600

time: Sun Jun 26 14:02:26 2016
elapsed time: 8 seconds

