#
# There is insufficient memory for the Java Runtime Environment to continue.
# Native memory allocation (malloc) failed to allocate 794816 bytes for Chunk::new
# Possible reasons:
#   The system is out of physical RAM or swap space
#   In 32 bit mode, the process size limit was hit
# Possible solutions:
#   Reduce memory load on the system
#   Increase physical memory or swap space
#   Check if swap backing store is full
#   Use 64 bit Java on a 64 bit OS
#   Decrease Java heap size (-Xmx/-Xms)
#   Decrease number of Java threads
#   Decrease Java thread stack sizes (-Xss)
#   Set larger code cache with -XX:ReservedCodeCacheSize=
# This output file may be truncated or incomplete.
#
#  Out of Memory Error (allocation.cpp:328), pid=10488, tid=10868
#
# JRE version: 7.0_13-b20
# Java VM: Java HotSpot(TM) 64-Bit Server VM (23.7-b01 mixed mode windows-amd64 compressed oops)
# Failed to write core dump. Minidumps are not enabled by default on client versions of Windows
#

---------------  T H R E A D  ---------------

Current thread (0x00000000097d0800):  JavaThread "C2 CompilerThread0" daemon [_thread_in_native, id=10868, stack(0x000000000ad60000,0x000000000ae60000)]

Stack: [0x000000000ad60000,0x000000000ae60000]

Current CompileTask:
C2:   1074  196             com.android.dx.ssa.Dominators::run (506 bytes)


---------------  P R O C E S S  ---------------

Java Threads: ( => current thread )
  0x000000000b264000 JavaThread "pool-1-thread-4" [_thread_in_vm, id=11216, stack(0x000000000b960000,0x000000000ba60000)]
  0x000000000b240800 JavaThread "pool-1-thread-3" [_thread_in_Java, id=11192, stack(0x000000000b860000,0x000000000b960000)]
  0x000000000b1b2800 JavaThread "pool-1-thread-2" [_thread_blocked, id=6976, stack(0x000000000b760000,0x000000000b860000)]
  0x000000000b1b5000 JavaThread "pool-2-thread-1" [_thread_blocked, id=10784, stack(0x000000000b660000,0x000000000b760000)]
  0x000000000b1b4800 JavaThread "pool-1-thread-1" [_thread_blocked, id=7232, stack(0x000000000b560000,0x000000000b660000)]
  0x00000000097e7800 JavaThread "Service Thread" daemon [_thread_blocked, id=5732, stack(0x000000000af60000,0x000000000b060000)]
  0x00000000097d2000 JavaThread "C2 CompilerThread1" daemon [_thread_in_native, id=10588, stack(0x000000000ae60000,0x000000000af60000)]
=>0x00000000097d0800 JavaThread "C2 CompilerThread0" daemon [_thread_in_native, id=10868, stack(0x000000000ad60000,0x000000000ae60000)]
  0x00000000097cf000 JavaThread "Attach Listener" daemon [_thread_blocked, id=10412, stack(0x000000000ac60000,0x000000000ad60000)]
  0x00000000097a9800 JavaThread "Signal Dispatcher" daemon [_thread_blocked, id=8220, stack(0x000000000ab60000,0x000000000ac60000)]
  0x0000000009746800 JavaThread "Finalizer" daemon [_thread_in_vm, id=10580, stack(0x000000000aa60000,0x000000000ab60000)]
  0x000000000973d800 JavaThread "Reference Handler" daemon [_thread_blocked, id=10332, stack(0x000000000a960000,0x000000000aa60000)]
  0x0000000002dfe800 JavaThread "main" [_thread_in_Java, id=10880, stack(0x0000000003170000,0x0000000003270000)]

Other Threads:
  0x0000000009736000 VMThread [stack: 0x000000000a860000,0x000000000a960000] [id=10348]
  0x0000000009807800 WatcherThread [stack: 0x000000000b060000,0x000000000b160000] [id=3188]

VM state:not at safepoint (normal execution)

VM Mutex/Monitor currently owned by a thread:  ([mutex/lock_event])
[0x0000000002dfc630] MethodData_lock - owner thread: 0x000000000b1b2800

Heap
 PSYoungGen      total 38016K, used 8216K [0x00000000eaab0000, 0x00000000ef4f0000, 0x0000000100000000)
  eden space 32640K, 8% used [0x00000000eaab0000,0x00000000ead7af30,0x00000000eca90000)
  from space 5376K, 99% used [0x00000000eca90000,0x00000000ecfcb108,0x00000000ecfd0000)
  to   space 5376K, 0% used [0x00000000eefb0000,0x00000000eefb0000,0x00000000ef4f0000)
 ParOldGen       total 86912K, used 3006K [0x00000000c0000000, 0x00000000c54e0000, 0x00000000eaab0000)
  object space 86912K, 3% used [0x00000000c0000000,0x00000000c02ef9b0,0x00000000c54e0000)
 PSPermGen       total 21248K, used 5549K [0x00000000bae00000, 0x00000000bc2c0000, 0x00000000c0000000)
  object space 21248K, 26% used [0x00000000bae00000,0x00000000bb36b700,0x00000000bc2c0000)

Card table byte_map: [0x0000000006370000,0x00000000065a0000] byte_map_base: 0x0000000005d99000

Polling page: 0x0000000002d00000

Code Cache  [0x0000000003370000, 0x00000000035e0000, 0x0000000006370000)
 total_blobs=414 nmethods=199 adapters=166 free_code_cache=48314Kb largest_free_block=49411776

Compilation events (10 events):
Event: 1.017 Thread 0x00000000097d0800 nmethod 193 0x0000000003421d10 code [0x0000000003421e60, 0x0000000003422058]
Event: 1.017 Thread 0x00000000097d0800  194             com.android.dx.rop.cst.Constant::<init> (5 bytes)
Event: 1.017 Thread 0x00000000097d0800 nmethod 194 0x00000000034147d0 code [0x0000000003414900, 0x0000000003414958]
Event: 1.017 Thread 0x00000000097d0800  195             com.android.dx.ssa.SsaMethod::bitSetFromLabelList (47 bytes)
Event: 1.031 Thread 0x00000000097d0800 nmethod 195 0x0000000003425710 code [0x0000000003425880, 0x0000000003425c88]
Event: 1.031 Thread 0x00000000097d0800  196             com.android.dx.ssa.Dominators::run (506 bytes)
Event: 1.054 Thread 0x00000000097d2000 nmethod 190 0x000000000344c390 code [0x000000000344c680, 0x000000000344db58]
Event: 1.054 Thread 0x00000000097d2000  197             com.android.dx.ssa.SsaBasicBlock::getRopLabel (5 bytes)
Event: 1.054 Thread 0x00000000097d2000 nmethod 197 0x0000000003425510 code [0x0000000003425640, 0x0000000003425698]
Event: 1.054 Thread 0x00000000097d2000  198             com.android.dx.dex.code.OutputFinisher::add (15 bytes)

GC Heap History (2 events):
Event: 1.057 GC heap before
{Heap before GC invocations=1 (full 0):
 PSYoungGen      total 38016K, used 32640K [0x00000000eaab0000, 0x00000000ed510000, 0x0000000100000000)
  eden space 32640K, 100% used [0x00000000eaab0000,0x00000000eca90000,0x00000000eca90000)
  from space 5376K, 0% used [0x00000000ecfd0000,0x00000000ecfd0000,0x00000000ed510000)
  to   space 5376K, 0% used [0x00000000eca90000,0x00000000eca90000,0x00000000ecfd0000)
 ParOldGen       total 86912K, used 0K [0x00000000c0000000, 0x00000000c54e0000, 0x00000000eaab0000)
  object space 86912K, 0% used [0x00000000c0000000,0x00000000c0000000,0x00000000c54e0000)
 PSPermGen       total 21248K, used 5546K [0x00000000bae00000, 0x00000000bc2c0000, 0x00000000c0000000)
  object space 21248K, 26% used [0x00000000bae00000,0x00000000bb36aae0,0x00000000bc2c0000)
Event: 1.069 GC heap after
Heap after GC invocations=1 (full 0):
 PSYoungGen      total 38016K, used 5356K [0x00000000eaab0000, 0x00000000ef4f0000, 0x0000000100000000)
  eden space 32640K, 0% used [0x00000000eaab0000,0x00000000eaab0000,0x00000000eca90000)
  from space 5376K, 99% used [0x00000000eca90000,0x00000000ecfcb108,0x00000000ecfd0000)
  to   space 5376K, 0% used [0x00000000eefb0000,0x00000000eefb0000,0x00000000ef4f0000)
 ParOldGen       total 86912K, used 3006K [0x00000000c0000000, 0x00000000c54e0000, 0x00000000eaab0000)
  object space 86912K, 3% used [0x00000000c0000000,0x00000000c02ef9b0,0x00000000c54e0000)
 PSPermGen       total 21248K, used 5546K [0x00000000bae00000, 0x00000000bc2c0000, 0x00000000c0000000)
  object space 21248K, 26% used [0x00000000bae00000,0x00000000bb36aae0,0x00000000bc2c0000)
}

Deoptimization events (10 events):
Event: 0.742 Thread 0x000000000b264000 Uncommon trap -83 fr.pc 0x0000000003403ec0
Event: 0.768 Thread 0x000000000b1b2800 Uncommon trap -83 fr.pc 0x0000000003404250
Event: 0.769 Thread 0x000000000b1b4800 Uncommon trap -83 fr.pc 0x00000000033fb360
Event: 0.775 Thread 0x000000000b1b4800 Uncommon trap 52 fr.pc 0x00000000033eacc0
Event: 0.775 Thread 0x000000000b1b2800 Uncommon trap -83 fr.pc 0x000000000340f4d8
Event: 0.799 Thread 0x000000000b264000 Uncommon trap -34 fr.pc 0x00000000034005a0
Event: 0.834 Thread 0x000000000b264000 Uncommon trap -34 fr.pc 0x00000000034005a0
Event: 0.834 Thread 0x000000000b264000 Uncommon trap -34 fr.pc 0x00000000034005a0
Event: 0.855 Thread 0x000000000b1b2800 Uncommon trap -34 fr.pc 0x00000000034005a0
Event: 1.030 Thread 0x000000000b1b2800 Uncommon trap -83 fr.pc 0x00000000033d8784

Internal exceptions (10 events):
Event: 0.479 Thread 0x000000000b1b2800 Threw 0x00000000eb2c08e8 at C:\jdk7u2_64p\jdk7u13\hotspot\src\share\vm\prims\jvm.cpp:1166
Event: 0.480 Thread 0x0000000002dfe800 Threw 0x00000000eb4d99b8 at C:\jdk7u2_64p\jdk7u13\hotspot\src\share\vm\prims\jvm.cpp:1166
Event: 0.480 Thread 0x0000000002dfe800 Threw 0x00000000eb4dca70 at C:\jdk7u2_64p\jdk7u13\hotspot\src\share\vm\prims\jvm.cpp:1166
Event: 0.480 Thread 0x0000000002dfe800 Threw 0x00000000eb4e37a8 at C:\jdk7u2_64p\jdk7u13\hotspot\src\share\vm\prims\jvm.cpp:1166
Event: 0.480 Thread 0x000000000b1b4800 Threw 0x00000000eb3ccc48 at C:\jdk7u2_64p\jdk7u13\hotspot\src\share\vm\prims\jvm.cpp:1166
Event: 0.518 Thread 0x000000000b1b4800 Threw 0x00000000eb419828 at C:\jdk7u2_64p\jdk7u13\hotspot\src\share\vm\prims\jvm.cpp:1166
Event: 0.719 Thread 0x0000000002dfe800 Threw 0x00000000ebbfeab0 at C:\jdk7u2_64p\jdk7u13\hotspot\src\share\vm\prims\jvm.cpp:1166
Event: 0.720 Thread 0x0000000002dfe800 Threw 0x00000000ebc04b50 at C:\jdk7u2_64p\jdk7u13\hotspot\src\share\vm\prims\jvm.cpp:1166
Event: 0.793 Thread 0x0000000002dfe800 Threw 0x00000000ebf73b28 at C:\jdk7u2_64p\jdk7u13\hotspot\src\share\vm\prims\jvm.cpp:1166
Event: 0.868 Thread 0x000000000b1b2800 Threw 0x00000000ec427a90 at C:\jdk7u2_64p\jdk7u13\hotspot\src\share\vm\prims\jvm.cpp:1166

Events (10 events):
Event: 0.868 loading class 0x000000000b1abba0
Event: 0.868 loading class 0x000000000b1abba0 done
Event: 0.871 loading class 0x000000000968a620
Event: 0.872 loading class 0x000000000968a620 done
Event: 0.872 loading class 0x000000000974a080
Event: 0.872 loading class 0x000000000974a080 done
Event: 1.030 Thread 0x000000000b1b2800 DEOPT PACKING pc=0x00000000033d8784 sp=0x000000000b85e970
Event: 1.030 Thread 0x000000000b1b2800 DEOPT UNPACKING pc=0x00000000033a9164 sp=0x000000000b85e910 mode 2
Event: 1.057 Executing VM operation: ParallelGCFailedAllocation
Event: 1.069 Executing VM operation: ParallelGCFailedAllocation done


Dynamic libraries:
0x00007ff7d2ba0000 - 0x00007ff7d2bd3000 	C:\Program Files\Java\jdk1.7.0_13\bin\java.exe
0x00007ff86b820000 - 0x00007ff86b9e1000 	C:\WINDOWS\SYSTEM32\ntdll.dll
0x00007ff869100000 - 0x00007ff8691ad000 	C:\WINDOWS\system32\KERNEL32.DLL
0x00007ff868850000 - 0x00007ff868a38000 	C:\WINDOWS\system32\KERNELBASE.dll
0x00007ff868a60000 - 0x00007ff868b07000 	C:\WINDOWS\system32\ADVAPI32.dll
0x00007ff8691b0000 - 0x00007ff86924d000 	C:\WINDOWS\system32\msvcrt.dll
0x00007ff8697c0000 - 0x00007ff86981b000 	C:\WINDOWS\system32\sechost.dll
0x00007ff86b2c0000 - 0x00007ff86b3dc000 	C:\WINDOWS\system32\RPCRT4.dll
0x00007ff869820000 - 0x00007ff869976000 	C:\WINDOWS\system32\USER32.dll
0x00007ff8694e0000 - 0x00007ff869666000 	C:\WINDOWS\system32\GDI32.dll
0x00007ff8627c0000 - 0x00007ff862a34000 	C:\WINDOWS\WinSxS\amd64_microsoft.windows.common-controls_6595b64144ccf1df_6.0.10586.494_none_a2d8b04ea53e3145\COMCTL32.dll
0x00007ff869260000 - 0x00007ff8694dd000 	C:\WINDOWS\system32\combase.dll
0x00007ff868470000 - 0x00007ff8684da000 	C:\WINDOWS\system32\bcryptPrimitives.dll
0x00007ff86b5c0000 - 0x00007ff86b5fb000 	C:\WINDOWS\system32\IMM32.DLL
0x0000000060840000 - 0x0000000060911000 	C:\Program Files\Java\jdk1.7.0_13\jre\bin\msvcr100.dll
0x0000000060e50000 - 0x000000006156f000 	C:\Program Files\Java\jdk1.7.0_13\jre\bin\server\jvm.dll
0x00007ff868530000 - 0x00007ff868553000 	C:\WINDOWS\system32\WINMM.dll
0x00007ff867c40000 - 0x00007ff867c6c000 	C:\WINDOWS\system32\WINMMBASE.dll
0x00007ff868420000 - 0x00007ff868463000 	C:\WINDOWS\system32\cfgmgr32.dll
0x00007ff853730000 - 0x00007ff853739000 	C:\WINDOWS\SYSTEM32\WSOCK32.dll
0x00007ff869980000 - 0x00007ff869988000 	C:\WINDOWS\system32\PSAPI.DLL
0x00007ff86b3e0000 - 0x00007ff86b44b000 	C:\WINDOWS\system32\WS2_32.dll
0x0000000061cf0000 - 0x0000000061cff000 	C:\Program Files\Java\jdk1.7.0_13\jre\bin\verify.dll
0x0000000061cc0000 - 0x0000000061ce8000 	C:\Program Files\Java\jdk1.7.0_13\jre\bin\java.dll
0x0000000061ca0000 - 0x0000000061cb5000 	C:\Program Files\Java\jdk1.7.0_13\jre\bin\zip.dll

VM Arguments:
jvm_args: -Djava.awt.headless=true -Xmx1024M -Dfile.encoding=GBK -Duser.country=CN -Duser.language=zh -Duser.variant 
java_command: com.android.dx.command.Main --dex --force-jumbo --num-threads=4 --output H:\AndroidProject\UseBaiduMap\app\build\intermediates\pre-dexed\debug\main_053c19fed1caaef75420876c86bd3ef8c026449c.jar H:\AndroidProject\UseBaiduMap\app\build\intermediates\transforms\instantRun\debug\folders\1\5\main
Launcher Type: SUN_STANDARD

Environment Variables:
JAVA_HOME=C:\Program Files\Java\jdk1.7.0_13
PATH=C:\Program Files\Java\jdk1.7.0_13\bin;C:\Program Files\Java\jdk1.7.0_13\jre\bin;C:\WINDOWS\system32;C:\WINDOWS;C:\WINDOWS\System32\Wbem;C:\WINDOWS\System32\WindowsPowerShell\v1.0\;C:\Program Files (x86)\NVIDIA Corporation\PhysX\Common;F:\matlab\bin\win32;f:\Program Files\MATLAB\R2014a\runtime\win64;f:\Program Files\MATLAB\R2014a\bin;f:\Program Files\MATLAB\R2014a\polyspace\bin;E:\Program Files (x86)\adt-bundle-windows-x86_64-20140702\sdk\platform-tools
USERNAME=Administrator
OS=Windows_NT
PROCESSOR_IDENTIFIER=Intel64 Family 6 Model 58 Stepping 9, GenuineIntel



---------------  S Y S T E M  ---------------

OS: Windows 8 , 64 bit Build 9200 

CPU:total 4 (2 cores per cpu, 2 threads per core) family 6 model 58 stepping 9, cmov, cx8, fxsr, mmx, sse, sse2, sse3, ssse3, sse4.1, sse4.2, popcnt, avx, ht, tsc, tscinvbit, tscinv

Memory: 4k page, physical 8337772k(1936724k free), swap 8337772k(5452k free)

vm_info: Java HotSpot(TM) 64-Bit Server VM (23.7-b01) for windows-amd64 JRE (1.7.0_13-b20), built on Jan 30 2013 10:10:00 by "java_re" with unknown MS VC++:1600

time: Mon Jul 25 21:14:56 2016
elapsed time: 1 seconds

