#
# There is insufficient memory for the Java Runtime Environment to continue.
# Native memory allocation (malloc) failed to allocate 42448 bytes for Chunk::new
# Possible reasons:
#   The system is out of physical RAM or swap space
#   In 32 bit mode, the process size limit was hit
# Possible solutions:
#   Reduce memory load on the system
#   Increase physical memory or swap space
#   Check if swap backing store is full
#   Use 64 bit Java on a 64 bit OS
#   Decrease Java heap size (-Xmx/-Xms)
#   Decrease number of Java threads
#   Decrease Java thread stack sizes (-Xss)
#   Set larger code cache with -XX:ReservedCodeCacheSize=
# This output file may be truncated or incomplete.
#
#  Out of Memory Error (allocation.cpp:328), pid=14052, tid=13568
#
# JRE version: 7.0_13-b20
# Java VM: Java HotSpot(TM) 64-Bit Server VM (23.7-b01 mixed mode windows-amd64 compressed oops)
# Failed to write core dump. Minidumps are not enabled by default on client versions of Windows
#

---------------  T H R E A D  ---------------

Current thread (0x0000000008c37000):  JavaThread "C2 CompilerThread0" daemon [_thread_in_native, id=13568, stack(0x000000000a1c0000,0x000000000a2c0000)]

Stack: [0x000000000a1c0000,0x000000000a2c0000]

Current CompileTask:
C2:  11408  623             com.android.dx.dex.code.OutputFinisher::align64bits (247 bytes)


---------------  P R O C E S S  ---------------

Java Threads: ( => current thread )
  0x0000000008c2d800 JavaThread "Service Thread" daemon [_thread_blocked, id=13892, stack(0x000000000a3c0000,0x000000000a4c0000)]
  0x0000000008c3a800 JavaThread "C2 CompilerThread1" daemon [_thread_in_native, id=11516, stack(0x000000000a2c0000,0x000000000a3c0000)]
=>0x0000000008c37000 JavaThread "C2 CompilerThread0" daemon [_thread_in_native, id=13568, stack(0x000000000a1c0000,0x000000000a2c0000)]
  0x0000000008c31000 JavaThread "Attach Listener" daemon [_thread_blocked, id=8780, stack(0x000000000a0c0000,0x000000000a1c0000)]
  0x0000000008c30000 JavaThread "Signal Dispatcher" daemon [_thread_blocked, id=13864, stack(0x0000000009fc0000,0x000000000a0c0000)]
  0x0000000008ba2000 JavaThread "Finalizer" daemon [_thread_blocked, id=7996, stack(0x0000000009ec0000,0x0000000009fc0000)]
  0x0000000008b9e800 JavaThread "Reference Handler" daemon [_thread_blocked, id=11588, stack(0x0000000009dc0000,0x0000000009ec0000)]
  0x00000000027ce800 JavaThread "main" [_thread_in_vm, id=14372, stack(0x00000000021a0000,0x00000000022a0000)]

Other Threads:
  0x0000000008b96000 VMThread [stack: 0x0000000009cc0000,0x0000000009dc0000] [id=2544]
  0x0000000008c55800 WatcherThread [stack: 0x000000000a4c0000,0x000000000a5c0000] [id=11328]

VM state:not at safepoint (normal execution)

VM Mutex/Monitor currently owned by a thread: None

Heap
 PSYoungGen      total 30912K, used 9426K [0x00000000eaab0000, 0x00000000f02d0000, 0x0000000100000000)
  eden space 25536K, 15% used [0x00000000eaab0000,0x00000000eaeabe68,0x00000000ec3a0000)
  from space 5376K, 99% used [0x00000000ecfd0000,0x00000000ed508c80,0x00000000ed510000)
  to   space 12480K, 0% used [0x00000000ec3a0000,0x00000000ec3a0000,0x00000000ecfd0000)
 ParOldGen       total 86912K, used 25368K [0x00000000c0000000, 0x00000000c54e0000, 0x00000000eaab0000)
  object space 86912K, 29% used [0x00000000c0000000,0x00000000c18c6368,0x00000000c54e0000)
 PSPermGen       total 21248K, used 6262K [0x00000000bae00000, 0x00000000bc2c0000, 0x00000000c0000000)
  object space 21248K, 29% used [0x00000000bae00000,0x00000000bb41db10,0x00000000bc2c0000)

Card table byte_map: [0x00000000057d0000,0x0000000005a00000] byte_map_base: 0x00000000051f9000

Polling page: 0x0000000000a50000

Code Cache  [0x00000000027d0000, 0x0000000002a40000, 0x00000000057d0000)
 total_blobs=851 nmethods=614 adapters=188 free_code_cache=46849Kb largest_free_block=47930176

Compilation events (10 events):
Event: 11.339 Thread 0x0000000008c3a800 nmethod 617 0x0000000002898d90 code [0x0000000002898f40, 0x0000000002899610]
Event: 11.343 Thread 0x0000000008c3a800  621             com.android.dx.dex.code.Dop::getFormat (5 bytes)
Event: 11.343 Thread 0x0000000008c3a800 nmethod 621 0x0000000002898ad0 code [0x0000000002898c00, 0x0000000002898c58]
Event: 11.343 Thread 0x0000000008c37000 nmethod 620 0x0000000002a19450 code [0x0000000002a19640, 0x0000000002a19c80]
Event: 11.344 Thread 0x0000000008c3a800  622             com.android.dx.dex.code.ZeroSizeInsn::codeSize (2 bytes)
Event: 11.345 Thread 0x0000000008c3a800 nmethod 622 0x0000000002a19250 code [0x0000000002a19380, 0x0000000002a193d8]
Event: 11.396 Thread 0x0000000008c37000  623             com.android.dx.dex.code.OutputFinisher::align64bits (247 bytes)
Event: 11.397 Thread 0x0000000008c3a800  624             com.android.dx.dex.code.DalvInsn::getRegisters (5 bytes)
Event: 11.397 Thread 0x0000000008c3a800 nmethod 624 0x0000000002a19050 code [0x0000000002a19180, 0x0000000002a191d8]
Event: 11.398 Thread 0x0000000008c3a800    6 %           com.android.dx.dex.code.LocalList$MakeState::snapshot @ 16 (110 bytes)

GC Heap History (10 events):
Event: 7.231 GC heap before
{Heap before GC invocations=2 (full 0):
 PSYoungGen      total 38016K, used 38003K [0x00000000eaab0000, 0x00000000ed510000, 0x0000000100000000)
  eden space 32640K, 100% used [0x00000000eaab0000,0x00000000eca90000,0x00000000eca90000)
  from space 5376K, 99% used [0x00000000eca90000,0x00000000ecfccde0,0x00000000ecfd0000)
  to   space 5376K, 0% used [0x00000000ecfd0000,0x00000000ecfd0000,0x00000000ed510000)
 ParOldGen       total 86912K, used 872K [0x00000000c0000000, 0x00000000c54e0000, 0x00000000eaab0000)
  object space 86912K, 1% used [0x00000000c0000000,0x00000000c00da1e0,0x00000000c54e0000)
 PSPermGen       total 21248K, used 6042K [0x00000000bae00000, 0x00000000bc2c0000, 0x00000000c0000000)
  object space 21248K, 28% used [0x00000000bae00000,0x00000000bb3e69e0,0x00000000bc2c0000)
Event: 7.271 GC heap after
Heap after GC invocations=2 (full 0):
 PSYoungGen      total 38016K, used 5356K [0x00000000eaab0000, 0x00000000ed510000, 0x0000000100000000)
  eden space 32640K, 0% used [0x00000000eaab0000,0x00000000eaab0000,0x00000000eca90000)
  from space 5376K, 99% used [0x00000000ecfd0000,0x00000000ed50b0b8,0x00000000ed510000)
  to   space 5376K, 0% used [0x00000000eca90000,0x00000000eca90000,0x00000000ecfd0000)
 ParOldGen       total 86912K, used 5719K [0x00000000c0000000, 0x00000000c54e0000, 0x00000000eaab0000)
  object space 86912K, 6% used [0x00000000c0000000,0x00000000c0595ef0,0x00000000c54e0000)
 PSPermGen       total 21248K, used 6042K [0x00000000bae00000, 0x00000000bc2c0000, 0x00000000c0000000)
  object space 21248K, 28% used [0x00000000bae00000,0x00000000bb3e69e0,0x00000000bc2c0000)
}
Event: 8.735 GC heap before
{Heap before GC invocations=3 (full 0):
 PSYoungGen      total 38016K, used 37996K [0x00000000eaab0000, 0x00000000ed510000, 0x0000000100000000)
  eden space 32640K, 100% used [0x00000000eaab0000,0x00000000eca90000,0x00000000eca90000)
  from space 5376K, 99% used [0x00000000ecfd0000,0x00000000ed50b0b8,0x00000000ed510000)
  to   space 5376K, 0% used [0x00000000eca90000,0x00000000eca90000,0x00000000ecfd0000)
 ParOldGen       total 86912K, used 5719K [0x00000000c0000000, 0x00000000c54e0000, 0x00000000eaab0000)
  object space 86912K, 6% used [0x00000000c0000000,0x00000000c0595ef0,0x00000000c54e0000)
 PSPermGen       total 21248K, used 6065K [0x00000000bae00000, 0x00000000bc2c0000, 0x00000000c0000000)
  object space 21248K, 28% used [0x00000000bae00000,0x00000000bb3ec438,0x00000000bc2c0000)
Event: 8.747 GC heap after
Heap after GC invocations=3 (full 0):
 PSYoungGen      total 38016K, used 5361K [0x00000000eaab0000, 0x00000000ed510000, 0x0000000100000000)
  eden space 32640K, 0% used [0x00000000eaab0000,0x00000000eaab0000,0x00000000eca90000)
  from space 5376K, 99% used [0x00000000eca90000,0x00000000ecfcc540,0x00000000ecfd0000)
  to   space 5376K, 0% used [0x00000000ecfd0000,0x00000000ecfd0000,0x00000000ed510000)
 ParOldGen       total 86912K, used 10653K [0x00000000c0000000, 0x00000000c54e0000, 0x00000000eaab0000)
  object space 86912K, 12% used [0x00000000c0000000,0x00000000c0a67720,0x00000000c54e0000)
 PSPermGen       total 21248K, used 6065K [0x00000000bae00000, 0x00000000bc2c0000, 0x00000000c0000000)
  object space 21248K, 28% used [0x00000000bae00000,0x00000000bb3ec438,0x00000000bc2c0000)
}
Event: 9.148 GC heap before
{Heap before GC invocations=4 (full 0):
 PSYoungGen      total 38016K, used 38001K [0x00000000eaab0000, 0x00000000ed510000, 0x0000000100000000)
  eden space 32640K, 100% used [0x00000000eaab0000,0x00000000eca90000,0x00000000eca90000)
  from space 5376K, 99% used [0x00000000eca90000,0x00000000ecfcc540,0x00000000ecfd0000)
  to   space 5376K, 0% used [0x00000000ecfd0000,0x00000000ecfd0000,0x00000000ed510000)
 ParOldGen       total 86912K, used 10653K [0x00000000c0000000, 0x00000000c54e0000, 0x00000000eaab0000)
  object space 86912K, 12% used [0x00000000c0000000,0x00000000c0a67720,0x00000000c54e0000)
 PSPermGen       total 21248K, used 6085K [0x00000000bae00000, 0x00000000bc2c0000, 0x00000000c0000000)
  object space 21248K, 28% used [0x00000000bae00000,0x00000000bb3f1490,0x00000000bc2c0000)
Event: 9.331 GC heap after
Heap after GC invocations=4 (full 0):
 PSYoungGen      total 38016K, used 5357K [0x00000000eaab0000, 0x00000000ed510000, 0x0000000100000000)
  eden space 32640K, 0% used [0x00000000eaab0000,0x00000000eaab0000,0x00000000eca90000)
  from space 5376K, 99% used [0x00000000ecfd0000,0x00000000ed50b4f0,0x00000000ed510000)
  to   space 5376K, 0% used [0x00000000eca90000,0x00000000eca90000,0x00000000ecfd0000)
 ParOldGen       total 86912K, used 15648K [0x00000000c0000000, 0x00000000c54e0000, 0x00000000eaab0000)
  object space 86912K, 18% used [0x00000000c0000000,0x00000000c0f48398,0x00000000c54e0000)
 PSPermGen       total 21248K, used 6085K [0x00000000bae00000, 0x00000000bc2c0000, 0x00000000c0000000)
  object space 21248K, 28% used [0x00000000bae00000,0x00000000bb3f1490,0x00000000bc2c0000)
}
Event: 9.767 GC heap before
{Heap before GC invocations=5 (full 0):
 PSYoungGen      total 38016K, used 37997K [0x00000000eaab0000, 0x00000000ed510000, 0x0000000100000000)
  eden space 32640K, 100% used [0x00000000eaab0000,0x00000000eca90000,0x00000000eca90000)
  from space 5376K, 99% used [0x00000000ecfd0000,0x00000000ed50b4f0,0x00000000ed510000)
  to   space 5376K, 0% used [0x00000000eca90000,0x00000000eca90000,0x00000000ecfd0000)
 ParOldGen       total 86912K, used 15648K [0x00000000c0000000, 0x00000000c54e0000, 0x00000000eaab0000)
  object space 86912K, 18% used [0x00000000c0000000,0x00000000c0f48398,0x00000000c54e0000)
 PSPermGen       total 21248K, used 6103K [0x00000000bae00000, 0x00000000bc2c0000, 0x00000000c0000000)
  object space 21248K, 28% used [0x00000000bae00000,0x00000000bb3f5db0,0x00000000bc2c0000)
Event: 9.929 GC heap after
Heap after GC invocations=5 (full 0):
 PSYoungGen      total 38016K, used 5347K [0x00000000eaab0000, 0x00000000ed510000, 0x0000000100000000)
  eden space 32640K, 0% used [0x00000000eaab0000,0x00000000eaab0000,0x00000000eca90000)
  from space 5376K, 99% used [0x00000000eca90000,0x00000000ecfc8c80,0x00000000ecfd0000)
  to   space 5376K, 0% used [0x00000000ecfd0000,0x00000000ecfd0000,0x00000000ed510000)
 ParOldGen       total 86912K, used 20913K [0x00000000c0000000, 0x00000000c54e0000, 0x00000000eaab0000)
  object space 86912K, 24% used [0x00000000c0000000,0x00000000c146c638,0x00000000c54e0000)
 PSPermGen       total 21248K, used 6103K [0x00000000bae00000, 0x00000000bc2c0000, 0x00000000c0000000)
  object space 21248K, 28% used [0x00000000bae00000,0x00000000bb3f5db0,0x00000000bc2c0000)
}
Event: 10.583 GC heap before
{Heap before GC invocations=6 (full 0):
 PSYoungGen      total 38016K, used 37987K [0x00000000eaab0000, 0x00000000ed510000, 0x0000000100000000)
  eden space 32640K, 100% used [0x00000000eaab0000,0x00000000eca90000,0x00000000eca90000)
  from space 5376K, 99% used [0x00000000eca90000,0x00000000ecfc8c80,0x00000000ecfd0000)
  to   space 5376K, 0% used [0x00000000ecfd0000,0x00000000ecfd0000,0x00000000ed510000)
 ParOldGen       total 86912K, used 20913K [0x00000000c0000000, 0x00000000c54e0000, 0x00000000eaab0000)
  object space 86912K, 24% used [0x00000000c0000000,0x00000000c146c638,0x00000000c54e0000)
 PSPermGen       total 21248K, used 6122K [0x00000000bae00000, 0x00000000bc2c0000, 0x00000000c0000000)
  object space 21248K, 28% used [0x00000000bae00000,0x00000000bb3fa9f0,0x00000000bc2c0000)
Event: 10.609 GC heap after
Heap after GC invocations=6 (full 0):
 PSYoungGen      total 30912K, used 5347K [0x00000000eaab0000, 0x00000000f02d0000, 0x0000000100000000)
  eden space 25536K, 0% used [0x00000000eaab0000,0x00000000eaab0000,0x00000000ec3a0000)
  from space 5376K, 99% used [0x00000000ecfd0000,0x00000000ed508c80,0x00000000ed510000)
  to   space 12480K, 0% used [0x00000000ec3a0000,0x00000000ec3a0000,0x00000000ecfd0000)
 ParOldGen       total 86912K, used 25368K [0x00000000c0000000, 0x00000000c54e0000, 0x00000000eaab0000)
  object space 86912K, 29% used [0x00000000c0000000,0x00000000c18c6368,0x00000000c54e0000)
 PSPermGen       total 21248K, used 6122K [0x00000000bae00000, 0x00000000bc2c0000, 0x00000000c0000000)
  object space 21248K, 28% used [0x00000000bae00000,0x00000000bb3fa9f0,0x00000000bc2c0000)
}

Deoptimization events (10 events):
Event: 9.491 Thread 0x00000000027ce800 Uncommon trap 210 fr.pc 0x0000000002979b6c
Event: 9.501 Thread 0x0000000008c2d000 Uncommon trap -34 fr.pc 0x00000000028a63cc
Event: 9.502 Thread 0x0000000008c32800 Uncommon trap -58 fr.pc 0x000000000291106c
Event: 9.502 Thread 0x0000000008c32800 Uncommon trap -34 fr.pc 0x00000000029944c4
Event: 9.503 Thread 0x0000000008c32800 Uncommon trap -58 fr.pc 0x000000000290b1fc
Event: 9.503 Thread 0x0000000008c32800 Uncommon trap -34 fr.pc 0x00000000029944c4
Event: 10.383 Thread 0x0000000008c2e800 Uncommon trap -58 fr.pc 0x00000000029e33c4
Event: 10.615 Thread 0x0000000008c2e800 Uncommon trap -58 fr.pc 0x0000000002a04ad8
Event: 10.615 Thread 0x0000000008c2e800 Uncommon trap -58 fr.pc 0x0000000002a04ad8
Event: 11.341 Thread 0x00000000027ce800 Uncommon trap -83 fr.pc 0x00000000028994b4

Internal exceptions (10 events):
Event: 11.191 Thread 0x00000000027ce800 Threw 0x00000000eae4e058 at C:\jdk7u2_64p\jdk7u13\hotspot\src\share\vm\prims\jvm.cpp:1166
Event: 11.191 Thread 0x00000000027ce800 Threw 0x00000000eae52f48 at C:\jdk7u2_64p\jdk7u13\hotspot\src\share\vm\prims\jvm.cpp:1166
Event: 11.192 Thread 0x00000000027ce800 Threw 0x00000000eae58200 at C:\jdk7u2_64p\jdk7u13\hotspot\src\share\vm\prims\jvm.cpp:1166
Event: 11.193 Thread 0x00000000027ce800 Threw 0x00000000eae5b670 at C:\jdk7u2_64p\jdk7u13\hotspot\src\share\vm\prims\jvm.cpp:1166
Event: 11.193 Thread 0x00000000027ce800 Threw 0x00000000eae5dcd8 at C:\jdk7u2_64p\jdk7u13\hotspot\src\share\vm\prims\jvm.cpp:1166
Event: 11.194 Thread 0x00000000027ce800 Threw 0x00000000eae62b18 at C:\jdk7u2_64p\jdk7u13\hotspot\src\share\vm\prims\jvm.cpp:1166
Event: 11.198 Thread 0x00000000027ce800 Threw 0x00000000eae67150 at C:\jdk7u2_64p\jdk7u13\hotspot\src\share\vm\prims\jvm.cpp:1166
Event: 11.199 Thread 0x00000000027ce800 Threw 0x00000000eae6b908 at C:\jdk7u2_64p\jdk7u13\hotspot\src\share\vm\prims\jvm.cpp:1166
Event: 11.200 Thread 0x00000000027ce800 Threw 0x00000000eae70398 at C:\jdk7u2_64p\jdk7u13\hotspot\src\share\vm\prims\jvm.cpp:1166
Event: 11.292 Thread 0x00000000027ce800 Threw 0x00000000eae746a8 at C:\jdk7u2_64p\jdk7u13\hotspot\src\share\vm\prims\jvm.cpp:1166

Events (10 events):
Event: 11.198 loading class 0x000000000baad460
Event: 11.198 loading class 0x000000000baad460 done
Event: 11.199 loading class 0x000000000a86cba0
Event: 11.199 loading class 0x000000000a86cba0 done
Event: 11.200 loading class 0x000000000a86ce60
Event: 11.200 loading class 0x000000000a86ce60 done
Event: 11.292 loading class 0x000000000a86c9e0
Event: 11.292 loading class 0x000000000a86c9e0 done
Event: 11.341 Thread 0x00000000027ce800 DEOPT PACKING pc=0x00000000028994b4 sp=0x000000000229f100
Event: 11.341 Thread 0x00000000027ce800 DEOPT UNPACKING pc=0x0000000002809164 sp=0x000000000229f0d8 mode 2


Dynamic libraries:
0x00007ff6107c0000 - 0x00007ff6107f3000 	C:\Program Files\Java\jdk1.7.0_13\bin\java.exe
0x00007ffac6db0000 - 0x00007ffac6f71000 	C:\WINDOWS\SYSTEM32\ntdll.dll
0x00007ffac4150000 - 0x00007ffac41fd000 	C:\WINDOWS\system32\KERNEL32.DLL
0x00007ffac3af0000 - 0x00007ffac3cd8000 	C:\WINDOWS\system32\KERNELBASE.dll
0x00007ffac67f0000 - 0x00007ffac6897000 	C:\WINDOWS\system32\ADVAPI32.dll
0x00007ffac5150000 - 0x00007ffac51ed000 	C:\WINDOWS\system32\msvcrt.dll
0x00007ffac4000000 - 0x00007ffac405b000 	C:\WINDOWS\system32\sechost.dll
0x00007ffac69b0000 - 0x00007ffac6acc000 	C:\WINDOWS\system32\RPCRT4.dll
0x00007ffac4630000 - 0x00007ffac4786000 	C:\WINDOWS\system32\USER32.dll
0x00007ffac6c20000 - 0x00007ffac6da6000 	C:\WINDOWS\system32\GDI32.dll
0x00007ffabdea0000 - 0x00007ffabe114000 	C:\WINDOWS\WinSxS\amd64_microsoft.windows.common-controls_6595b64144ccf1df_6.0.10586.0_none_8c15ae12515e1c22\COMCTL32.dll
0x00007ffac4b70000 - 0x00007ffac4ded000 	C:\WINDOWS\system32\combase.dll
0x00007ffac3920000 - 0x00007ffac398a000 	C:\WINDOWS\system32\bcryptPrimitives.dll
0x00007ffac4790000 - 0x00007ffac47cb000 	C:\WINDOWS\system32\IMM32.DLL
0x00000000656c0000 - 0x0000000065791000 	C:\Program Files\Java\jdk1.7.0_13\jre\bin\msvcr100.dll
0x0000000065aa0000 - 0x00000000661bf000 	C:\Program Files\Java\jdk1.7.0_13\jre\bin\server\jvm.dll
0x00007ffac3ac0000 - 0x00007ffac3ae3000 	C:\WINDOWS\system32\WINMM.dll
0x00007ffac31e0000 - 0x00007ffac320c000 	C:\WINDOWS\system32\WINMMBASE.dll
0x00007ffac39e0000 - 0x00007ffac3a23000 	C:\WINDOWS\system32\cfgmgr32.dll
0x00007ffaab6b0000 - 0x00007ffaab6b9000 	C:\WINDOWS\SYSTEM32\WSOCK32.dll
0x00007ffac3ff0000 - 0x00007ffac3ff8000 	C:\WINDOWS\system32\PSAPI.DLL
0x00007ffac4b00000 - 0x00007ffac4b6b000 	C:\WINDOWS\system32\WS2_32.dll
0x0000000066b60000 - 0x0000000066b6f000 	C:\Program Files\Java\jdk1.7.0_13\jre\bin\verify.dll
0x0000000066b30000 - 0x0000000066b58000 	C:\Program Files\Java\jdk1.7.0_13\jre\bin\java.dll
0x0000000066b10000 - 0x0000000066b25000 	C:\Program Files\Java\jdk1.7.0_13\jre\bin\zip.dll
0x0000000066af0000 - 0x0000000066b09000 	C:\Program Files\Java\jdk1.7.0_13\jre\bin\net.dll
0x00007ffac2a70000 - 0x00007ffac2acc000 	C:\WINDOWS\system32\mswsock.dll
0x0000000066ad0000 - 0x0000000066ae1000 	C:\Program Files\Java\jdk1.7.0_13\jre\bin\nio.dll

VM Arguments:
jvm_args: -Djava.awt.headless=true -Xmx1024M -Dfile.encoding=GBK -Duser.country=CN -Duser.language=zh -Duser.variant 
java_command: com.android.dx.command.Main --dex --num-threads=4 --output H:\AndroidProject\UseBaiduMap\app\build\intermediates\pre-dexed\debug\android-support-v4_4ef86a98b29bbd297bdf6ba0b6e6b426f9a1d201.jar H:\AndroidProject\UseBaiduMap\app\libs\android-support-v4.jar
Launcher Type: SUN_STANDARD

Environment Variables:
JAVA_HOME=C:\Program Files\Java\jdk1.7.0_13
PATH=C:\Program Files\Java\jdk1.7.0_13\bin;C:\Program Files\Java\jdk1.7.0_13\jre\bin;C:\WINDOWS\system32;C:\WINDOWS;C:\WINDOWS\System32\Wbem;C:\WINDOWS\System32\WindowsPowerShell\v1.0\;C:\Program Files (x86)\NVIDIA Corporation\PhysX\Common;F:\matlab\bin\win32;f:\Program Files\MATLAB\R2014a\runtime\win64;f:\Program Files\MATLAB\R2014a\bin;f:\Program Files\MATLAB\R2014a\polyspace\bin;E:\Program Files (x86)\adt-bundle-windows-x86_64-20140702\sdk\platform-tools
USERNAME=Administrator
OS=Windows_NT
PROCESSOR_IDENTIFIER=Intel64 Family 6 Model 58 Stepping 9, GenuineIntel



---------------  S Y S T E M  ---------------

OS: Windows 8 , 64 bit Build 9200 

CPU:total 4 (2 cores per cpu, 2 threads per core) family 6 model 58 stepping 9, cmov, cx8, fxsr, mmx, sse, sse2, sse3, ssse3, sse4.1, sse4.2, popcnt, avx, ht, tsc, tscinvbit, tscinv

Memory: 4k page, physical 8337772k(1727080k free), swap 8337772k(5464k free)

vm_info: Java HotSpot(TM) 64-Bit Server VM (23.7-b01) for windows-amd64 JRE (1.7.0_13-b20), built on Jan 30 2013 10:10:00 by "java_re" with unknown MS VC++:1600

time: Sat Jun 25 19:48:11 2016
elapsed time: 11 seconds

