#
# There is insufficient memory for the Java Runtime Environment to continue.
# Native memory allocation (malloc) failed to allocate 655456 bytes for Chunk::new
# Possible reasons:
#   The system is out of physical RAM or swap space
#   In 32 bit mode, the process size limit was hit
# Possible solutions:
#   Reduce memory load on the system
#   Increase physical memory or swap space
#   Check if swap backing store is full
#   Use 64 bit Java on a 64 bit OS
#   Decrease Java heap size (-Xmx/-Xms)
#   Decrease number of Java threads
#   Decrease Java thread stack sizes (-Xss)
#   Set larger code cache with -XX:ReservedCodeCacheSize=
# This output file may be truncated or incomplete.
#
#  Out of Memory Error (allocation.cpp:328), pid=11100, tid=7148
#
# JRE version: 7.0_13-b20
# Java VM: Java HotSpot(TM) 64-Bit Server VM (23.7-b01 mixed mode windows-amd64 compressed oops)
# Failed to write core dump. Minidumps are not enabled by default on client versions of Windows
#

---------------  T H R E A D  ---------------

Current thread (0x0000000008ce4000):  JavaThread "C2 CompilerThread1" daemon [_thread_in_native, id=7148, stack(0x000000000a380000,0x000000000a480000)]

Stack: [0x000000000a380000,0x000000000a480000]

Current CompileTask:
C2:   1273  174             com.android.dx.ssa.SCCP::simulatePhi (169 bytes)


---------------  P R O C E S S  ---------------

Java Threads: ( => current thread )
  0x000000000a77d800 JavaThread "pool-1-thread-4" [_thread_in_vm, id=11036, stack(0x000000000ae80000,0x000000000af80000)]
  0x000000000a821800 JavaThread "pool-1-thread-3" [_thread_in_Java, id=11120, stack(0x000000000ad80000,0x000000000ae80000)]
  0x000000000a77d000 JavaThread "pool-1-thread-2" [_thread_in_vm, id=11032, stack(0x000000000ac80000,0x000000000ad80000)]
  0x000000000a77c000 JavaThread "pool-2-thread-1" [_thread_blocked, id=6196, stack(0x000000000ab80000,0x000000000ac80000)]
  0x000000000a7c7800 JavaThread "pool-1-thread-1" [_thread_in_Java, id=11236, stack(0x000000000aa80000,0x000000000ab80000)]
  0x0000000008cf6000 JavaThread "Service Thread" daemon [_thread_blocked, id=5644, stack(0x000000000a480000,0x000000000a580000)]
=>0x0000000008ce4000 JavaThread "C2 CompilerThread1" daemon [_thread_in_native, id=7148, stack(0x000000000a380000,0x000000000a480000)]
  0x0000000008ce0000 JavaThread "C2 CompilerThread0" daemon [_thread_in_native, id=8064, stack(0x000000000a280000,0x000000000a380000)]
  0x0000000008cdf000 JavaThread "Attach Listener" daemon [_thread_blocked, id=6908, stack(0x000000000a180000,0x000000000a280000)]
  0x0000000008cb9800 JavaThread "Signal Dispatcher" daemon [_thread_blocked, id=11248, stack(0x000000000a080000,0x000000000a180000)]
  0x0000000008c51000 JavaThread "Finalizer" daemon [_thread_blocked, id=4884, stack(0x0000000009f80000,0x000000000a080000)]
  0x0000000008c4d800 JavaThread "Reference Handler" daemon [_thread_blocked, id=11188, stack(0x0000000009e80000,0x0000000009f80000)]
  0x00000000026ee800 JavaThread "main" [_thread_in_Java, id=10272, stack(0x0000000002530000,0x0000000002630000)]

Other Threads:
  0x0000000008c46000 VMThread [stack: 0x0000000009d80000,0x0000000009e80000] [id=10100]
  0x0000000008d0d000 WatcherThread [stack: 0x000000000a580000,0x000000000a680000] [id=5820]

VM state:not at safepoint (normal execution)

VM Mutex/Monitor currently owned by a thread: None

Heap
 PSYoungGen      total 38016K, used 25615K [0x00000000eaab0000, 0x00000000ed510000, 0x0000000100000000)
  eden space 32640K, 78% used [0x00000000eaab0000,0x00000000ec3b3f70,0x00000000eca90000)
  from space 5376K, 0% used [0x00000000ecfd0000,0x00000000ecfd0000,0x00000000ed510000)
  to   space 5376K, 0% used [0x00000000eca90000,0x00000000eca90000,0x00000000ecfd0000)
 ParOldGen       total 86912K, used 0K [0x00000000c0000000, 0x00000000c54e0000, 0x00000000eaab0000)
  object space 86912K, 0% used [0x00000000c0000000,0x00000000c0000000,0x00000000c54e0000)
 PSPermGen       total 21248K, used 5885K [0x00000000bae00000, 0x00000000bc2c0000, 0x00000000c0000000)
  object space 21248K, 27% used [0x00000000bae00000,0x00000000bb3bf558,0x00000000bc2c0000)

Card table byte_map: [0x00000000058b0000,0x0000000005ae0000] byte_map_base: 0x00000000052d9000

Polling page: 0x0000000000a00000

Code Cache  [0x00000000027f0000, 0x0000000002a60000, 0x00000000057f0000)
 total_blobs=409 nmethods=173 adapters=187 free_code_cache=48472Kb largest_free_block=49598720

Compilation events (10 events):
Event: 1.224 Thread 0x0000000008ce0000 nmethod 164 0x000000000288fd90 code [0x000000000288ff80, 0x0000000002890b10]
Event: 1.224 Thread 0x0000000008ce0000  169             java.util.Arrays::copyOf (13 bytes)
Event: 1.226 Thread 0x0000000008ce4000 nmethod 168 0x000000000288df10 code [0x000000000288e060, 0x000000000288e1f8]
Event: 1.226 Thread 0x0000000008ce4000  170             com.android.dx.rop.code.BasicBlock::getSuccessors (5 bytes)
Event: 1.226 Thread 0x0000000008ce4000 nmethod 170 0x0000000002894190 code [0x00000000028942c0, 0x0000000002894318]
Event: 1.226 Thread 0x0000000008ce4000  171             com.android.dx.rop.code.BasicBlockList$RegCountVisitor::visit (52 bytes)
Event: 1.226 Thread 0x0000000008ce0000 nmethod 169 0x0000000002875590 code [0x00000000028756c0, 0x0000000002875858]
Event: 1.226 Thread 0x0000000008ce0000  172             com.android.dx.ssa.SsaMethod::forEachBlockDepthFirst (194 bytes)
Event: 1.230 Thread 0x0000000008ce4000 nmethod 171 0x0000000002874e10 code [0x0000000002874f60, 0x00000000028751b8]
Event: 1.230 Thread 0x0000000008ce4000  174             com.android.dx.ssa.SCCP::simulatePhi (169 bytes)

GC Heap History (0 events):
No events

Deoptimization events (5 events):
Event: 0.732 Thread 0x000000000a77d800 Uncommon trap -83 fr.pc 0x000000000285c954
Event: 0.733 Thread 0x000000000a77d800 Uncommon trap -34 fr.pc 0x0000000002855040
Event: 0.733 Thread 0x000000000a77d800 Uncommon trap -34 fr.pc 0x0000000002855040
Event: 0.733 Thread 0x000000000a77d800 Uncommon trap -34 fr.pc 0x0000000002855040
Event: 0.733 Thread 0x000000000a77d800 Uncommon trap -34 fr.pc 0x0000000002855040

Internal exceptions (10 events):
Event: 0.658 Thread 0x00000000026ee800 Threw 0x00000000eb42cae8 at C:\jdk7u2_64p\jdk7u13\hotspot\src\share\vm\prims\jvm.cpp:1166
Event: 0.658 Thread 0x000000000a7c7800 Threw 0x00000000eb328a58 at C:\jdk7u2_64p\jdk7u13\hotspot\src\share\vm\prims\jvm.cpp:1166
Event: 0.659 Thread 0x00000000026ee800 Threw 0x00000000eb42f880 at C:\jdk7u2_64p\jdk7u13\hotspot\src\share\vm\prims\jvm.cpp:1166
Event: 0.659 Thread 0x000000000a77d000 Threw 0x00000000eb4f53c8 at C:\jdk7u2_64p\jdk7u13\hotspot\src\share\vm\prims\jvm.cpp:1166
Event: 0.664 Thread 0x000000000a77d800 Threw 0x00000000eb4aca08 at C:\jdk7u2_64p\jdk7u13\hotspot\src\share\vm\prims\jvm.cpp:1166
Event: 0.770 Thread 0x000000000a77d000 Threw 0x00000000eb589e38 at C:\jdk7u2_64p\jdk7u13\hotspot\src\share\vm\prims\jvm.cpp:1166
Event: 0.839 Thread 0x000000000a77d000 Threw 0x00000000eb91bb10 at C:\jdk7u2_64p\jdk7u13\hotspot\src\share\vm\prims\jvm.cpp:1166
Event: 1.125 Thread 0x000000000a7c7800 Threw 0x00000000eba063e8 at C:\jdk7u2_64p\jdk7u13\hotspot\src\share\vm\prims\jvm.cpp:1166
Event: 1.137 Thread 0x000000000a7c7800 Threw 0x00000000ebed05e8 at C:\jdk7u2_64p\jdk7u13\hotspot\src\share\vm\prims\jvm.cpp:1166
Event: 1.267 Thread 0x00000000026ee800 Threw 0x00000000ec101250 at C:\jdk7u2_64p\jdk7u13\hotspot\src\share\vm\prims\jvm.cpp:1166

Events (10 events):
Event: 0.798 loading class 0x0000000008b9a080
Event: 0.799 loading class 0x0000000008b9a080 done
Event: 0.839 loading class 0x000000000a8bf290
Event: 0.839 loading class 0x000000000a8bf290 done
Event: 1.125 loading class 0x000000000a720c80
Event: 1.125 loading class 0x000000000a720c80 done
Event: 1.137 loading class 0x000000000a8e5110
Event: 1.137 loading class 0x000000000a8e5110 done
Event: 1.267 loading class 0x0000000008d770b0
Event: 1.267 loading class 0x0000000008d770b0 done


Dynamic libraries:
0x00007ff630190000 - 0x00007ff6301c3000 	C:\Program Files\Java\jdk1.7.0_13\bin\java.exe
0x00007ffb93c50000 - 0x00007ffb93e11000 	C:\WINDOWS\SYSTEM32\ntdll.dll
0x00007ffb91860000 - 0x00007ffb9190d000 	C:\WINDOWS\system32\KERNEL32.DLL
0x00007ffb90750000 - 0x00007ffb90938000 	C:\WINDOWS\system32\KERNELBASE.dll
0x00007ffb931d0000 - 0x00007ffb93277000 	C:\WINDOWS\system32\ADVAPI32.dll
0x00007ffb910c0000 - 0x00007ffb9115d000 	C:\WINDOWS\system32\msvcrt.dll
0x00007ffb91060000 - 0x00007ffb910bb000 	C:\WINDOWS\system32\sechost.dll
0x00007ffb93280000 - 0x00007ffb9339c000 	C:\WINDOWS\system32\RPCRT4.dll
0x00007ffb93920000 - 0x00007ffb93a76000 	C:\WINDOWS\system32\USER32.dll
0x00007ffb90ed0000 - 0x00007ffb91056000 	C:\WINDOWS\system32\GDI32.dll
0x00007ffb8ad00000 - 0x00007ffb8af74000 	C:\WINDOWS\WinSxS\amd64_microsoft.windows.common-controls_6595b64144ccf1df_6.0.10586.494_none_a2d8b04ea53e3145\COMCTL32.dll
0x00007ffb91420000 - 0x00007ffb9169d000 	C:\WINDOWS\system32\combase.dll
0x00007ffb90940000 - 0x00007ffb909aa000 	C:\WINDOWS\system32\bcryptPrimitives.dll
0x00007ffb90e90000 - 0x00007ffb90ecb000 	C:\WINDOWS\system32\IMM32.DLL
0x0000000064490000 - 0x0000000064561000 	C:\Program Files\Java\jdk1.7.0_13\jre\bin\msvcr100.dll
0x0000000064ad0000 - 0x00000000651ef000 	C:\Program Files\Java\jdk1.7.0_13\jre\bin\server\jvm.dll
0x00007ffb90c80000 - 0x00007ffb90ca3000 	C:\WINDOWS\system32\WINMM.dll
0x00007ffb90080000 - 0x00007ffb900ac000 	C:\WINDOWS\system32\WINMMBASE.dll
0x00007ffb90a40000 - 0x00007ffb90a83000 	C:\WINDOWS\system32\cfgmgr32.dll
0x00007ffb93410000 - 0x00007ffb93418000 	C:\WINDOWS\system32\PSAPI.DLL
0x00007ffb77750000 - 0x00007ffb77759000 	C:\WINDOWS\SYSTEM32\WSOCK32.dll
0x00007ffb933a0000 - 0x00007ffb9340b000 	C:\WINDOWS\system32\WS2_32.dll
0x0000000065970000 - 0x000000006597f000 	C:\Program Files\Java\jdk1.7.0_13\jre\bin\verify.dll
0x0000000065940000 - 0x0000000065968000 	C:\Program Files\Java\jdk1.7.0_13\jre\bin\java.dll
0x0000000065920000 - 0x0000000065935000 	C:\Program Files\Java\jdk1.7.0_13\jre\bin\zip.dll
0x0000000065900000 - 0x0000000065919000 	C:\Program Files\Java\jdk1.7.0_13\jre\bin\net.dll
0x00007ffb8f910000 - 0x00007ffb8f96c000 	C:\WINDOWS\system32\mswsock.dll
0x00000000658e0000 - 0x00000000658f1000 	C:\Program Files\Java\jdk1.7.0_13\jre\bin\nio.dll

VM Arguments:
jvm_args: -Djava.awt.headless=true -Xmx1024M -Dfile.encoding=GBK -Duser.country=CN -Duser.language=zh -Duser.variant 
java_command: com.android.dx.command.Main --dex --force-jumbo --num-threads=4 --output H:\AndroidProject\UseBaiduMap\app\build\intermediates\pre-dexed\debug\baidumapapi_base_v4_0_0_cea00e5503e52a32e9aca76347bcbeee0a1ad8bf.jar H:\AndroidProject\UseBaiduMap\app\libs\baidumapapi_base_v4_0_0.jar
Launcher Type: SUN_STANDARD

Environment Variables:
JAVA_HOME=C:\Program Files\Java\jdk1.7.0_13
PATH=C:\Program Files\Java\jdk1.7.0_13\bin;C:\Program Files\Java\jdk1.7.0_13\jre\bin;C:\WINDOWS\system32;C:\WINDOWS;C:\WINDOWS\System32\Wbem;C:\WINDOWS\System32\WindowsPowerShell\v1.0\;C:\Program Files (x86)\NVIDIA Corporation\PhysX\Common;F:\matlab\bin\win32;f:\Program Files\MATLAB\R2014a\runtime\win64;f:\Program Files\MATLAB\R2014a\bin;f:\Program Files\MATLAB\R2014a\polyspace\bin;E:\Program Files (x86)\adt-bundle-windows-x86_64-20140702\sdk\platform-tools
USERNAME=Administrator
OS=Windows_NT
PROCESSOR_IDENTIFIER=Intel64 Family 6 Model 58 Stepping 9, GenuineIntel



---------------  S Y S T E M  ---------------

OS: Windows 8 , 64 bit Build 9200 

CPU:total 4 (2 cores per cpu, 2 threads per core) family 6 model 58 stepping 9, cmov, cx8, fxsr, mmx, sse, sse2, sse3, ssse3, sse4.1, sse4.2, popcnt, avx, ht, tsc, tscinvbit, tscinv

Memory: 4k page, physical 8337772k(2141272k free), swap 8337772k(6244k free)

vm_info: Java HotSpot(TM) 64-Bit Server VM (23.7-b01) for windows-amd64 JRE (1.7.0_13-b20), built on Jan 30 2013 10:10:00 by "java_re" with unknown MS VC++:1600

time: Sun Jul 31 21:08:58 2016
elapsed time: 1 seconds

