#
# There is insufficient memory for the Java Runtime Environment to continue.
# Native memory allocation (malloc) failed to allocate 37616 bytes for Chunk::new
# Possible reasons:
#   The system is out of physical RAM or swap space
#   In 32 bit mode, the process size limit was hit
# Possible solutions:
#   Reduce memory load on the system
#   Increase physical memory or swap space
#   Check if swap backing store is full
#   Use 64 bit Java on a 64 bit OS
#   Decrease Java heap size (-Xmx/-Xms)
#   Decrease number of Java threads
#   Decrease Java thread stack sizes (-Xss)
#   Set larger code cache with -XX:ReservedCodeCacheSize=
# This output file may be truncated or incomplete.
#
#  Out of Memory Error (allocation.cpp:328), pid=8740, tid=9916
#
# JRE version: 7.0_13-b20
# Java VM: Java HotSpot(TM) 64-Bit Server VM (23.7-b01 mixed mode windows-amd64 compressed oops)
# Failed to write core dump. Minidumps are not enabled by default on client versions of Windows
#

---------------  T H R E A D  ---------------

Current thread (0x0000000009792000):  JavaThread "C2 CompilerThread1" daemon [_thread_in_native, id=9916, stack(0x000000000ae30000,0x000000000af30000)]

Stack: [0x000000000ae30000,0x000000000af30000]

Current CompileTask:
C2:   1053   17             sun.net.www.ParseUtil::encodePath (336 bytes)


---------------  P R O C E S S  ---------------

Java Threads: ( => current thread )
  0x000000000b27a800 JavaThread "pool-1-thread-4" [_thread_new, id=8228, stack(0x0000000000000000,0x0000000000000000)]
  0x000000000b275800 JavaThread "pool-1-thread-3" [_thread_new, id=9124, stack(0x0000000000000000,0x0000000000000000)]
  0x000000000b222000 JavaThread "pool-1-thread-2" [_thread_in_vm, id=9620, stack(0x000000000b750000,0x000000000b850000)]
  0x000000000b21f800 JavaThread "pool-2-thread-1" [_thread_blocked, id=6304, stack(0x000000000b650000,0x000000000b750000)]
  0x000000000b1ad800 JavaThread "pool-1-thread-1" [_thread_blocked, id=9580, stack(0x000000000b550000,0x000000000b650000)]
  0x00000000097a3000 JavaThread "Service Thread" daemon [_thread_blocked, id=6992, stack(0x000000000af30000,0x000000000b030000)]
=>0x0000000009792000 JavaThread "C2 CompilerThread1" daemon [_thread_in_native, id=9916, stack(0x000000000ae30000,0x000000000af30000)]
  0x0000000009790000 JavaThread "C2 CompilerThread0" daemon [_thread_blocked, id=9196, stack(0x000000000ad30000,0x000000000ae30000)]
  0x000000000978f000 JavaThread "Attach Listener" daemon [_thread_blocked, id=3260, stack(0x000000000ac30000,0x000000000ad30000)]
  0x0000000009768800 JavaThread "Signal Dispatcher" daemon [_thread_blocked, id=8804, stack(0x000000000ab30000,0x000000000ac30000)]
  0x0000000009701000 JavaThread "Finalizer" daemon [_thread_blocked, id=8972, stack(0x000000000aa30000,0x000000000ab30000)]
  0x00000000096fd800 JavaThread "Reference Handler" daemon [_thread_blocked, id=5764, stack(0x000000000a930000,0x000000000aa30000)]
  0x00000000015ae800 JavaThread "main" [_thread_blocked, id=2420, stack(0x0000000002d00000,0x0000000002e00000)]

Other Threads:
  0x00000000096f6000 VMThread [stack: 0x000000000a830000,0x000000000a930000] [id=9824]
  0x00000000097b8000 WatcherThread [stack: 0x000000000b030000,0x000000000b130000] [id=2948]

VM state:not at safepoint (normal execution)

VM Mutex/Monitor currently owned by a thread: None

Heap
 PSYoungGen      total 38016K, used 6534K [0x00000000eaab0000, 0x00000000ed510000, 0x0000000100000000)
  eden space 32640K, 20% used [0x00000000eaab0000,0x00000000eb111830,0x00000000eca90000)
  from space 5376K, 0% used [0x00000000ecfd0000,0x00000000ecfd0000,0x00000000ed510000)
  to   space 5376K, 0% used [0x00000000eca90000,0x00000000eca90000,0x00000000ecfd0000)
 ParOldGen       total 86912K, used 0K [0x00000000c0000000, 0x00000000c54e0000, 0x00000000eaab0000)
  object space 86912K, 0% used [0x00000000c0000000,0x00000000c0000000,0x00000000c54e0000)
 PSPermGen       total 21248K, used 4945K [0x00000000bae00000, 0x00000000bc2c0000, 0x00000000c0000000)
  object space 21248K, 23% used [0x00000000bae00000,0x00000000bb2d46d0,0x00000000bc2c0000)

Card table byte_map: [0x0000000006330000,0x0000000006560000] byte_map_base: 0x0000000005d59000

Polling page: 0x0000000001590000

Code Cache  [0x0000000003270000, 0x00000000034e0000, 0x0000000006270000)
 total_blobs=249 nmethods=17 adapters=184 free_code_cache=48723Kb largest_free_block=49881280

Compilation events (10 events):
Event: 0.852 Thread 0x0000000009790000 nmethod 12 0x00000000032dadd0 code [0x00000000032daf00, 0x00000000032daf78]
Event: 0.862 Thread 0x0000000009792000   13             java.lang.String::length (6 bytes)
Event: 0.862 Thread 0x0000000009792000 nmethod 13 0x00000000032da250 code [0x00000000032da380, 0x00000000032da3d8]
Event: 0.874 Thread 0x0000000009790000   14             com.android.dx.util.ByteArray::getUnsignedByte (14 bytes)
Event: 0.874 Thread 0x0000000009790000 nmethod 14 0x00000000032d9d50 code [0x00000000032d9e80, 0x00000000032d9f38]
Event: 0.876 Thread 0x0000000009792000   15             com.android.dx.rop.cst.CstString::utf8BytesToString (391 bytes)
Event: 0.884 Thread 0x0000000009792000 nmethod 15 0x00000000032db410 code [0x00000000032db600, 0x00000000032dbbc8]
Event: 0.956 Thread 0x0000000009790000   16             java.lang.String::startsWith (72 bytes)
Event: 0.959 Thread 0x0000000009790000 nmethod 16 0x00000000032dc250 code [0x00000000032dc3a0, 0x00000000032dc538]
Event: 1.033 Thread 0x0000000009792000   17             sun.net.www.ParseUtil::encodePath (336 bytes)

GC Heap History (0 events):
No events

Deoptimization events (0 events):
No events

Internal exceptions (10 events):
Event: 1.041 Thread 0x000000000b222000 Threw 0x00000000eb0c44d8 at C:\jdk7u2_64p\jdk7u13\hotspot\src\share\vm\prims\jvm.cpp:1166
Event: 1.042 Thread 0x000000000b222000 Threw 0x00000000eb0c9ff0 at C:\jdk7u2_64p\jdk7u13\hotspot\src\share\vm\prims\jvm.cpp:1166
Event: 1.043 Thread 0x000000000b222000 Threw 0x00000000eb0ced00 at C:\jdk7u2_64p\jdk7u13\hotspot\src\share\vm\prims\jvm.cpp:1166
Event: 1.045 Thread 0x000000000b222000 Threw 0x00000000eb0d3e10 at C:\jdk7u2_64p\jdk7u13\hotspot\src\share\vm\prims\jvm.cpp:1166
Event: 1.045 Thread 0x000000000b222000 Threw 0x00000000eb0d9068 at C:\jdk7u2_64p\jdk7u13\hotspot\src\share\vm\prims\jvm.cpp:1166
Event: 1.046 Thread 0x000000000b222000 Threw 0x00000000eb0dae98 at C:\jdk7u2_64p\jdk7u13\hotspot\src\share\vm\prims\jvm.cpp:1166
Event: 1.047 Thread 0x000000000b222000 Threw 0x00000000eb0df6a8 at C:\jdk7u2_64p\jdk7u13\hotspot\src\share\vm\prims\jvm.cpp:1166
Event: 1.047 Thread 0x000000000b222000 Threw 0x00000000eb0e4fe0 at C:\jdk7u2_64p\jdk7u13\hotspot\src\share\vm\prims\jvm.cpp:1166
Event: 1.049 Thread 0x000000000b222000 Threw 0x00000000eb0e7fa8 at C:\jdk7u2_64p\jdk7u13\hotspot\src\share\vm\prims\jvm.cpp:1166
Event: 1.050 Thread 0x000000000b222000 Threw 0x00000000eb0edd48 at C:\jdk7u2_64p\jdk7u13\hotspot\src\share\vm\prims\jvm.cpp:1166

Events (10 events):
Event: 1.048 loading class 0x00000000096f45c0
Event: 1.048 loading class 0x00000000096f45c0 done
Event: 1.048 loading class 0x00000000096f5580
Event: 1.048 loading class 0x00000000096f5580 done
Event: 1.048 loading class 0x000000000b23d040
Event: 1.049 loading class 0x000000000b23d040 done
Event: 1.049 loading class 0x000000000b232390
Event: 1.049 loading class 0x000000000b232390 done
Event: 1.050 loading class 0x000000000b23da30
Event: 1.050 loading class 0x000000000b23da30 done


Dynamic libraries:
0x00007ff630190000 - 0x00007ff6301c3000 	C:\Program Files\Java\jdk1.7.0_13\bin\java.exe
0x00007ffb93c50000 - 0x00007ffb93e11000 	C:\WINDOWS\SYSTEM32\ntdll.dll
0x00007ffb91860000 - 0x00007ffb9190d000 	C:\WINDOWS\system32\KERNEL32.DLL
0x00007ffb90750000 - 0x00007ffb90938000 	C:\WINDOWS\system32\KERNELBASE.dll
0x00007ffb931d0000 - 0x00007ffb93277000 	C:\WINDOWS\system32\ADVAPI32.dll
0x00007ffb910c0000 - 0x00007ffb9115d000 	C:\WINDOWS\system32\msvcrt.dll
0x00007ffb91060000 - 0x00007ffb910bb000 	C:\WINDOWS\system32\sechost.dll
0x00007ffb93280000 - 0x00007ffb9339c000 	C:\WINDOWS\system32\RPCRT4.dll
0x00007ffb93920000 - 0x00007ffb93a76000 	C:\WINDOWS\system32\USER32.dll
0x00007ffb90ed0000 - 0x00007ffb91056000 	C:\WINDOWS\system32\GDI32.dll
0x00007ffb8ad00000 - 0x00007ffb8af74000 	C:\WINDOWS\WinSxS\amd64_microsoft.windows.common-controls_6595b64144ccf1df_6.0.10586.494_none_a2d8b04ea53e3145\COMCTL32.dll
0x00007ffb91420000 - 0x00007ffb9169d000 	C:\WINDOWS\system32\combase.dll
0x00007ffb90940000 - 0x00007ffb909aa000 	C:\WINDOWS\system32\bcryptPrimitives.dll
0x00007ffb90e90000 - 0x00007ffb90ecb000 	C:\WINDOWS\system32\IMM32.DLL
0x0000000064490000 - 0x0000000064561000 	C:\Program Files\Java\jdk1.7.0_13\jre\bin\msvcr100.dll
0x0000000064ad0000 - 0x00000000651ef000 	C:\Program Files\Java\jdk1.7.0_13\jre\bin\server\jvm.dll
0x00007ffb90c80000 - 0x00007ffb90ca3000 	C:\WINDOWS\system32\WINMM.dll
0x00007ffb90080000 - 0x00007ffb900ac000 	C:\WINDOWS\system32\WINMMBASE.dll
0x00007ffb90a40000 - 0x00007ffb90a83000 	C:\WINDOWS\system32\cfgmgr32.dll
0x00007ffb93410000 - 0x00007ffb93418000 	C:\WINDOWS\system32\PSAPI.DLL
0x00007ffb77750000 - 0x00007ffb77759000 	C:\WINDOWS\SYSTEM32\WSOCK32.dll
0x00007ffb933a0000 - 0x00007ffb9340b000 	C:\WINDOWS\system32\WS2_32.dll
0x0000000065970000 - 0x000000006597f000 	C:\Program Files\Java\jdk1.7.0_13\jre\bin\verify.dll
0x0000000065940000 - 0x0000000065968000 	C:\Program Files\Java\jdk1.7.0_13\jre\bin\java.dll
0x0000000065920000 - 0x0000000065935000 	C:\Program Files\Java\jdk1.7.0_13\jre\bin\zip.dll
0x0000000065900000 - 0x0000000065919000 	C:\Program Files\Java\jdk1.7.0_13\jre\bin\net.dll
0x00007ffb8f910000 - 0x00007ffb8f96c000 	C:\WINDOWS\system32\mswsock.dll
0x00000000658e0000 - 0x00000000658f1000 	C:\Program Files\Java\jdk1.7.0_13\jre\bin\nio.dll

VM Arguments:
jvm_args: -Djava.awt.headless=true -Xmx1024M -Dfile.encoding=GBK -Duser.country=CN -Duser.language=zh -Duser.variant 
java_command: com.android.dx.command.Main --dex --force-jumbo --num-threads=4 --output H:\AndroidProject\UseBaiduMap\app\build\intermediates\pre-dexed\debug\com.android.support-animated-vector-drawable-23.4.0_20524d085824dd4ed1f2f7eda5d4c99ff7f8bd15.jar H:\AndroidProject\UseBaiduMap\app\build\intermediates\exploded-aar\com.android.support\animated-vector-drawable\23.4.0\jars\classes.jar
Launcher Type: SUN_STANDARD

Environment Variables:
JAVA_HOME=C:\Program Files\Java\jdk1.7.0_13
PATH=C:\Program Files\Java\jdk1.7.0_13\bin;C:\Program Files\Java\jdk1.7.0_13\jre\bin;C:\WINDOWS\system32;C:\WINDOWS;C:\WINDOWS\System32\Wbem;C:\WINDOWS\System32\WindowsPowerShell\v1.0\;C:\Program Files (x86)\NVIDIA Corporation\PhysX\Common;F:\matlab\bin\win32;f:\Program Files\MATLAB\R2014a\runtime\win64;f:\Program Files\MATLAB\R2014a\bin;f:\Program Files\MATLAB\R2014a\polyspace\bin;E:\Program Files (x86)\adt-bundle-windows-x86_64-20140702\sdk\platform-tools
USERNAME=Administrator
OS=Windows_NT
PROCESSOR_IDENTIFIER=Intel64 Family 6 Model 58 Stepping 9, GenuineIntel



---------------  S Y S T E M  ---------------

OS: Windows 8 , 64 bit Build 9200 

CPU:total 4 (2 cores per cpu, 2 threads per core) family 6 model 58 stepping 9, cmov, cx8, fxsr, mmx, sse, sse2, sse3, ssse3, sse4.1, sse4.2, popcnt, avx, ht, tsc, tscinvbit, tscinv

Memory: 4k page, physical 8337772k(2344552k free), swap 8337772k(5124k free)

vm_info: Java HotSpot(TM) 64-Bit Server VM (23.7-b01) for windows-amd64 JRE (1.7.0_13-b20), built on Jan 30 2013 10:10:00 by "java_re" with unknown MS VC++:1600

time: Sun Jul 31 19:23:44 2016
elapsed time: 1 seconds

