#
# There is insufficient memory for the Java Runtime Environment to continue.
# Native memory allocation (malloc) failed to allocate 356016 bytes for Chunk::new
# Possible reasons:
#   The system is out of physical RAM or swap space
#   In 32 bit mode, the process size limit was hit
# Possible solutions:
#   Reduce memory load on the system
#   Increase physical memory or swap space
#   Check if swap backing store is full
#   Use 64 bit Java on a 64 bit OS
#   Decrease Java heap size (-Xmx/-Xms)
#   Decrease number of Java threads
#   Decrease Java thread stack sizes (-Xss)
#   Set larger code cache with -XX:ReservedCodeCacheSize=
# This output file may be truncated or incomplete.
#
#  Out of Memory Error (allocation.cpp:328), pid=10444, tid=5144
#
# JRE version: 7.0_13-b20
# Java VM: Java HotSpot(TM) 64-Bit Server VM (23.7-b01 mixed mode windows-amd64 compressed oops)
# Failed to write core dump. Minidumps are not enabled by default on client versions of Windows
#

---------------  T H R E A D  ---------------

Current thread (0x0000000009254000):  JavaThread "C2 CompilerThread1" daemon [_thread_in_native, id=5144, stack(0x000000000a8e0000,0x000000000a9e0000)]

Stack: [0x000000000a8e0000,0x000000000a9e0000]

Current CompileTask:
C2:   1117  100             com.android.dx.ssa.SsaMethod::forEachInsn (36 bytes)


---------------  P R O C E S S  ---------------

Java Threads: ( => current thread )
  0x000000000addb000 JavaThread "pool-1-thread-4" [_thread_in_Java, id=9468, stack(0x000000000b3e0000,0x000000000b4e0000)]
  0x000000000ae7b000 JavaThread "pool-1-thread-3" [_thread_blocked, id=9532, stack(0x000000000b2e0000,0x000000000b3e0000)]
  0x000000000ae7a800 JavaThread "pool-1-thread-2" [_thread_blocked, id=10552, stack(0x000000000b1e0000,0x000000000b2e0000)]
  0x000000000adf8800 JavaThread "pool-2-thread-1" [_thread_blocked, id=9084, stack(0x000000000b0e0000,0x000000000b1e0000)]
  0x000000000ad0d000 JavaThread "pool-1-thread-1" [_thread_blocked, id=3260, stack(0x000000000afe0000,0x000000000b0e0000)]
  0x0000000009266000 JavaThread "Service Thread" daemon [_thread_blocked, id=9360, stack(0x000000000a9e0000,0x000000000aae0000)]
=>0x0000000009254000 JavaThread "C2 CompilerThread1" daemon [_thread_in_native, id=5144, stack(0x000000000a8e0000,0x000000000a9e0000)]
  0x0000000009250000 JavaThread "C2 CompilerThread0" daemon [_thread_blocked, id=11224, stack(0x000000000a7e0000,0x000000000a8e0000)]
  0x000000000924f000 JavaThread "Attach Listener" daemon [_thread_blocked, id=11228, stack(0x000000000a6e0000,0x000000000a7e0000)]
  0x000000000924c000 JavaThread "Signal Dispatcher" daemon [_thread_blocked, id=10644, stack(0x000000000a5e0000,0x000000000a6e0000)]
  0x00000000091c1000 JavaThread "Finalizer" daemon [_thread_blocked, id=10528, stack(0x000000000a4e0000,0x000000000a5e0000)]
  0x00000000091bf800 JavaThread "Reference Handler" daemon [_thread_blocked, id=9452, stack(0x000000000a3e0000,0x000000000a4e0000)]
  0x0000000002c5e800 JavaThread "main" [_thread_blocked, id=10472, stack(0x0000000002b00000,0x0000000002c00000)]

Other Threads:
  0x00000000091b6000 VMThread [stack: 0x000000000a2e0000,0x000000000a3e0000] [id=7584]
  0x0000000009285000 WatcherThread [stack: 0x000000000aae0000,0x000000000abe0000] [id=10328]

VM state:not at safepoint (normal execution)

VM Mutex/Monitor currently owned by a thread: None

Heap
 PSYoungGen      total 38016K, used 18312K [0x00000000eaab0000, 0x00000000ed510000, 0x0000000100000000)
  eden space 32640K, 56% used [0x00000000eaab0000,0x00000000ebc92160,0x00000000eca90000)
  from space 5376K, 0% used [0x00000000ecfd0000,0x00000000ecfd0000,0x00000000ed510000)
  to   space 5376K, 0% used [0x00000000eca90000,0x00000000eca90000,0x00000000ecfd0000)
 ParOldGen       total 86912K, used 0K [0x00000000c0000000, 0x00000000c54e0000, 0x00000000eaab0000)
  object space 86912K, 0% used [0x00000000c0000000,0x00000000c0000000,0x00000000c54e0000)
 PSPermGen       total 21248K, used 5798K [0x00000000bae00000, 0x00000000bc2c0000, 0x00000000c0000000)
  object space 21248K, 27% used [0x00000000bae00000,0x00000000bb3a99d8,0x00000000bc2c0000)

Card table byte_map: [0x0000000005e20000,0x0000000006050000] byte_map_base: 0x0000000005849000

Polling page: 0x0000000000d40000

Code Cache  [0x0000000002d60000, 0x0000000002fd0000, 0x0000000005d60000)
 total_blobs=335 nmethods=98 adapters=188 free_code_cache=48610Kb largest_free_block=49749440

Compilation events (10 events):
Event: 0.948 Thread 0x0000000009254000   95             com.android.dx.util.Bits::getMax (6 bytes)
Event: 0.948 Thread 0x0000000009254000 nmethod 95 0x0000000002ddd650 code [0x0000000002ddd780, 0x0000000002ddd7d8]
Event: 1.026 Thread 0x0000000009250000   96             java.util.ArrayList::isEmpty (13 bytes)
Event: 1.027 Thread 0x0000000009250000 nmethod 96 0x0000000002deb110 code [0x0000000002deb240, 0x0000000002deb298]
Event: 1.027 Thread 0x0000000009254000   97   !         com.android.dx.util.FixedSizeList::<init> (36 bytes)
Event: 1.028 Thread 0x0000000009254000 nmethod 97 0x0000000002deae10 code [0x0000000002deaf60, 0x0000000002deb078]
Event: 1.036 Thread 0x0000000009250000   98             com.android.dx.util.LabeledList::addLabelIndex (43 bytes)
Event: 1.104 Thread 0x0000000009254000   99             com.android.dx.rop.code.InsnList::forEach (28 bytes)
Event: 1.106 Thread 0x0000000009254000 nmethod 99 0x0000000002dea990 code [0x0000000002deaae0, 0x0000000002deac38]
Event: 1.106 Thread 0x0000000009254000  100             com.android.dx.ssa.SsaMethod::forEachInsn (36 bytes)

GC Heap History (0 events):
No events

Deoptimization events (1 events):
Event: 0.892 Thread 0x000000000addb000 Uncommon trap -12 fr.pc 0x0000000002de0318

Internal exceptions (10 events):
Event: 0.736 Thread 0x000000000ae7b000 Threw 0x00000000eb1e56c0 at C:\jdk7u2_64p\jdk7u13\hotspot\src\share\vm\prims\jvm.cpp:1166
Event: 0.737 Thread 0x000000000ae7b000 Threw 0x00000000eb1eac88 at C:\jdk7u2_64p\jdk7u13\hotspot\src\share\vm\prims\jvm.cpp:1166
Event: 0.738 Thread 0x000000000ae7b000 Threw 0x00000000eb1f34f0 at C:\jdk7u2_64p\jdk7u13\hotspot\src\share\vm\prims\jvm.cpp:1166
Event: 0.739 Thread 0x000000000addb000 Threw 0x00000000eb2e2118 at C:\jdk7u2_64p\jdk7u13\hotspot\src\share\vm\prims\jvm.cpp:1166
Event: 0.739 Thread 0x0000000002c5e800 Threw 0x00000000eb32e438 at C:\jdk7u2_64p\jdk7u13\hotspot\src\share\vm\prims\jvm.cpp:1166
Event: 0.785 Thread 0x0000000002c5e800 Threw 0x00000000eb3625e8 at C:\jdk7u2_64p\jdk7u13\hotspot\src\share\vm\prims\jvm.cpp:1166
Event: 0.861 Thread 0x000000000ae7b000 Threw 0x00000000eb7986a0 at C:\jdk7u2_64p\jdk7u13\hotspot\src\share\vm\prims\jvm.cpp:1166
Event: 0.892 Thread 0x000000000addb000 Implicit null exception at 0x0000000002ddffb9 to 0x0000000002de0305
Event: 0.954 Thread 0x000000000ad0d000 Threw 0x00000000eb763db0 at C:\jdk7u2_64p\jdk7u13\hotspot\src\share\vm\prims\jvm.cpp:1166
Event: 1.113 Thread 0x000000000addb000 Threw 0x00000000ebc08d20 at C:\jdk7u2_64p\jdk7u13\hotspot\src\share\vm\prims\jvm.cpp:1166

Events (10 events):
Event: 0.894 loading class 0x000000000910b770
Event: 0.894 loading class 0x000000000910b770 done
Event: 0.954 loading class 0x000000000acf9dc0
Event: 0.954 loading class 0x000000000acf9dc0 done
Event: 1.113 loading class 0x000000000ae56b40
Event: 1.113 loading class 0x000000000ae56b40 done
Event: 1.114 loading class 0x0000000009108c80
Event: 1.114 loading class 0x0000000009108c80 done
Event: 1.114 loading class 0x00000000091c4720
Event: 1.114 loading class 0x00000000091c4720 done


Dynamic libraries:
0x00007ff630190000 - 0x00007ff6301c3000 	C:\Program Files\Java\jdk1.7.0_13\bin\java.exe
0x00007ffb93c50000 - 0x00007ffb93e11000 	C:\WINDOWS\SYSTEM32\ntdll.dll
0x00007ffb91860000 - 0x00007ffb9190d000 	C:\WINDOWS\system32\KERNEL32.DLL
0x00007ffb90750000 - 0x00007ffb90938000 	C:\WINDOWS\system32\KERNELBASE.dll
0x00007ffb931d0000 - 0x00007ffb93277000 	C:\WINDOWS\system32\ADVAPI32.dll
0x00007ffb910c0000 - 0x00007ffb9115d000 	C:\WINDOWS\system32\msvcrt.dll
0x00007ffb91060000 - 0x00007ffb910bb000 	C:\WINDOWS\system32\sechost.dll
0x00007ffb93280000 - 0x00007ffb9339c000 	C:\WINDOWS\system32\RPCRT4.dll
0x00007ffb93920000 - 0x00007ffb93a76000 	C:\WINDOWS\system32\USER32.dll
0x00007ffb90ed0000 - 0x00007ffb91056000 	C:\WINDOWS\system32\GDI32.dll
0x00007ffb8ad00000 - 0x00007ffb8af74000 	C:\WINDOWS\WinSxS\amd64_microsoft.windows.common-controls_6595b64144ccf1df_6.0.10586.494_none_a2d8b04ea53e3145\COMCTL32.dll
0x00007ffb91420000 - 0x00007ffb9169d000 	C:\WINDOWS\system32\combase.dll
0x00007ffb90940000 - 0x00007ffb909aa000 	C:\WINDOWS\system32\bcryptPrimitives.dll
0x00007ffb90e90000 - 0x00007ffb90ecb000 	C:\WINDOWS\system32\IMM32.DLL
0x0000000064490000 - 0x0000000064561000 	C:\Program Files\Java\jdk1.7.0_13\jre\bin\msvcr100.dll
0x0000000064ad0000 - 0x00000000651ef000 	C:\Program Files\Java\jdk1.7.0_13\jre\bin\server\jvm.dll
0x00007ffb90c80000 - 0x00007ffb90ca3000 	C:\WINDOWS\system32\WINMM.dll
0x00007ffb90080000 - 0x00007ffb900ac000 	C:\WINDOWS\system32\WINMMBASE.dll
0x00007ffb90a40000 - 0x00007ffb90a83000 	C:\WINDOWS\system32\cfgmgr32.dll
0x00007ffb93410000 - 0x00007ffb93418000 	C:\WINDOWS\system32\PSAPI.DLL
0x00007ffb77750000 - 0x00007ffb77759000 	C:\WINDOWS\SYSTEM32\WSOCK32.dll
0x00007ffb933a0000 - 0x00007ffb9340b000 	C:\WINDOWS\system32\WS2_32.dll
0x0000000065970000 - 0x000000006597f000 	C:\Program Files\Java\jdk1.7.0_13\jre\bin\verify.dll
0x0000000065940000 - 0x0000000065968000 	C:\Program Files\Java\jdk1.7.0_13\jre\bin\java.dll
0x0000000065920000 - 0x0000000065935000 	C:\Program Files\Java\jdk1.7.0_13\jre\bin\zip.dll
0x0000000065900000 - 0x0000000065919000 	C:\Program Files\Java\jdk1.7.0_13\jre\bin\net.dll
0x00007ffb8f910000 - 0x00007ffb8f96c000 	C:\WINDOWS\system32\mswsock.dll
0x00000000658e0000 - 0x00000000658f1000 	C:\Program Files\Java\jdk1.7.0_13\jre\bin\nio.dll

VM Arguments:
jvm_args: -Djava.awt.headless=true -Xmx1024M -Dfile.encoding=GBK -Duser.country=CN -Duser.language=zh -Duser.variant 
java_command: com.android.dx.command.Main --dex --force-jumbo --num-threads=4 --output H:\AndroidProject\UseBaiduMap\app\build\intermediates\pre-dexed\debug\com.google.android.gms-play-services-appindexing-8.1.0_6c0d47fe0ef9c1e1acecb0d8dd78d6b66e669576.jar H:\AndroidProject\UseBaiduMap\app\build\intermediates\exploded-aar\com.google.android.gms\play-services-appindexing\8.1.0\jars\classes.jar
Launcher Type: SUN_STANDARD

Environment Variables:
JAVA_HOME=C:\Program Files\Java\jdk1.7.0_13
PATH=C:\Program Files\Java\jdk1.7.0_13\bin;C:\Program Files\Java\jdk1.7.0_13\jre\bin;C:\WINDOWS\system32;C:\WINDOWS;C:\WINDOWS\System32\Wbem;C:\WINDOWS\System32\WindowsPowerShell\v1.0\;C:\Program Files (x86)\NVIDIA Corporation\PhysX\Common;F:\matlab\bin\win32;f:\Program Files\MATLAB\R2014a\runtime\win64;f:\Program Files\MATLAB\R2014a\bin;f:\Program Files\MATLAB\R2014a\polyspace\bin;E:\Program Files (x86)\adt-bundle-windows-x86_64-20140702\sdk\platform-tools
USERNAME=Administrator
OS=Windows_NT
PROCESSOR_IDENTIFIER=Intel64 Family 6 Model 58 Stepping 9, GenuineIntel



---------------  S Y S T E M  ---------------

OS: Windows 8 , 64 bit Build 9200 

CPU:total 4 (2 cores per cpu, 2 threads per core) family 6 model 58 stepping 9, cmov, cx8, fxsr, mmx, sse, sse2, sse3, ssse3, sse4.1, sse4.2, popcnt, avx, ht, tsc, tscinvbit, tscinv

Memory: 4k page, physical 8337772k(2141480k free), swap 8337772k(5300k free)

vm_info: Java HotSpot(TM) 64-Bit Server VM (23.7-b01) for windows-amd64 JRE (1.7.0_13-b20), built on Jan 30 2013 10:10:00 by "java_re" with unknown MS VC++:1600

time: Sun Jul 31 21:08:58 2016
elapsed time: 1 seconds

