#
# There is insufficient memory for the Java Runtime Environment to continue.
# Native memory allocation (malloc) failed to allocate 103856 bytes for Chunk::new
# Possible reasons:
#   The system is out of physical RAM or swap space
#   In 32 bit mode, the process size limit was hit
# Possible solutions:
#   Reduce memory load on the system
#   Increase physical memory or swap space
#   Check if swap backing store is full
#   Use 64 bit Java on a 64 bit OS
#   Decrease Java heap size (-Xmx/-Xms)
#   Decrease number of Java threads
#   Decrease Java thread stack sizes (-Xss)
#   Set larger code cache with -XX:ReservedCodeCacheSize=
# This output file may be truncated or incomplete.
#
#  Out of Memory Error (allocation.cpp:328), pid=10264, tid=10588
#
# JRE version: 7.0_13-b20
# Java VM: Java HotSpot(TM) 64-Bit Server VM (23.7-b01 mixed mode windows-amd64 compressed oops)
# Failed to write core dump. Minidumps are not enabled by default on client versions of Windows
#

---------------  T H R E A D  ---------------

Current thread (0x00000000093a0000):  JavaThread "C2 CompilerThread0" daemon [_thread_in_native, id=10588, stack(0x000000000a930000,0x000000000aa30000)]

Stack: [0x000000000a930000,0x000000000aa30000]

Current CompileTask:
C2:   1632  158             com.android.dx.ssa.SsaMethod::mapRegisters (87 bytes)


---------------  P R O C E S S  ---------------

Java Threads: ( => current thread )
  0x000000000aea9800 JavaThread "pool-1-thread-4" [_thread_in_Java, id=7176, stack(0x000000000b530000,0x000000000b630000)]
  0x000000000af10000 JavaThread "pool-1-thread-3" [_thread_in_vm, id=1120, stack(0x000000000b430000,0x000000000b530000)]
  0x000000000af09800 JavaThread "pool-1-thread-2" [_thread_blocked, id=12076, stack(0x000000000b330000,0x000000000b430000)]
  0x000000000aeec000 JavaThread "pool-2-thread-1" [_thread_blocked, id=1072, stack(0x000000000b230000,0x000000000b330000)]
  0x000000000af19800 JavaThread "pool-1-thread-1" [_thread_in_Java, id=368, stack(0x000000000b130000,0x000000000b230000)]
  0x00000000093b6000 JavaThread "Service Thread" daemon [_thread_blocked, id=11192, stack(0x000000000ab30000,0x000000000ac30000)]
  0x00000000093a4000 JavaThread "C2 CompilerThread1" daemon [_thread_in_native, id=10428, stack(0x000000000aa30000,0x000000000ab30000)]
=>0x00000000093a0000 JavaThread "C2 CompilerThread0" daemon [_thread_in_native, id=10588, stack(0x000000000a930000,0x000000000aa30000)]
  0x000000000939f000 JavaThread "Attach Listener" daemon [_thread_blocked, id=4856, stack(0x000000000a830000,0x000000000a930000)]
  0x000000000937a000 JavaThread "Signal Dispatcher" daemon [_thread_blocked, id=596, stack(0x000000000a730000,0x000000000a830000)]
  0x0000000009312000 JavaThread "Finalizer" daemon [_thread_blocked, id=10812, stack(0x000000000a630000,0x000000000a730000)]
  0x000000000930e800 JavaThread "Reference Handler" daemon [_thread_blocked, id=10196, stack(0x000000000a530000,0x000000000a630000)]
  0x0000000002cae800 JavaThread "main" [_thread_in_Java, id=10644, stack(0x0000000002b20000,0x0000000002c20000)]

Other Threads:
  0x0000000009306000 VMThread [stack: 0x000000000a430000,0x000000000a530000] [id=11440]
  0x00000000093cd000 WatcherThread [stack: 0x000000000ac30000,0x000000000ad30000] [id=2148]

VM state:not at safepoint (normal execution)

VM Mutex/Monitor currently owned by a thread: None

Heap
 PSYoungGen      total 38016K, used 27591K [0x00000000eaab0000, 0x00000000ed510000, 0x0000000100000000)
  eden space 32640K, 84% used [0x00000000eaab0000,0x00000000ec5a1de8,0x00000000eca90000)
  from space 5376K, 0% used [0x00000000ecfd0000,0x00000000ecfd0000,0x00000000ed510000)
  to   space 5376K, 0% used [0x00000000eca90000,0x00000000eca90000,0x00000000ecfd0000)
 ParOldGen       total 86912K, used 0K [0x00000000c0000000, 0x00000000c54e0000, 0x00000000eaab0000)
  object space 86912K, 0% used [0x00000000c0000000,0x00000000c0000000,0x00000000c54e0000)
 PSPermGen       total 21248K, used 5862K [0x00000000bae00000, 0x00000000bc2c0000, 0x00000000c0000000)
  object space 21248K, 27% used [0x00000000bae00000,0x00000000bb3b9b98,0x00000000bc2c0000)

Card table byte_map: [0x0000000005f70000,0x00000000061a0000] byte_map_base: 0x0000000005999000

Polling page: 0x0000000001090000

Code Cache  [0x0000000002eb0000, 0x0000000003120000, 0x0000000005eb0000)
 total_blobs=392 nmethods=156 adapters=187 free_code_cache=48546Kb largest_free_block=49688832

Compilation events (10 events):
Event: 1.602 Thread 0x00000000093a4000 nmethod 153 0x0000000002f44e90 code [0x0000000002f44fe0, 0x0000000002f45098]
Event: 1.603 Thread 0x00000000093a4000  154             com.android.dx.ssa.SsaInsn::getBlock (5 bytes)
Event: 1.603 Thread 0x00000000093a4000 nmethod 154 0x0000000002f46ad0 code [0x0000000002f46c00, 0x0000000002f46c58]
Event: 1.603 Thread 0x00000000093a4000  155             com.android.dx.ssa.SsaConverter::placePhiFunctions (394 bytes)
Event: 1.607 Thread 0x00000000093a0000 nmethod 152 0x0000000002f48110 code [0x0000000002f48280, 0x0000000002f48658]
Event: 1.607 Thread 0x00000000093a0000  156             com.android.dx.util.MutabilityControl::throwIfMutable (18 bytes)
Event: 1.608 Thread 0x00000000093a0000 nmethod 156 0x0000000002f47f10 code [0x0000000002f48040, 0x0000000002f48098]
Event: 1.608 Thread 0x00000000093a0000  157             com.android.dx.rop.code.Insn::<init> (69 bytes)
Event: 1.609 Thread 0x00000000093a0000 nmethod 157 0x0000000002f4b410 code [0x0000000002f4b540, 0x0000000002f4b638]
Event: 1.612 Thread 0x00000000093a0000  158             com.android.dx.ssa.SsaMethod::mapRegisters (87 bytes)

GC Heap History (0 events):
No events

Deoptimization events (2 events):
Event: 1.157 Thread 0x0000000002cae800 Uncommon trap -34 fr.pc 0x0000000002f28930
Event: 1.217 Thread 0x000000000af10000 Uncommon trap -34 fr.pc 0x0000000002f28930

Internal exceptions (10 events):
Event: 1.099 Thread 0x0000000002cae800 Threw 0x00000000eb9fc750 at C:\jdk7u2_64p\jdk7u13\hotspot\src\share\vm\prims\jvm.cpp:1166
Event: 1.100 Thread 0x0000000002cae800 Threw 0x00000000eba01600 at C:\jdk7u2_64p\jdk7u13\hotspot\src\share\vm\prims\jvm.cpp:1166
Event: 1.101 Thread 0x0000000002cae800 Threw 0x00000000eba068e8 at C:\jdk7u2_64p\jdk7u13\hotspot\src\share\vm\prims\jvm.cpp:1166
Event: 1.101 Thread 0x0000000002cae800 Threw 0x00000000eba0a540 at C:\jdk7u2_64p\jdk7u13\hotspot\src\share\vm\prims\jvm.cpp:1166
Event: 1.105 Thread 0x000000000af09800 Threw 0x00000000ebb16080 at C:\jdk7u2_64p\jdk7u13\hotspot\src\share\vm\prims\jvm.cpp:1166
Event: 1.106 Thread 0x000000000af09800 Threw 0x00000000ebb1be58 at C:\jdk7u2_64p\jdk7u13\hotspot\src\share\vm\prims\jvm.cpp:1166
Event: 1.107 Thread 0x000000000aea9800 Threw 0x00000000eb912d10 at C:\jdk7u2_64p\jdk7u13\hotspot\src\share\vm\prims\jvm.cpp:1166
Event: 1.139 Thread 0x0000000002cae800 Threw 0x00000000eba6d4b0 at C:\jdk7u2_64p\jdk7u13\hotspot\src\share\vm\prims\jvm.cpp:1166
Event: 1.421 Thread 0x000000000aea9800 Threw 0x00000000ebfbcce8 at C:\jdk7u2_64p\jdk7u13\hotspot\src\share\vm\prims\jvm.cpp:1166
Event: 1.487 Thread 0x000000000af10000 Threw 0x00000000ec0cbb90 at C:\jdk7u2_64p\jdk7u13\hotspot\src\share\vm\prims\jvm.cpp:1166

Events (10 events):
Event: 1.217 Thread 0x000000000af10000 DEOPT PACKING pc=0x0000000002f28930 sp=0x000000000b52ef00
Event: 1.217 Thread 0x000000000af10000 DEOPT UNPACKING pc=0x0000000002ee9164 sp=0x000000000b52ee50 mode 2
Event: 1.371 loading class 0x000000000925c5b0
Event: 1.371 loading class 0x000000000925c5b0 done
Event: 1.421 loading class 0x000000000af58080
Event: 1.421 loading class 0x000000000af58080 done
Event: 1.470 loading class 0x0000000009327b70
Event: 1.470 loading class 0x0000000009327b70 done
Event: 1.487 loading class 0x00000000094252f0
Event: 1.487 loading class 0x00000000094252f0 done


Dynamic libraries:
0x00007ff7e5c30000 - 0x00007ff7e5c63000 	C:\Program Files\Java\jdk1.7.0_13\bin\java.exe
0x00007ffb14850000 - 0x00007ffb14a11000 	C:\WINDOWS\SYSTEM32\ntdll.dll
0x00007ffb130a0000 - 0x00007ffb1314d000 	C:\WINDOWS\system32\KERNEL32.DLL
0x00007ffb11150000 - 0x00007ffb11338000 	C:\WINDOWS\system32\KERNELBASE.dll
0x00007ffb14280000 - 0x00007ffb14327000 	C:\WINDOWS\system32\ADVAPI32.dll
0x00007ffb141e0000 - 0x00007ffb1427d000 	C:\WINDOWS\system32\msvcrt.dll
0x00007ffb13150000 - 0x00007ffb131ab000 	C:\WINDOWS\system32\sechost.dll
0x00007ffb13b60000 - 0x00007ffb13c7c000 	C:\WINDOWS\system32\RPCRT4.dll
0x00007ffb131b0000 - 0x00007ffb13306000 	C:\WINDOWS\system32\USER32.dll
0x00007ffb14330000 - 0x00007ffb144b6000 	C:\WINDOWS\system32\GDI32.dll
0x00007ffb0b300000 - 0x00007ffb0b574000 	C:\WINDOWS\WinSxS\amd64_microsoft.windows.common-controls_6595b64144ccf1df_6.0.10586.0_none_8c15ae12515e1c22\COMCTL32.dll
0x00007ffb13450000 - 0x00007ffb136cd000 	C:\WINDOWS\system32\combase.dll
0x00007ffb10e50000 - 0x00007ffb10eba000 	C:\WINDOWS\system32\bcryptPrimitives.dll
0x00007ffb139f0000 - 0x00007ffb13a2b000 	C:\WINDOWS\system32\IMM32.DLL
0x000000005a7c0000 - 0x000000005a891000 	C:\Program Files\Java\jdk1.7.0_13\jre\bin\msvcr100.dll
0x000000005aba0000 - 0x000000005b2bf000 	C:\Program Files\Java\jdk1.7.0_13\jre\bin\server\jvm.dll
0x00007ffb10cb0000 - 0x00007ffb10cd3000 	C:\WINDOWS\system32\WINMM.dll
0x00007ffb10c40000 - 0x00007ffb10c6c000 	C:\WINDOWS\system32\WINMMBASE.dll
0x00007ffb11a40000 - 0x00007ffb11a83000 	C:\WINDOWS\system32\cfgmgr32.dll
0x00007ffb13c90000 - 0x00007ffb13c98000 	C:\WINDOWS\system32\PSAPI.DLL
0x00007ffafa760000 - 0x00007ffafa769000 	C:\WINDOWS\SYSTEM32\WSOCK32.dll
0x00007ffb13310000 - 0x00007ffb1337b000 	C:\WINDOWS\system32\WS2_32.dll
0x000000005ba20000 - 0x000000005ba2f000 	C:\Program Files\Java\jdk1.7.0_13\jre\bin\verify.dll
0x000000005b9f0000 - 0x000000005ba18000 	C:\Program Files\Java\jdk1.7.0_13\jre\bin\java.dll
0x000000005b9d0000 - 0x000000005b9e5000 	C:\Program Files\Java\jdk1.7.0_13\jre\bin\zip.dll
0x000000005b9b0000 - 0x000000005b9c9000 	C:\Program Files\Java\jdk1.7.0_13\jre\bin\net.dll
0x00007ffb10510000 - 0x00007ffb1056c000 	C:\WINDOWS\system32\mswsock.dll
0x000000005b990000 - 0x000000005b9a1000 	C:\Program Files\Java\jdk1.7.0_13\jre\bin\nio.dll

VM Arguments:
jvm_args: -Djava.awt.headless=true -Xmx1024M -Dfile.encoding=GBK -Duser.country=CN -Duser.language=zh -Duser.variant 
java_command: com.android.dx.command.Main --dex --num-threads=4 --output H:\AndroidProject\UseBaiduMap\app\build\intermediates\pre-dexed\debug\baidumapapi_map_v4_0_0_ae50b6fbe80169d9c7b7b1339ce3ac494fd9a1f1.jar H:\AndroidProject\UseBaiduMap\app\libs\baidumapapi_map_v4_0_0.jar
Launcher Type: SUN_STANDARD

Environment Variables:
JAVA_HOME=C:\Program Files\Java\jdk1.7.0_13
PATH=C:\Program Files\Java\jdk1.7.0_13\bin;C:\Program Files\Java\jdk1.7.0_13\jre\bin;C:\WINDOWS\system32;C:\WINDOWS;C:\WINDOWS\System32\Wbem;C:\WINDOWS\System32\WindowsPowerShell\v1.0\;C:\Program Files (x86)\NVIDIA Corporation\PhysX\Common;F:\matlab\bin\win32;f:\Program Files\MATLAB\R2014a\runtime\win64;f:\Program Files\MATLAB\R2014a\bin;f:\Program Files\MATLAB\R2014a\polyspace\bin;E:\Program Files (x86)\adt-bundle-windows-x86_64-20140702\sdk\platform-tools
USERNAME=Administrator
OS=Windows_NT
PROCESSOR_IDENTIFIER=Intel64 Family 6 Model 58 Stepping 9, GenuineIntel



---------------  S Y S T E M  ---------------

OS: Windows 8 , 64 bit Build 9200 

CPU:total 4 (2 cores per cpu, 2 threads per core) family 6 model 58 stepping 9, cmov, cx8, fxsr, mmx, sse, sse2, sse3, ssse3, sse4.1, sse4.2, popcnt, avx, ht, tsc, tscinvbit, tscinv

Memory: 4k page, physical 8337772k(1999472k free), swap 8337772k(5640k free)

vm_info: Java HotSpot(TM) 64-Bit Server VM (23.7-b01) for windows-amd64 JRE (1.7.0_13-b20), built on Jan 30 2013 10:10:00 by "java_re" with unknown MS VC++:1600

time: Sun Jun 26 15:28:05 2016
elapsed time: 1 seconds

