#
# There is insufficient memory for the Java Runtime Environment to continue.
# Native memory allocation (malloc) failed to allocate 788736 bytes for Chunk::new
# Possible reasons:
#   The system is out of physical RAM or swap space
#   In 32 bit mode, the process size limit was hit
# Possible solutions:
#   Reduce memory load on the system
#   Increase physical memory or swap space
#   Check if swap backing store is full
#   Use 64 bit Java on a 64 bit OS
#   Decrease Java heap size (-Xmx/-Xms)
#   Decrease number of Java threads
#   Decrease Java thread stack sizes (-Xss)
#   Set larger code cache with -XX:ReservedCodeCacheSize=
# This output file may be truncated or incomplete.
#
#  Out of Memory Error (allocation.cpp:328), pid=10540, tid=7860
#
# JRE version: 7.0_13-b20
# Java VM: Java HotSpot(TM) 64-Bit Server VM (23.7-b01 mixed mode windows-amd64 compressed oops)
# Failed to write core dump. Minidumps are not enabled by default on client versions of Windows
#

---------------  T H R E A D  ---------------

Current thread (0x00000000090a0000):  JavaThread "C2 CompilerThread0" daemon [_thread_in_native, id=7860, stack(0x000000000a630000,0x000000000a730000)]

Stack: [0x000000000a630000,0x000000000a730000]

Current CompileTask:
C2:   3671  272   !         com.android.dx.cf.code.Ropper::processBlock (1101 bytes)


---------------  P R O C E S S  ---------------

Java Threads: ( => current thread )
  0x000000000abb9000 JavaThread "pool-1-thread-4" [_thread_blocked, id=3676, stack(0x000000000b230000,0x000000000b330000)]
  0x000000000abb8000 JavaThread "pool-1-thread-3" [_thread_in_vm, id=8828, stack(0x000000000b130000,0x000000000b230000)]
  0x000000000ab78800 JavaThread "pool-1-thread-2" [_thread_blocked, id=7904, stack(0x000000000b030000,0x000000000b130000)]
  0x000000000abef800 JavaThread "pool-2-thread-1" [_thread_blocked, id=1428, stack(0x000000000af30000,0x000000000b030000)]
  0x000000000abec800 JavaThread "pool-1-thread-1" [_thread_blocked, id=2296, stack(0x000000000ae30000,0x000000000af30000)]
  0x00000000090b3000 JavaThread "Service Thread" daemon [_thread_blocked, id=6712, stack(0x000000000a830000,0x000000000a930000)]
  0x00000000090a2000 JavaThread "C2 CompilerThread1" daemon [_thread_in_native, id=2328, stack(0x000000000a730000,0x000000000a830000)]
=>0x00000000090a0000 JavaThread "C2 CompilerThread0" daemon [_thread_in_native, id=7860, stack(0x000000000a630000,0x000000000a730000)]
  0x000000000909f000 JavaThread "Attach Listener" daemon [_thread_blocked, id=6788, stack(0x000000000a530000,0x000000000a630000)]
  0x000000000907a000 JavaThread "Signal Dispatcher" daemon [_thread_blocked, id=8832, stack(0x000000000a430000,0x000000000a530000)]
  0x0000000009011000 JavaThread "Finalizer" daemon [_thread_blocked, id=204, stack(0x000000000a330000,0x000000000a430000)]
  0x000000000900d800 JavaThread "Reference Handler" daemon [_thread_blocked, id=5128, stack(0x000000000a230000,0x000000000a330000)]
  0x0000000002aae800 JavaThread "main" [_thread_in_vm, id=3168, stack(0x0000000002940000,0x0000000002a40000)]

Other Threads:
  0x0000000009006000 VMThread [stack: 0x000000000a130000,0x000000000a230000] [id=4868]
  0x0000000009102800 WatcherThread [stack: 0x000000000a930000,0x000000000aa30000] [id=9220]

VM state:not at safepoint (normal execution)

VM Mutex/Monitor currently owned by a thread: None

Heap
 PSYoungGen      total 38016K, used 18196K [0x00000000eaab0000, 0x00000000ed510000, 0x0000000100000000)
  eden space 32640K, 39% used [0x00000000eaab0000,0x00000000eb735710,0x00000000eca90000)
  from space 5376K, 99% used [0x00000000eca90000,0x00000000ecfcfc88,0x00000000ecfd0000)
  to   space 5376K, 0% used [0x00000000ecfd0000,0x00000000ecfd0000,0x00000000ed510000)
 ParOldGen       total 86912K, used 1006K [0x00000000c0000000, 0x00000000c54e0000, 0x00000000eaab0000)
  object space 86912K, 1% used [0x00000000c0000000,0x00000000c00fbbc0,0x00000000c54e0000)
 PSPermGen       total 21248K, used 5989K [0x00000000bae00000, 0x00000000bc2c0000, 0x00000000c0000000)
  object space 21248K, 28% used [0x00000000bae00000,0x00000000bb3d9588,0x00000000bc2c0000)

Card table byte_map: [0x0000000005c70000,0x0000000005ea0000] byte_map_base: 0x0000000005699000

Polling page: 0x0000000002560000

Code Cache  [0x0000000002bb0000, 0x0000000002e20000, 0x0000000005bb0000)
 total_blobs=512 nmethods=275 adapters=188 free_code_cache=48125Kb largest_free_block=49252928

Compilation events (10 events):
Event: 3.646 Thread 0x00000000090a0000  272   !         com.android.dx.cf.code.Ropper::processBlock (1101 bytes)
Event: 3.649 Thread 0x00000000090a2000  273             com.android.dx.ssa.SsaMethod::blockIndexToRopLabel (21 bytes)
Event: 3.650 Thread 0x00000000090a2000 nmethod 273 0x0000000002ca0090 code [0x0000000002ca01e0, 0x0000000002ca02b8]
Event: 3.650 Thread 0x00000000090a2000  274             com.android.dx.rop.code.InsnList::getLast (11 bytes)
Event: 3.651 Thread 0x00000000090a2000 nmethod 274 0x0000000002ca8cd0 code [0x0000000002ca8e20, 0x0000000002ca8ef8]
Event: 3.652 Thread 0x00000000090a2000  275             com.android.dx.util.FixedSizeList::hashCode (8 bytes)
Event: 3.654 Thread 0x00000000090a2000 nmethod 275 0x0000000002cad290 code [0x0000000002cad3e0, 0x0000000002cad558]
Event: 3.659 Thread 0x00000000090a2000  276             com.android.dx.rop.code.CstInsn::<init> (31 bytes)
Event: 3.661 Thread 0x00000000090a2000 nmethod 276 0x0000000002cac310 code [0x0000000002cac460, 0x0000000002cac598]
Event: 3.668 Thread 0x00000000090a2000  277             com.android.dx.ssa.SsaBasicBlock::getRopLabelSuccessorList (57 bytes)

GC Heap History (2 events):
Event: 2.549 GC heap before
{Heap before GC invocations=1 (full 0):
 PSYoungGen      total 38016K, used 32640K [0x00000000eaab0000, 0x00000000ed510000, 0x0000000100000000)
  eden space 32640K, 100% used [0x00000000eaab0000,0x00000000eca90000,0x00000000eca90000)
  from space 5376K, 0% used [0x00000000ecfd0000,0x00000000ecfd0000,0x00000000ed510000)
  to   space 5376K, 0% used [0x00000000eca90000,0x00000000eca90000,0x00000000ecfd0000)
 ParOldGen       total 86912K, used 0K [0x00000000c0000000, 0x00000000c54e0000, 0x00000000eaab0000)
  object space 86912K, 0% used [0x00000000c0000000,0x00000000c0000000,0x00000000c54e0000)
 PSPermGen       total 21248K, used 5918K [0x00000000bae00000, 0x00000000bc2c0000, 0x00000000c0000000)
  object space 21248K, 27% used [0x00000000bae00000,0x00000000bb3c7ab8,0x00000000bc2c0000)
Event: 2.661 GC heap after
Heap after GC invocations=1 (full 0):
 PSYoungGen      total 38016K, used 5375K [0x00000000eaab0000, 0x00000000ed510000, 0x0000000100000000)
  eden space 32640K, 0% used [0x00000000eaab0000,0x00000000eaab0000,0x00000000eca90000)
  from space 5376K, 99% used [0x00000000eca90000,0x00000000ecfcfc88,0x00000000ecfd0000)
  to   space 5376K, 0% used [0x00000000ecfd0000,0x00000000ecfd0000,0x00000000ed510000)
 ParOldGen       total 86912K, used 1006K [0x00000000c0000000, 0x00000000c54e0000, 0x00000000eaab0000)
  object space 86912K, 1% used [0x00000000c0000000,0x00000000c00fbbc0,0x00000000c54e0000)
 PSPermGen       total 21248K, used 5918K [0x00000000bae00000, 0x00000000bc2c0000, 0x00000000c0000000)
  object space 21248K, 27% used [0x00000000bae00000,0x00000000bb3c7ab8,0x00000000bc2c0000)
}

Deoptimization events (9 events):
Event: 1.113 Thread 0x000000000abec800 Uncommon trap -34 fr.pc 0x0000000002c2c2f4
Event: 1.153 Thread 0x000000000abec800 Uncommon trap -34 fr.pc 0x0000000002c2c2f4
Event: 1.155 Thread 0x000000000ab78800 Uncommon trap -34 fr.pc 0x0000000002c2c2f4
Event: 1.155 Thread 0x000000000ab78800 Uncommon trap -34 fr.pc 0x0000000002c2c2f4
Event: 1.396 Thread 0x000000000abec800 Uncommon trap -12 fr.pc 0x0000000002c36254
Event: 1.397 Thread 0x000000000abec800 Uncommon trap -12 fr.pc 0x0000000002c3f8ec
Event: 1.697 Thread 0x000000000abec800 Uncommon trap -83 fr.pc 0x0000000002c3d144
Event: 2.806 Thread 0x0000000002aae800 Uncommon trap -12 fr.pc 0x0000000002c428b8
Event: 2.811 Thread 0x000000000abb9000 Uncommon trap -12 fr.pc 0x0000000002c54f50

Internal exceptions (10 events):
Event: 0.827 Thread 0x000000000ab78800 Threw 0x00000000eb870278 at C:\jdk7u2_64p\jdk7u13\hotspot\src\share\vm\prims\jvm.cpp:1166
Event: 0.833 Thread 0x000000000abb9000 Threw 0x00000000eb8ee550 at C:\jdk7u2_64p\jdk7u13\hotspot\src\share\vm\prims\jvm.cpp:1166
Event: 0.838 Thread 0x000000000ab78800 Threw 0x00000000eb884490 at C:\jdk7u2_64p\jdk7u13\hotspot\src\share\vm\prims\jvm.cpp:1166
Event: 0.846 Thread 0x0000000002aae800 Threw 0x00000000eb769850 at C:\jdk7u2_64p\jdk7u13\hotspot\src\share\vm\prims\jvm.cpp:1166
Event: 0.988 Thread 0x000000000abec800 Threw 0x00000000ebb9d5c8 at C:\jdk7u2_64p\jdk7u13\hotspot\src\share\vm\prims\jvm.cpp:1166
Event: 1.165 Thread 0x000000000ab78800 Threw 0x00000000ebcbb3d8 at C:\jdk7u2_64p\jdk7u13\hotspot\src\share\vm\prims\jvm.cpp:1166
Event: 1.396 Thread 0x000000000abec800 Implicit null exception at 0x0000000002c35edb to 0x0000000002c36241
Event: 1.397 Thread 0x000000000abec800 Implicit null exception at 0x0000000002c3f096 to 0x0000000002c3f8d1
Event: 2.806 Thread 0x0000000002aae800 Implicit null exception at 0x0000000002c41e6f to 0x0000000002c4289d
Event: 2.811 Thread 0x000000000abb9000 Implicit null exception at 0x0000000002c54e52 to 0x0000000002c54f42

Events (10 events):
Event: 1.794 loading class 0x0000000009025450
Event: 1.794 loading class 0x0000000009025450 done
Event: 1.794 loading class 0x000000000903a530
Event: 1.794 loading class 0x000000000903a530 done
Event: 2.548 Executing VM operation: ParallelGCFailedAllocation
Event: 2.661 Executing VM operation: ParallelGCFailedAllocation done
Event: 2.806 Thread 0x0000000002aae800 DEOPT PACKING pc=0x0000000002c428b8 sp=0x0000000002a3e5c0
Event: 2.806 Thread 0x0000000002aae800 DEOPT UNPACKING pc=0x0000000002be9164 sp=0x0000000002a3e3a8 mode 2
Event: 2.811 Thread 0x000000000abb9000 DEOPT PACKING pc=0x0000000002c54f50 sp=0x000000000b32e890
Event: 2.811 Thread 0x000000000abb9000 DEOPT UNPACKING pc=0x0000000002be9164 sp=0x000000000b32e828 mode 2


Dynamic libraries:
0x00007ff7d2ba0000 - 0x00007ff7d2bd3000 	C:\Program Files\Java\jdk1.7.0_13\bin\java.exe
0x00007ff86b820000 - 0x00007ff86b9e1000 	C:\WINDOWS\SYSTEM32\ntdll.dll
0x00007ff869100000 - 0x00007ff8691ad000 	C:\WINDOWS\system32\KERNEL32.DLL
0x00007ff868850000 - 0x00007ff868a38000 	C:\WINDOWS\system32\KERNELBASE.dll
0x00007ff868a60000 - 0x00007ff868b07000 	C:\WINDOWS\system32\ADVAPI32.dll
0x00007ff8691b0000 - 0x00007ff86924d000 	C:\WINDOWS\system32\msvcrt.dll
0x00007ff8697c0000 - 0x00007ff86981b000 	C:\WINDOWS\system32\sechost.dll
0x00007ff86b2c0000 - 0x00007ff86b3dc000 	C:\WINDOWS\system32\RPCRT4.dll
0x00007ff869820000 - 0x00007ff869976000 	C:\WINDOWS\system32\USER32.dll
0x00007ff8694e0000 - 0x00007ff869666000 	C:\WINDOWS\system32\GDI32.dll
0x00007ff8627c0000 - 0x00007ff862a34000 	C:\WINDOWS\WinSxS\amd64_microsoft.windows.common-controls_6595b64144ccf1df_6.0.10586.494_none_a2d8b04ea53e3145\COMCTL32.dll
0x00007ff869260000 - 0x00007ff8694dd000 	C:\WINDOWS\system32\combase.dll
0x00007ff868470000 - 0x00007ff8684da000 	C:\WINDOWS\system32\bcryptPrimitives.dll
0x00007ff86b5c0000 - 0x00007ff86b5fb000 	C:\WINDOWS\system32\IMM32.DLL
0x0000000060840000 - 0x0000000060911000 	C:\Program Files\Java\jdk1.7.0_13\jre\bin\msvcr100.dll
0x0000000060e50000 - 0x000000006156f000 	C:\Program Files\Java\jdk1.7.0_13\jre\bin\server\jvm.dll
0x00007ff868530000 - 0x00007ff868553000 	C:\WINDOWS\system32\WINMM.dll
0x00007ff867c40000 - 0x00007ff867c6c000 	C:\WINDOWS\system32\WINMMBASE.dll
0x00007ff868420000 - 0x00007ff868463000 	C:\WINDOWS\system32\cfgmgr32.dll
0x00007ff869980000 - 0x00007ff869988000 	C:\WINDOWS\system32\PSAPI.DLL
0x00007ff853730000 - 0x00007ff853739000 	C:\WINDOWS\SYSTEM32\WSOCK32.dll
0x00007ff86b3e0000 - 0x00007ff86b44b000 	C:\WINDOWS\system32\WS2_32.dll
0x0000000061cf0000 - 0x0000000061cff000 	C:\Program Files\Java\jdk1.7.0_13\jre\bin\verify.dll
0x0000000061cc0000 - 0x0000000061ce8000 	C:\Program Files\Java\jdk1.7.0_13\jre\bin\java.dll
0x0000000061ca0000 - 0x0000000061cb5000 	C:\Program Files\Java\jdk1.7.0_13\jre\bin\zip.dll
0x0000000061c80000 - 0x0000000061c99000 	C:\Program Files\Java\jdk1.7.0_13\jre\bin\net.dll
0x00007ff8674e0000 - 0x00007ff86753c000 	C:\WINDOWS\system32\mswsock.dll
0x0000000061c60000 - 0x0000000061c71000 	C:\Program Files\Java\jdk1.7.0_13\jre\bin\nio.dll

VM Arguments:
jvm_args: -Djava.awt.headless=true -Xmx1024M -Dfile.encoding=GBK -Duser.country=CN -Duser.language=zh -Duser.variant 
java_command: com.android.dx.command.Main --dex --force-jumbo --num-threads=4 --output H:\AndroidProject\UseBaiduMap\app\build\intermediates\pre-dexed\debug\internal_impl-23.4.0_8b6439c1c00296b310921a70d9504e5f3457e2ac.jar H:\AndroidProject\UseBaiduMap\app\build\intermediates\exploded-aar\com.android.support\support-v4\23.4.0\jars\libs\internal_impl-23.4.0.jar
Launcher Type: SUN_STANDARD

Environment Variables:
JAVA_HOME=C:\Program Files\Java\jdk1.7.0_13
PATH=C:\Program Files\Java\jdk1.7.0_13\bin;C:\Program Files\Java\jdk1.7.0_13\jre\bin;C:\WINDOWS\system32;C:\WINDOWS;C:\WINDOWS\System32\Wbem;C:\WINDOWS\System32\WindowsPowerShell\v1.0\;C:\Program Files (x86)\NVIDIA Corporation\PhysX\Common;F:\matlab\bin\win32;f:\Program Files\MATLAB\R2014a\runtime\win64;f:\Program Files\MATLAB\R2014a\bin;f:\Program Files\MATLAB\R2014a\polyspace\bin;E:\Program Files (x86)\adt-bundle-windows-x86_64-20140702\sdk\platform-tools
USERNAME=Administrator
OS=Windows_NT
PROCESSOR_IDENTIFIER=Intel64 Family 6 Model 58 Stepping 9, GenuineIntel



---------------  S Y S T E M  ---------------

OS: Windows 8 , 64 bit Build 9200 

CPU:total 4 (2 cores per cpu, 2 threads per core) family 6 model 58 stepping 9, cmov, cx8, fxsr, mmx, sse, sse2, sse3, ssse3, sse4.1, sse4.2, popcnt, avx, ht, tsc, tscinvbit, tscinv

Memory: 4k page, physical 8337772k(2403148k free), swap 8337772k(5348k free)

vm_info: Java HotSpot(TM) 64-Bit Server VM (23.7-b01) for windows-amd64 JRE (1.7.0_13-b20), built on Jan 30 2013 10:10:00 by "java_re" with unknown MS VC++:1600

time: Mon Jul 25 21:18:24 2016
elapsed time: 3 seconds

