#
# There is insufficient memory for the Java Runtime Environment to continue.
# Native memory allocation (malloc) failed to allocate 131088 bytes for Chunk::new
# Possible reasons:
#   The system is out of physical RAM or swap space
#   In 32 bit mode, the process size limit was hit
# Possible solutions:
#   Reduce memory load on the system
#   Increase physical memory or swap space
#   Check if swap backing store is full
#   Use 64 bit Java on a 64 bit OS
#   Decrease Java heap size (-Xmx/-Xms)
#   Decrease number of Java threads
#   Decrease Java thread stack sizes (-Xss)
#   Set larger code cache with -XX:ReservedCodeCacheSize=
# This output file may be truncated or incomplete.
#
#  Out of Memory Error (allocation.cpp:328), pid=7088, tid=10088
#
# JRE version: 7.0_13-b20
# Java VM: Java HotSpot(TM) 64-Bit Server VM (23.7-b01 mixed mode windows-amd64 compressed oops)
# Failed to write core dump. Minidumps are not enabled by default on client versions of Windows
#

---------------  T H R E A D  ---------------

Current thread (0x000000000910a000):  JavaThread "C2 CompilerThread1" daemon [_thread_in_native, id=10088, stack(0x000000000a790000,0x000000000a890000)]

Stack: [0x000000000a790000,0x000000000a890000]

Current CompileTask:
C2:   7970  527   !         com.android.dx.cf.code.Ropper::processBlock (1101 bytes)


---------------  P R O C E S S  ---------------

Java Threads: ( => current thread )
  0x000000000ac3d800 JavaThread "pool-1-thread-4" [_thread_in_vm, id=10492, stack(0x000000000b290000,0x000000000b390000)]
  0x000000000ac3d000 JavaThread "pool-1-thread-3" [_thread_in_Java, id=8636, stack(0x000000000b190000,0x000000000b290000)]
  0x000000000ac38000 JavaThread "pool-1-thread-2" [_thread_in_Java, id=10456, stack(0x000000000b090000,0x000000000b190000)]
  0x000000000ac37800 JavaThread "pool-2-thread-1" [_thread_blocked, id=9200, stack(0x000000000af90000,0x000000000b090000)]
  0x000000000aada000 JavaThread "pool-1-thread-1" [_thread_in_vm, id=4324, stack(0x000000000ae90000,0x000000000af90000)]
  0x000000000910f000 JavaThread "Service Thread" daemon [_thread_blocked, id=10092, stack(0x000000000a890000,0x000000000a990000)]
=>0x000000000910a000 JavaThread "C2 CompilerThread1" daemon [_thread_in_native, id=10088, stack(0x000000000a790000,0x000000000a890000)]
  0x0000000009100000 JavaThread "C2 CompilerThread0" daemon [_thread_in_native, id=10572, stack(0x000000000a690000,0x000000000a790000)]
  0x00000000090ff000 JavaThread "Attach Listener" daemon [_thread_blocked, id=10432, stack(0x000000000a590000,0x000000000a690000)]
  0x00000000090da000 JavaThread "Signal Dispatcher" daemon [_thread_blocked, id=8860, stack(0x000000000a490000,0x000000000a590000)]
  0x0000000009071000 JavaThread "Finalizer" daemon [_thread_blocked, id=10796, stack(0x000000000a390000,0x000000000a490000)]
  0x000000000906d800 JavaThread "Reference Handler" daemon [_thread_blocked, id=7712, stack(0x000000000a290000,0x000000000a390000)]
  0x00000000010de800 JavaThread "main" [_thread_in_Java, id=10412, stack(0x0000000002680000,0x0000000002780000)]

Other Threads:
  0x0000000009066000 VMThread [stack: 0x000000000a190000,0x000000000a290000] [id=10752]
  0x0000000009128000 WatcherThread [stack: 0x000000000a990000,0x000000000aa90000] [id=10392]

VM state:not at safepoint (normal execution)

VM Mutex/Monitor currently owned by a thread: None

Heap
 PSYoungGen      total 70656K, used 28704K [0x00000000eaab0000, 0x00000000f34b0000, 0x0000000100000000)
  eden space 65280K, 35% used [0x00000000eaab0000,0x00000000ec17d688,0x00000000eea70000)
  from space 5376K, 99% used [0x00000000eea70000,0x00000000eefaab28,0x00000000eefb0000)
  to   space 5376K, 0% used [0x00000000f2f70000,0x00000000f2f70000,0x00000000f34b0000)
 ParOldGen       total 86912K, used 14736K [0x00000000c0000000, 0x00000000c54e0000, 0x00000000eaab0000)
  object space 86912K, 16% used [0x00000000c0000000,0x00000000c0e64088,0x00000000c54e0000)
 PSPermGen       total 21248K, used 6141K [0x00000000bae00000, 0x00000000bc2c0000, 0x00000000c0000000)
  object space 21248K, 28% used [0x00000000bae00000,0x00000000bb3ff598,0x00000000bc2c0000)

Card table byte_map: [0x0000000005ca0000,0x0000000005ed0000] byte_map_base: 0x00000000056c9000

Polling page: 0x0000000000b40000

Code Cache  [0x0000000002be0000, 0x0000000002e50000, 0x0000000005be0000)
 total_blobs=760 nmethods=523 adapters=188 free_code_cache=47017Kb largest_free_block=48103680

Compilation events (10 events):
Event: 7.820 Thread 0x0000000009100000  524             com.android.dx.cf.code.BasicBlocker::visitConstant (39 bytes)
Event: 7.854 Thread 0x0000000009100000 nmethod 524 0x0000000002dfb750 code [0x0000000002dfb960, 0x0000000002dfce50]
Event: 7.918 Thread 0x000000000910a000  525             com.android.dx.ssa.back.FirstFitLocalCombiningAllocator::findNextUnreservedRopReg (68 bytes)
Event: 7.923 Thread 0x000000000910a000 nmethod 525 0x0000000002dceb10 code [0x0000000002dcec80, 0x0000000002dcef38]
Event: 7.924 Thread 0x0000000009100000  526             com.android.dx.rop.code.PlainCstInsn::<init> (30 bytes)
Event: 7.926 Thread 0x0000000009100000 nmethod 526 0x0000000002dd6b90 code [0x0000000002dd6ce0, 0x0000000002dd6e38]
Event: 7.926 Thread 0x000000000910a000  527   !         com.android.dx.cf.code.Ropper::processBlock (1101 bytes)
Event: 7.928 Thread 0x0000000009100000  528             java.lang.String::substring (56 bytes)
Event: 7.932 Thread 0x0000000009100000 nmethod 528 0x0000000002dce410 code [0x0000000002dce560, 0x0000000002dce898]
Event: 7.937 Thread 0x0000000009100000  529             com.android.dx.ssa.back.FirstFitLocalCombiningAllocator::handleLocalAssociatedOther (151 bytes)

GC Heap History (6 events):
Event: 3.122 GC heap before
{Heap before GC invocations=1 (full 0):
 PSYoungGen      total 38016K, used 32640K [0x00000000eaab0000, 0x00000000ed510000, 0x0000000100000000)
  eden space 32640K, 100% used [0x00000000eaab0000,0x00000000eca90000,0x00000000eca90000)
  from space 5376K, 0% used [0x00000000ecfd0000,0x00000000ecfd0000,0x00000000ed510000)
  to   space 5376K, 0% used [0x00000000eca90000,0x00000000eca90000,0x00000000ecfd0000)
 ParOldGen       total 86912K, used 0K [0x00000000c0000000, 0x00000000c54e0000, 0x00000000eaab0000)
  object space 86912K, 0% used [0x00000000c0000000,0x00000000c0000000,0x00000000c54e0000)
 PSPermGen       total 21248K, used 5961K [0x00000000bae00000, 0x00000000bc2c0000, 0x00000000c0000000)
  object space 21248K, 28% used [0x00000000bae00000,0x00000000bb3d2470,0x00000000bc2c0000)
Event: 3.283 GC heap after
Heap after GC invocations=1 (full 0):
 PSYoungGen      total 38016K, used 5374K [0x00000000eaab0000, 0x00000000ef4f0000, 0x0000000100000000)
  eden space 32640K, 0% used [0x00000000eaab0000,0x00000000eaab0000,0x00000000eca90000)
  from space 5376K, 99% used [0x00000000eca90000,0x00000000ecfcf8f8,0x00000000ecfd0000)
  to   space 5376K, 0% used [0x00000000eefb0000,0x00000000eefb0000,0x00000000ef4f0000)
 ParOldGen       total 86912K, used 1028K [0x00000000c0000000, 0x00000000c54e0000, 0x00000000eaab0000)
  object space 86912K, 1% used [0x00000000c0000000,0x00000000c0101110,0x00000000c54e0000)
 PSPermGen       total 21248K, used 5961K [0x00000000bae00000, 0x00000000bc2c0000, 0x00000000c0000000)
  object space 21248K, 28% used [0x00000000bae00000,0x00000000bb3d2470,0x00000000bc2c0000)
}
Event: 6.410 GC heap before
{Heap before GC invocations=2 (full 0):
 PSYoungGen      total 38016K, used 38014K [0x00000000eaab0000, 0x00000000ef4f0000, 0x0000000100000000)
  eden space 32640K, 100% used [0x00000000eaab0000,0x00000000eca90000,0x00000000eca90000)
  from space 5376K, 99% used [0x00000000eca90000,0x00000000ecfcf8f8,0x00000000ecfd0000)
  to   space 5376K, 0% used [0x00000000eefb0000,0x00000000eefb0000,0x00000000ef4f0000)
 ParOldGen       total 86912K, used 1028K [0x00000000c0000000, 0x00000000c54e0000, 0x00000000eaab0000)
  object space 86912K, 1% used [0x00000000c0000000,0x00000000c0101110,0x00000000c54e0000)
 PSPermGen       total 21248K, used 6072K [0x00000000bae00000, 0x00000000bc2c0000, 0x00000000c0000000)
  object space 21248K, 28% used [0x00000000bae00000,0x00000000bb3ee180,0x00000000bc2c0000)
Event: 6.491 GC heap after
Heap after GC invocations=2 (full 0):
 PSYoungGen      total 70656K, used 5367K [0x00000000eaab0000, 0x00000000ef4f0000, 0x0000000100000000)
  eden space 65280K, 0% used [0x00000000eaab0000,0x00000000eaab0000,0x00000000eea70000)
  from space 5376K, 99% used [0x00000000eefb0000,0x00000000ef4ede00,0x00000000ef4f0000)
  to   space 5376K, 0% used [0x00000000eea70000,0x00000000eea70000,0x00000000eefb0000)
 ParOldGen       total 86912K, used 4653K [0x00000000c0000000, 0x00000000c54e0000, 0x00000000eaab0000)
  object space 86912K, 5% used [0x00000000c0000000,0x00000000c048b6b0,0x00000000c54e0000)
 PSPermGen       total 21248K, used 6072K [0x00000000bae00000, 0x00000000bc2c0000, 0x00000000c0000000)
  object space 21248K, 28% used [0x00000000bae00000,0x00000000bb3ee180,0x00000000bc2c0000)
}
Event: 7.699 GC heap before
{Heap before GC invocations=3 (full 0):
 PSYoungGen      total 70656K, used 70647K [0x00000000eaab0000, 0x00000000ef4f0000, 0x0000000100000000)
  eden space 65280K, 100% used [0x00000000eaab0000,0x00000000eea70000,0x00000000eea70000)
  from space 5376K, 99% used [0x00000000eefb0000,0x00000000ef4ede00,0x00000000ef4f0000)
  to   space 5376K, 0% used [0x00000000eea70000,0x00000000eea70000,0x00000000eefb0000)
 ParOldGen       total 86912K, used 4653K [0x00000000c0000000, 0x00000000c54e0000, 0x00000000eaab0000)
  object space 86912K, 5% used [0x00000000c0000000,0x00000000c048b6b0,0x00000000c54e0000)
 PSPermGen       total 21248K, used 6135K [0x00000000bae00000, 0x00000000bc2c0000, 0x00000000c0000000)
  object space 21248K, 28% used [0x00000000bae00000,0x00000000bb3fde60,0x00000000bc2c0000)
Event: 7.720 GC heap after
Heap after GC invocations=3 (full 0):
 PSYoungGen      total 70656K, used 5354K [0x00000000eaab0000, 0x00000000f34b0000, 0x0000000100000000)
  eden space 65280K, 0% used [0x00000000eaab0000,0x00000000eaab0000,0x00000000eea70000)
  from space 5376K, 99% used [0x00000000eea70000,0x00000000eefaab28,0x00000000eefb0000)
  to   space 5376K, 0% used [0x00000000f2f70000,0x00000000f2f70000,0x00000000f34b0000)
 ParOldGen       total 86912K, used 14736K [0x00000000c0000000, 0x00000000c54e0000, 0x00000000eaab0000)
  object space 86912K, 16% used [0x00000000c0000000,0x00000000c0e64088,0x00000000c54e0000)
 PSPermGen       total 21248K, used 6135K [0x00000000bae00000, 0x00000000bc2c0000, 0x00000000c0000000)
  object space 21248K, 28% used [0x00000000bae00000,0x00000000bb3fde60,0x00000000bc2c0000)
}

Deoptimization events (10 events):
Event: 7.116 Thread 0x000000000ac3d000 Uncommon trap -12 fr.pc 0x0000000002d9dd20
Event: 7.267 Thread 0x000000000aada000 Uncommon trap -12 fr.pc 0x0000000002d9e154
Event: 7.376 Thread 0x000000000ac38000 Uncommon trap 78 fr.pc 0x0000000002da65c4
Event: 7.384 Thread 0x000000000aada000 Uncommon trap -34 fr.pc 0x0000000002cf3710
Event: 7.787 Thread 0x000000000ac38000 Uncommon trap -58 fr.pc 0x0000000002ddc400
Event: 7.787 Thread 0x000000000ac38000 Uncommon trap -58 fr.pc 0x0000000002ddc014
Event: 7.787 Thread 0x000000000ac38000 Uncommon trap -58 fr.pc 0x0000000002ddc094
Event: 7.787 Thread 0x000000000ac38000 Uncommon trap -58 fr.pc 0x0000000002ddbf94
Event: 7.787 Thread 0x000000000ac38000 Uncommon trap -58 fr.pc 0x0000000002ddbf94
Event: 7.787 Thread 0x000000000ac38000 Uncommon trap -34 fr.pc 0x0000000002cf3710

Internal exceptions (10 events):
Event: 2.085 Thread 0x000000000ac3d000 Threw 0x00000000ebb65e70 at C:\jdk7u2_64p\jdk7u13\hotspot\src\share\vm\prims\jvm.cpp:1166
Event: 2.170 Thread 0x000000000ac38000 Threw 0x00000000ebdef3a8 at C:\jdk7u2_64p\jdk7u13\hotspot\src\share\vm\prims\jvm.cpp:1166
Event: 2.384 Thread 0x000000000ac3d000 Implicit null exception at 0x0000000002c67b98 to 0x0000000002c67f19
Event: 2.579 Thread 0x000000000ac3d800 Threw 0x00000000ec307158 at C:\jdk7u2_64p\jdk7u13\hotspot\src\share\vm\prims\jvm.cpp:1166
Event: 2.582 Thread 0x000000000ac3d800 Threw 0x00000000ec318990 at C:\jdk7u2_64p\jdk7u13\hotspot\src\share\vm\prims\jvm.cpp:1166
Event: 3.112 Thread 0x00000000010de800 Implicit null exception at 0x0000000002c9abbd to 0x0000000002c9bdbd
Event: 6.035 Thread 0x00000000010de800 Implicit null exception at 0x0000000002cac04f to 0x0000000002cac721
Event: 6.368 Thread 0x00000000010de800 Threw 0x00000000ec6427b0 at C:\jdk7u2_64p\jdk7u13\hotspot\src\share\vm\prims\jvm.cpp:1166
Event: 6.969 Thread 0x00000000010de800 Threw 0x00000000ec5fd7a8 at C:\jdk7u2_64p\jdk7u13\hotspot\src\share\vm\prims\jvm.cpp:1166
Event: 7.376 Thread 0x000000000ac38000 Threw 0x00000000edadc720 at C:\jdk7u2_64p\jdk7u13\hotspot\src\share\vm\prims\jvm.cpp:1166

Events (10 events):
Event: 7.787 Thread 0x000000000ac38000 DEOPT PACKING pc=0x0000000002ddc014 sp=0x000000000b18eac0
Event: 7.787 Thread 0x000000000ac38000 DEOPT UNPACKING pc=0x0000000002c19164 sp=0x000000000b18ea78 mode 2
Event: 7.787 Thread 0x000000000ac38000 DEOPT PACKING pc=0x0000000002ddc094 sp=0x000000000b18eac0
Event: 7.787 Thread 0x000000000ac38000 DEOPT UNPACKING pc=0x0000000002c19164 sp=0x000000000b18ea78 mode 2
Event: 7.787 Thread 0x000000000ac38000 DEOPT PACKING pc=0x0000000002ddbf94 sp=0x000000000b18eac0
Event: 7.787 Thread 0x000000000ac38000 DEOPT UNPACKING pc=0x0000000002c19164 sp=0x000000000b18ea78 mode 2
Event: 7.787 Thread 0x000000000ac38000 DEOPT PACKING pc=0x0000000002ddbf94 sp=0x000000000b18eac0
Event: 7.787 Thread 0x000000000ac38000 DEOPT UNPACKING pc=0x0000000002c19164 sp=0x000000000b18ea78 mode 2
Event: 7.787 Thread 0x000000000ac38000 DEOPT PACKING pc=0x0000000002cf3710 sp=0x000000000b18edb0
Event: 7.787 Thread 0x000000000ac38000 DEOPT UNPACKING pc=0x0000000002c19164 sp=0x000000000b18ed18 mode 2


Dynamic libraries:
0x00007ff7e5c30000 - 0x00007ff7e5c63000 	C:\Program Files\Java\jdk1.7.0_13\bin\java.exe
0x00007ffb14850000 - 0x00007ffb14a11000 	C:\WINDOWS\SYSTEM32\ntdll.dll
0x00007ffb130a0000 - 0x00007ffb1314d000 	C:\WINDOWS\system32\KERNEL32.DLL
0x00007ffb11150000 - 0x00007ffb11338000 	C:\WINDOWS\system32\KERNELBASE.dll
0x00007ffb14280000 - 0x00007ffb14327000 	C:\WINDOWS\system32\ADVAPI32.dll
0x00007ffb141e0000 - 0x00007ffb1427d000 	C:\WINDOWS\system32\msvcrt.dll
0x00007ffb13150000 - 0x00007ffb131ab000 	C:\WINDOWS\system32\sechost.dll
0x00007ffb13b60000 - 0x00007ffb13c7c000 	C:\WINDOWS\system32\RPCRT4.dll
0x00007ffb131b0000 - 0x00007ffb13306000 	C:\WINDOWS\system32\USER32.dll
0x00007ffb14330000 - 0x00007ffb144b6000 	C:\WINDOWS\system32\GDI32.dll
0x00007ffb0b300000 - 0x00007ffb0b574000 	C:\WINDOWS\WinSxS\amd64_microsoft.windows.common-controls_6595b64144ccf1df_6.0.10586.0_none_8c15ae12515e1c22\COMCTL32.dll
0x00007ffb13450000 - 0x00007ffb136cd000 	C:\WINDOWS\system32\combase.dll
0x00007ffb10e50000 - 0x00007ffb10eba000 	C:\WINDOWS\system32\bcryptPrimitives.dll
0x00007ffb139f0000 - 0x00007ffb13a2b000 	C:\WINDOWS\system32\IMM32.DLL
0x000000005a7c0000 - 0x000000005a891000 	C:\Program Files\Java\jdk1.7.0_13\jre\bin\msvcr100.dll
0x000000005aba0000 - 0x000000005b2bf000 	C:\Program Files\Java\jdk1.7.0_13\jre\bin\server\jvm.dll
0x00007ffb10cb0000 - 0x00007ffb10cd3000 	C:\WINDOWS\system32\WINMM.dll
0x00007ffb10c40000 - 0x00007ffb10c6c000 	C:\WINDOWS\system32\WINMMBASE.dll
0x00007ffb11a40000 - 0x00007ffb11a83000 	C:\WINDOWS\system32\cfgmgr32.dll
0x00007ffb13c90000 - 0x00007ffb13c98000 	C:\WINDOWS\system32\PSAPI.DLL
0x00007ffafa760000 - 0x00007ffafa769000 	C:\WINDOWS\SYSTEM32\WSOCK32.dll
0x00007ffb13310000 - 0x00007ffb1337b000 	C:\WINDOWS\system32\WS2_32.dll
0x000000005ba20000 - 0x000000005ba2f000 	C:\Program Files\Java\jdk1.7.0_13\jre\bin\verify.dll
0x000000005b9f0000 - 0x000000005ba18000 	C:\Program Files\Java\jdk1.7.0_13\jre\bin\java.dll
0x000000005b9d0000 - 0x000000005b9e5000 	C:\Program Files\Java\jdk1.7.0_13\jre\bin\zip.dll
0x000000005b9b0000 - 0x000000005b9c9000 	C:\Program Files\Java\jdk1.7.0_13\jre\bin\net.dll
0x00007ffb10510000 - 0x00007ffb1056c000 	C:\WINDOWS\system32\mswsock.dll
0x000000005b990000 - 0x000000005b9a1000 	C:\Program Files\Java\jdk1.7.0_13\jre\bin\nio.dll

VM Arguments:
jvm_args: -Djava.awt.headless=true -Xmx1024M -Dfile.encoding=GBK -Duser.country=CN -Duser.language=zh -Duser.variant 
java_command: com.android.dx.command.Main --dex --num-threads=4 --output H:\AndroidProject\UseBaiduMap\app\build\intermediates\pre-dexed\debug\com.android.support-appcompat-v7-23.4.0_b7835d0998823b72401cf9dccfecee754d20b2da.jar H:\AndroidProject\UseBaiduMap\app\build\intermediates\exploded-aar\com.android.support\appcompat-v7\23.4.0\jars\classes.jar
Launcher Type: SUN_STANDARD

Environment Variables:
JAVA_HOME=C:\Program Files\Java\jdk1.7.0_13
PATH=C:\Program Files\Java\jdk1.7.0_13\bin;C:\Program Files\Java\jdk1.7.0_13\jre\bin;C:\WINDOWS\system32;C:\WINDOWS;C:\WINDOWS\System32\Wbem;C:\WINDOWS\System32\WindowsPowerShell\v1.0\;C:\Program Files (x86)\NVIDIA Corporation\PhysX\Common;F:\matlab\bin\win32;f:\Program Files\MATLAB\R2014a\runtime\win64;f:\Program Files\MATLAB\R2014a\bin;f:\Program Files\MATLAB\R2014a\polyspace\bin;E:\Program Files (x86)\adt-bundle-windows-x86_64-20140702\sdk\platform-tools
USERNAME=Administrator
OS=Windows_NT
PROCESSOR_IDENTIFIER=Intel64 Family 6 Model 58 Stepping 9, GenuineIntel



---------------  S Y S T E M  ---------------

OS: Windows 8 , 64 bit Build 9200 

CPU:total 4 (2 cores per cpu, 2 threads per core) family 6 model 58 stepping 9, cmov, cx8, fxsr, mmx, sse, sse2, sse3, ssse3, sse4.1, sse4.2, popcnt, avx, ht, tsc, tscinvbit, tscinv

Memory: 4k page, physical 8337772k(1750568k free), swap 8337772k(5556k free)

vm_info: Java HotSpot(TM) 64-Bit Server VM (23.7-b01) for windows-amd64 JRE (1.7.0_13-b20), built on Jan 30 2013 10:10:00 by "java_re" with unknown MS VC++:1600

time: Sun Jun 26 13:06:18 2016
elapsed time: 7 seconds

