#
# There is insufficient memory for the Java Runtime Environment to continue.
# Native memory allocation (malloc) failed to allocate 239440 bytes for Chunk::new
# Possible reasons:
#   The system is out of physical RAM or swap space
#   In 32 bit mode, the process size limit was hit
# Possible solutions:
#   Reduce memory load on the system
#   Increase physical memory or swap space
#   Check if swap backing store is full
#   Use 64 bit Java on a 64 bit OS
#   Decrease Java heap size (-Xmx/-Xms)
#   Decrease number of Java threads
#   Decrease Java thread stack sizes (-Xss)
#   Set larger code cache with -XX:ReservedCodeCacheSize=
# This output file may be truncated or incomplete.
#
#  Out of Memory Error (allocation.cpp:328), pid=3168, tid=4712
#
# JRE version: 7.0_13-b20
# Java VM: Java HotSpot(TM) 64-Bit Server VM (23.7-b01 mixed mode windows-amd64 compressed oops)
# Failed to write core dump. Minidumps are not enabled by default on client versions of Windows
#

---------------  T H R E A D  ---------------

Current thread (0x00000000090e0000):  JavaThread "C2 CompilerThread0" daemon [_thread_in_native, id=4712, stack(0x000000000a690000,0x000000000a790000)]

Stack: [0x000000000a690000,0x000000000a790000]

Current CompileTask:
C2:   1213  102             com.android.dx.ssa.SsaMethod::computeReachability (131 bytes)


---------------  P R O C E S S  ---------------

Java Threads: ( => current thread )
  0x000000000ac55000 JavaThread "pool-1-thread-4" [_thread_in_vm, id=7524, stack(0x000000000b290000,0x000000000b390000)]
  0x000000000acdc800 JavaThread "pool-1-thread-3" [_thread_in_Java, id=1128, stack(0x000000000b190000,0x000000000b290000)]
  0x000000000ac19800 JavaThread "pool-1-thread-2" [_thread_in_Java, id=9312, stack(0x000000000b090000,0x000000000b190000)]
  0x000000000ac19000 JavaThread "pool-2-thread-1" [_thread_blocked, id=844, stack(0x000000000af90000,0x000000000b090000)]
  0x000000000acd8800 JavaThread "pool-1-thread-1" [_thread_in_vm, id=1732, stack(0x000000000ae90000,0x000000000af90000)]
  0x00000000090f3000 JavaThread "Service Thread" daemon [_thread_blocked, id=4748, stack(0x000000000a890000,0x000000000a990000)]
  0x00000000090e2000 JavaThread "C2 CompilerThread1" daemon [_thread_in_native, id=9284, stack(0x000000000a790000,0x000000000a890000)]
=>0x00000000090e0000 JavaThread "C2 CompilerThread0" daemon [_thread_in_native, id=4712, stack(0x000000000a690000,0x000000000a790000)]
  0x00000000090df000 JavaThread "Attach Listener" daemon [_thread_blocked, id=2476, stack(0x000000000a590000,0x000000000a690000)]
  0x00000000090ba000 JavaThread "Signal Dispatcher" daemon [_thread_blocked, id=10064, stack(0x000000000a490000,0x000000000a590000)]
  0x0000000009051000 JavaThread "Finalizer" daemon [_thread_blocked, id=9016, stack(0x000000000a390000,0x000000000a490000)]
  0x000000000904d800 JavaThread "Reference Handler" daemon [_thread_blocked, id=4256, stack(0x000000000a290000,0x000000000a390000)]
  0x00000000029ee800 JavaThread "main" [_thread_in_Java, id=6564, stack(0x00000000029f0000,0x0000000002af0000)]

Other Threads:
  0x0000000009046000 VMThread [stack: 0x000000000a190000,0x000000000a290000] [id=1424]
  0x000000000910d800 WatcherThread [stack: 0x000000000a990000,0x000000000aa90000] [id=8380]

VM state:not at safepoint (normal execution)

VM Mutex/Monitor currently owned by a thread: None

Heap
 PSYoungGen      total 38016K, used 28786K [0x00000000eaab0000, 0x00000000ed510000, 0x0000000100000000)
  eden space 32640K, 88% used [0x00000000eaab0000,0x00000000ec6cc940,0x00000000eca90000)
  from space 5376K, 0% used [0x00000000ecfd0000,0x00000000ecfd0000,0x00000000ed510000)
  to   space 5376K, 0% used [0x00000000eca90000,0x00000000eca90000,0x00000000ecfd0000)
 ParOldGen       total 86912K, used 0K [0x00000000c0000000, 0x00000000c54e0000, 0x00000000eaab0000)
  object space 86912K, 0% used [0x00000000c0000000,0x00000000c0000000,0x00000000c54e0000)
 PSPermGen       total 21248K, used 5788K [0x00000000bae00000, 0x00000000bc2c0000, 0x00000000c0000000)
  object space 21248K, 27% used [0x00000000bae00000,0x00000000bb3a72c8,0x00000000bc2c0000)

Card table byte_map: [0x0000000005cb0000,0x0000000005ee0000] byte_map_base: 0x00000000056d9000

Polling page: 0x0000000000ec0000

Code Cache  [0x0000000002bf0000, 0x0000000002e60000, 0x0000000005bf0000)
 total_blobs=342 nmethods=104 adapters=188 free_code_cache=48603Kb largest_free_block=49745792

Compilation events (10 events):
Event: 1.197 Thread 0x00000000090e2000  101             java.util.AbstractList::<init> (10 bytes)
Event: 1.197 Thread 0x00000000090e2000 nmethod 101 0x0000000002c7bd90 code [0x0000000002c7bec0, 0x0000000002c7bf18]
Event: 1.198 Thread 0x00000000090e0000  102             com.android.dx.ssa.SsaMethod::computeReachability (131 bytes)
Event: 1.202 Thread 0x00000000090e2000  103             java.util.ArrayList$Itr::<init> (26 bytes)
Event: 1.202 Thread 0x00000000090e2000 nmethod 103 0x0000000002c7bb50 code [0x0000000002c7bc80, 0x0000000002c7bcf8]
Event: 1.202 Thread 0x00000000090e2000  104             java.util.ArrayList$Itr::<init> (6 bytes)
Event: 1.203 Thread 0x00000000090e2000 nmethod 104 0x0000000002c777d0 code [0x0000000002c77900, 0x0000000002c77978]
Event: 1.203 Thread 0x00000000090e2000  105             java.util.ArrayList::iterator (10 bytes)
Event: 1.204 Thread 0x00000000090e2000 nmethod 105 0x0000000002c77510 code [0x0000000002c77660, 0x0000000002c77718]
Event: 1.204 Thread 0x00000000090e2000  106             com.android.dx.ssa.back.LivenessAnalyzer::handleTailRecursion (94 bytes)

GC Heap History (0 events):
No events

Deoptimization events (1 events):
Event: 1.197 Thread 0x000000000acdc800 Uncommon trap -12 fr.pc 0x0000000002c79874

Internal exceptions (10 events):
Event: 1.039 Thread 0x000000000acdc800 Threw 0x00000000ec213cd8 at C:\jdk7u2_64p\jdk7u13\hotspot\src\share\vm\prims\jvm.cpp:1166
Event: 1.039 Thread 0x000000000acdc800 Threw 0x00000000ec2192a0 at C:\jdk7u2_64p\jdk7u13\hotspot\src\share\vm\prims\jvm.cpp:1166
Event: 1.040 Thread 0x000000000acdc800 Threw 0x00000000ec221b08 at C:\jdk7u2_64p\jdk7u13\hotspot\src\share\vm\prims\jvm.cpp:1166
Event: 1.041 Thread 0x00000000029ee800 Threw 0x00000000ec171490 at C:\jdk7u2_64p\jdk7u13\hotspot\src\share\vm\prims\jvm.cpp:1166
Event: 1.041 Thread 0x000000000acdc800 Threw 0x00000000ec227138 at C:\jdk7u2_64p\jdk7u13\hotspot\src\share\vm\prims\jvm.cpp:1166
Event: 1.042 Thread 0x00000000029ee800 Threw 0x00000000ec174228 at C:\jdk7u2_64p\jdk7u13\hotspot\src\share\vm\prims\jvm.cpp:1166
Event: 1.068 Thread 0x000000000acd8800 Threw 0x00000000ec441860 at C:\jdk7u2_64p\jdk7u13\hotspot\src\share\vm\prims\jvm.cpp:1166
Event: 1.076 Thread 0x000000000ac19800 Threw 0x00000000ec4e3de8 at C:\jdk7u2_64p\jdk7u13\hotspot\src\share\vm\prims\jvm.cpp:1166
Event: 1.094 Thread 0x000000000ac55000 Threw 0x00000000ec2a1f78 at C:\jdk7u2_64p\jdk7u13\hotspot\src\share\vm\prims\jvm.cpp:1166
Event: 1.197 Thread 0x000000000acdc800 Implicit null exception at 0x0000000002c794e1 to 0x0000000002c79859

Events (10 events):
Event: 1.094 loading class 0x000000000ad8be40
Event: 1.094 loading class 0x000000000ad8be40 done
Event: 1.102 loading class 0x0000000008f9a890
Event: 1.102 loading class 0x0000000008f9a890 done
Event: 1.102 loading class 0x00000000090562a0
Event: 1.102 loading class 0x00000000090562a0 done
Event: 1.198 Thread 0x000000000acdc800 DEOPT PACKING pc=0x0000000002c79874 sp=0x000000000b28ea50
Event: 1.198 Thread 0x000000000acdc800 DEOPT UNPACKING pc=0x0000000002c29164 sp=0x000000000b28e990 mode 2
Event: 1.202 loading class 0x0000000008f98eb0
Event: 1.202 loading class 0x0000000008f98eb0 done


Dynamic libraries:
0x00007ff630190000 - 0x00007ff6301c3000 	C:\Program Files\Java\jdk1.7.0_13\bin\java.exe
0x00007ffb93c50000 - 0x00007ffb93e11000 	C:\WINDOWS\SYSTEM32\ntdll.dll
0x00007ffb91860000 - 0x00007ffb9190d000 	C:\WINDOWS\system32\KERNEL32.DLL
0x00007ffb90750000 - 0x00007ffb90938000 	C:\WINDOWS\system32\KERNELBASE.dll
0x00007ffb931d0000 - 0x00007ffb93277000 	C:\WINDOWS\system32\ADVAPI32.dll
0x00007ffb910c0000 - 0x00007ffb9115d000 	C:\WINDOWS\system32\msvcrt.dll
0x00007ffb91060000 - 0x00007ffb910bb000 	C:\WINDOWS\system32\sechost.dll
0x00007ffb93280000 - 0x00007ffb9339c000 	C:\WINDOWS\system32\RPCRT4.dll
0x00007ffb93920000 - 0x00007ffb93a76000 	C:\WINDOWS\system32\USER32.dll
0x00007ffb90ed0000 - 0x00007ffb91056000 	C:\WINDOWS\system32\GDI32.dll
0x00007ffb8ad00000 - 0x00007ffb8af74000 	C:\WINDOWS\WinSxS\amd64_microsoft.windows.common-controls_6595b64144ccf1df_6.0.10586.494_none_a2d8b04ea53e3145\COMCTL32.dll
0x00007ffb91420000 - 0x00007ffb9169d000 	C:\WINDOWS\system32\combase.dll
0x00007ffb90940000 - 0x00007ffb909aa000 	C:\WINDOWS\system32\bcryptPrimitives.dll
0x00007ffb90e90000 - 0x00007ffb90ecb000 	C:\WINDOWS\system32\IMM32.DLL
0x0000000064490000 - 0x0000000064561000 	C:\Program Files\Java\jdk1.7.0_13\jre\bin\msvcr100.dll
0x0000000064ad0000 - 0x00000000651ef000 	C:\Program Files\Java\jdk1.7.0_13\jre\bin\server\jvm.dll
0x00007ffb90c80000 - 0x00007ffb90ca3000 	C:\WINDOWS\system32\WINMM.dll
0x00007ffb90080000 - 0x00007ffb900ac000 	C:\WINDOWS\system32\WINMMBASE.dll
0x00007ffb90a40000 - 0x00007ffb90a83000 	C:\WINDOWS\system32\cfgmgr32.dll
0x00007ffb93410000 - 0x00007ffb93418000 	C:\WINDOWS\system32\PSAPI.DLL
0x00007ffb77750000 - 0x00007ffb77759000 	C:\WINDOWS\SYSTEM32\WSOCK32.dll
0x00007ffb933a0000 - 0x00007ffb9340b000 	C:\WINDOWS\system32\WS2_32.dll
0x0000000065970000 - 0x000000006597f000 	C:\Program Files\Java\jdk1.7.0_13\jre\bin\verify.dll
0x0000000065940000 - 0x0000000065968000 	C:\Program Files\Java\jdk1.7.0_13\jre\bin\java.dll
0x0000000065920000 - 0x0000000065935000 	C:\Program Files\Java\jdk1.7.0_13\jre\bin\zip.dll
0x0000000065900000 - 0x0000000065919000 	C:\Program Files\Java\jdk1.7.0_13\jre\bin\net.dll
0x00007ffb8f910000 - 0x00007ffb8f96c000 	C:\WINDOWS\system32\mswsock.dll
0x00000000658e0000 - 0x00000000658f1000 	C:\Program Files\Java\jdk1.7.0_13\jre\bin\nio.dll

VM Arguments:
jvm_args: -Djava.awt.headless=true -Xmx1024M -Dfile.encoding=GBK -Duser.country=CN -Duser.language=zh -Duser.variant 
java_command: com.android.dx.command.Main --dex --force-jumbo --num-threads=4 --output H:\AndroidProject\UseBaiduMap\app\build\intermediates\pre-dexed\debug\com.google.android.gms-play-services-basement-8.1.0_d188eab2347c2d5d340903e682901bd728f10b02.jar H:\AndroidProject\UseBaiduMap\app\build\intermediates\exploded-aar\com.google.android.gms\play-services-basement\8.1.0\jars\classes.jar
Launcher Type: SUN_STANDARD

Environment Variables:
JAVA_HOME=C:\Program Files\Java\jdk1.7.0_13
PATH=C:\Program Files\Java\jdk1.7.0_13\bin;C:\Program Files\Java\jdk1.7.0_13\jre\bin;C:\WINDOWS\system32;C:\WINDOWS;C:\WINDOWS\System32\Wbem;C:\WINDOWS\System32\WindowsPowerShell\v1.0\;C:\Program Files (x86)\NVIDIA Corporation\PhysX\Common;F:\matlab\bin\win32;f:\Program Files\MATLAB\R2014a\runtime\win64;f:\Program Files\MATLAB\R2014a\bin;f:\Program Files\MATLAB\R2014a\polyspace\bin;E:\Program Files (x86)\adt-bundle-windows-x86_64-20140702\sdk\platform-tools
USERNAME=Administrator
OS=Windows_NT
PROCESSOR_IDENTIFIER=Intel64 Family 6 Model 58 Stepping 9, GenuineIntel



---------------  S Y S T E M  ---------------

OS: Windows 8 , 64 bit Build 9200 

CPU:total 4 (2 cores per cpu, 2 threads per core) family 6 model 58 stepping 9, cmov, cx8, fxsr, mmx, sse, sse2, sse3, ssse3, sse4.1, sse4.2, popcnt, avx, ht, tsc, tscinvbit, tscinv

Memory: 4k page, physical 8337772k(2343264k free), swap 8337772k(4268k free)

vm_info: Java HotSpot(TM) 64-Bit Server VM (23.7-b01) for windows-amd64 JRE (1.7.0_13-b20), built on Jan 30 2013 10:10:00 by "java_re" with unknown MS VC++:1600

time: Sun Jul 31 19:23:44 2016
elapsed time: 1 seconds

