#
# There is insufficient memory for the Java Runtime Environment to continue.
# Native memory allocation (malloc) failed to allocate 1048576 bytes for E in C:\jdk7u2_64p\jdk7u13\hotspot\src\share\vm\utilities/taskqueue.hpp
# Possible reasons:
#   The system is out of physical RAM or swap space
#   In 32 bit mode, the process size limit was hit
# Possible solutions:
#   Reduce memory load on the system
#   Increase physical memory or swap space
#   Check if swap backing store is full
#   Use 64 bit Java on a 64 bit OS
#   Decrease Java heap size (-Xmx/-Xms)
#   Decrease number of Java threads
#   Decrease Java thread stack sizes (-Xss)
#   Set larger code cache with -XX:ReservedCodeCacheSize=
# This output file may be truncated or incomplete.
#
#  Out of Memory Error (memory/allocation.inline.hpp:58), pid=10700, tid=9016
#
# JRE version: 7.0_13-b20
# Java VM: Java HotSpot(TM) 64-Bit Server VM (23.7-b01 mixed mode windows-amd64 compressed oops)
# Failed to write core dump. Minidumps are not enabled by default on client versions of Windows
#

---------------  T H R E A D  ---------------

Current thread (0x000000000281e800):  JavaThread "Unknown thread" [_thread_in_vm, id=9016, stack(0x0000000002680000,0x0000000002780000)]

Stack: [0x0000000002680000,0x0000000002780000]

---------------  P R O C E S S  ---------------

Java Threads: ( => current thread )

Other Threads:

=>0x000000000281e800 (exited) JavaThread "Unknown thread" [_thread_in_vm, id=9016, stack(0x0000000002680000,0x0000000002780000)]

VM state:not at safepoint (normal execution)

VM Mutex/Monitor currently owned by a thread: None

Heap
 PSYoungGen      total 38016K, used 652K [0x00000000eaab0000, 0x00000000ed510000, 0x0000000100000000)
  eden space 32640K, 2% used [0x00000000eaab0000,0x00000000eab533a0,0x00000000eca90000)
  from space 5376K, 0% used [0x00000000ecfd0000,0x00000000ecfd0000,0x00000000ed510000)
  to   space 5376K, 0% used [0x00000000eca90000,0x00000000eca90000,0x00000000ecfd0000)
 ParOldGen       total 86912K, used 0K [0x00000000c0000000, 0x00000000c54e0000, 0x00000000eaab0000)
  object space 86912K, 0% used [0x00000000c0000000,0x00000000c0000000,0x00000000c54e0000)
 PSPermGen       total 21248K, used 701K [0x00000000bae00000, 0x00000000bc2c0000, 0x00000000c0000000)
  object space 21248K, 3% used [0x00000000bae00000,0x00000000baeaf6a8,0x00000000bc2c0000)

Card table byte_map: [0x00000000059e0000,0x0000000005c10000] byte_map_base: 0x0000000005409000

Polling page: 0x0000000000c20000

Code Cache  [0x0000000002920000, 0x0000000002b90000, 0x0000000005920000)
 total_blobs=39 nmethods=0 adapters=20 free_code_cache=48889Kb largest_free_block=50062912

Compilation events (0 events):
No events

GC Heap History (0 events):
No events

Deoptimization events (0 events):
No events

Internal exceptions (0 events):
No events

Events (10 events):
Event: 0.037 loading class 0x0000000002835d20
Event: 0.037 loading class 0x0000000002835d20 done
Event: 0.037 loading class 0x00000000028359c0
Event: 0.037 loading class 0x00000000028359c0 done
Event: 0.037 loading class 0x0000000002835a80
Event: 0.037 loading class 0x0000000002835a80 done
Event: 0.038 loading class 0x0000000002835100
Event: 0.038 loading class 0x0000000002835100 done
Event: 0.038 loading class 0x0000000002834b00
Event: 0.038 loading class 0x0000000002834b00 done


Dynamic libraries:
0x00007ff630190000 - 0x00007ff6301c3000 	C:\Program Files\Java\jdk1.7.0_13\bin\java.exe
0x00007ffb93c50000 - 0x00007ffb93e11000 	C:\WINDOWS\SYSTEM32\ntdll.dll
0x00007ffb91860000 - 0x00007ffb9190d000 	C:\WINDOWS\system32\KERNEL32.DLL
0x00007ffb90750000 - 0x00007ffb90938000 	C:\WINDOWS\system32\KERNELBASE.dll
0x00007ffb931d0000 - 0x00007ffb93277000 	C:\WINDOWS\system32\ADVAPI32.dll
0x00007ffb910c0000 - 0x00007ffb9115d000 	C:\WINDOWS\system32\msvcrt.dll
0x00007ffb91060000 - 0x00007ffb910bb000 	C:\WINDOWS\system32\sechost.dll
0x00007ffb93280000 - 0x00007ffb9339c000 	C:\WINDOWS\system32\RPCRT4.dll
0x00007ffb93920000 - 0x00007ffb93a76000 	C:\WINDOWS\system32\USER32.dll
0x00007ffb90ed0000 - 0x00007ffb91056000 	C:\WINDOWS\system32\GDI32.dll
0x00007ffb8ad00000 - 0x00007ffb8af74000 	C:\WINDOWS\WinSxS\amd64_microsoft.windows.common-controls_6595b64144ccf1df_6.0.10586.494_none_a2d8b04ea53e3145\COMCTL32.dll
0x00007ffb91420000 - 0x00007ffb9169d000 	C:\WINDOWS\system32\combase.dll
0x00007ffb90940000 - 0x00007ffb909aa000 	C:\WINDOWS\system32\bcryptPrimitives.dll
0x00007ffb90e90000 - 0x00007ffb90ecb000 	C:\WINDOWS\system32\IMM32.DLL
0x0000000064490000 - 0x0000000064561000 	C:\Program Files\Java\jdk1.7.0_13\jre\bin\msvcr100.dll
0x0000000064ad0000 - 0x00000000651ef000 	C:\Program Files\Java\jdk1.7.0_13\jre\bin\server\jvm.dll
0x00007ffb90c80000 - 0x00007ffb90ca3000 	C:\WINDOWS\system32\WINMM.dll
0x00007ffb90080000 - 0x00007ffb900ac000 	C:\WINDOWS\system32\WINMMBASE.dll
0x00007ffb90a40000 - 0x00007ffb90a83000 	C:\WINDOWS\system32\cfgmgr32.dll
0x00007ffb93410000 - 0x00007ffb93418000 	C:\WINDOWS\system32\PSAPI.DLL
0x00007ffb77750000 - 0x00007ffb77759000 	C:\WINDOWS\SYSTEM32\WSOCK32.dll
0x00007ffb933a0000 - 0x00007ffb9340b000 	C:\WINDOWS\system32\WS2_32.dll
0x0000000065970000 - 0x000000006597f000 	C:\Program Files\Java\jdk1.7.0_13\jre\bin\verify.dll
0x0000000065940000 - 0x0000000065968000 	C:\Program Files\Java\jdk1.7.0_13\jre\bin\java.dll
0x0000000065920000 - 0x0000000065935000 	C:\Program Files\Java\jdk1.7.0_13\jre\bin\zip.dll

VM Arguments:
jvm_args: -Djava.awt.headless=true -Xmx1024M -Dfile.encoding=GBK -Duser.country=CN -Duser.language=zh -Duser.variant 
java_command: com.android.dx.command.Main --dex --force-jumbo --num-threads=4 --output H:\AndroidProject\UseBaiduMap\app\build\intermediates\pre-dexed\debug\support-annotations-23.4.0_0c61c46fefe0a4808119c88492b4f2f6c6eecf6b.jar F:\androidsdk\extras\android\m2repository\com\android\support\support-annotations\23.4.0\support-annotations-23.4.0.jar
Launcher Type: SUN_STANDARD

Environment Variables:
JAVA_HOME=C:\Program Files\Java\jdk1.7.0_13
PATH=C:\Program Files\Java\jdk1.7.0_13\bin;C:\Program Files\Java\jdk1.7.0_13\jre\bin;C:\WINDOWS\system32;C:\WINDOWS;C:\WINDOWS\System32\Wbem;C:\WINDOWS\System32\WindowsPowerShell\v1.0\;C:\Program Files (x86)\NVIDIA Corporation\PhysX\Common;F:\matlab\bin\win32;f:\Program Files\MATLAB\R2014a\runtime\win64;f:\Program Files\MATLAB\R2014a\bin;f:\Program Files\MATLAB\R2014a\polyspace\bin;E:\Program Files (x86)\adt-bundle-windows-x86_64-20140702\sdk\platform-tools
USERNAME=Administrator
OS=Windows_NT
PROCESSOR_IDENTIFIER=Intel64 Family 6 Model 58 Stepping 9, GenuineIntel



---------------  S Y S T E M  ---------------

OS: Windows 8 , 64 bit Build 9200 

CPU:total 4 (2 cores per cpu, 2 threads per core) family 6 model 58 stepping 9, cmov, cx8, fxsr, mmx, sse, sse2, sse3, ssse3, sse4.1, sse4.2, popcnt, avx, ht, tsc, tscinvbit, tscinv

Memory: 4k page, physical 8337772k(2219268k free), swap 8337772k(5640k free)

vm_info: Java HotSpot(TM) 64-Bit Server VM (23.7-b01) for windows-amd64 JRE (1.7.0_13-b20), built on Jan 30 2013 10:10:00 by "java_re" with unknown MS VC++:1600

time: Sun Jul 31 21:08:51 2016
elapsed time: 0 seconds

