#
# There is insufficient memory for the Java Runtime Environment to continue.
# Native memory allocation (malloc) failed to allocate 962896 bytes for Chunk::new
# Possible reasons:
#   The system is out of physical RAM or swap space
#   In 32 bit mode, the process size limit was hit
# Possible solutions:
#   Reduce memory load on the system
#   Increase physical memory or swap space
#   Check if swap backing store is full
#   Use 64 bit Java on a 64 bit OS
#   Decrease Java heap size (-Xmx/-Xms)
#   Decrease number of Java threads
#   Decrease Java thread stack sizes (-Xss)
#   Set larger code cache with -XX:ReservedCodeCacheSize=
# This output file may be truncated or incomplete.
#
#  Out of Memory Error (allocation.cpp:328), pid=9496, tid=624
#
# JRE version: 7.0_13-b20
# Java VM: Java HotSpot(TM) 64-Bit Server VM (23.7-b01 mixed mode windows-amd64 compressed oops)
# Failed to write core dump. Minidumps are not enabled by default on client versions of Windows
#

---------------  T H R E A D  ---------------

Current thread (0x0000000009160000):  JavaThread "C2 CompilerThread0" daemon [_thread_in_native, id=624, stack(0x000000000a6f0000,0x000000000a7f0000)]

Stack: [0x000000000a6f0000,0x000000000a7f0000]

Current CompileTask:
C2:   1724  254             com.android.dx.ssa.SCCP::simulateBlock (54 bytes)


---------------  P R O C E S S  ---------------

Java Threads: ( => current thread )
  0x000000000ac36000 JavaThread "pool-1-thread-4" [_thread_in_Java, id=1992, stack(0x000000000b2f0000,0x000000000b3f0000)]
  0x000000000acbb800 JavaThread "pool-1-thread-3" [_thread_in_Java, id=5132, stack(0x000000000b1f0000,0x000000000b2f0000)]
  0x000000000acb5800 JavaThread "pool-1-thread-2" [_thread_blocked, id=228, stack(0x000000000b0f0000,0x000000000b1f0000)]
  0x000000000ac39000 JavaThread "pool-2-thread-1" [_thread_blocked, id=748, stack(0x000000000aff0000,0x000000000b0f0000)]
  0x000000000ac4f800 JavaThread "pool-1-thread-1" [_thread_in_Java, id=10196, stack(0x000000000aef0000,0x000000000aff0000)]
  0x0000000009178000 JavaThread "Service Thread" daemon [_thread_blocked, id=7068, stack(0x000000000a8f0000,0x000000000a9f0000)]
  0x0000000009167800 JavaThread "C2 CompilerThread1" daemon [_thread_in_native, id=1092, stack(0x000000000a7f0000,0x000000000a8f0000)]
=>0x0000000009160000 JavaThread "C2 CompilerThread0" daemon [_thread_in_native, id=624, stack(0x000000000a6f0000,0x000000000a7f0000)]
  0x000000000915f000 JavaThread "Attach Listener" daemon [_thread_blocked, id=10144, stack(0x000000000a5f0000,0x000000000a6f0000)]
  0x000000000913a000 JavaThread "Signal Dispatcher" daemon [_thread_blocked, id=1248, stack(0x000000000a4f0000,0x000000000a5f0000)]
  0x00000000090d1000 JavaThread "Finalizer" daemon [_thread_blocked, id=8644, stack(0x000000000a3f0000,0x000000000a4f0000)]
  0x00000000090cd800 JavaThread "Reference Handler" daemon [_thread_blocked, id=6196, stack(0x000000000a2f0000,0x000000000a3f0000)]
  0x0000000002afe800 JavaThread "main" [_thread_in_Java, id=4552, stack(0x0000000002b00000,0x0000000002c00000)]

Other Threads:
  0x00000000090c6000 VMThread [stack: 0x000000000a1f0000,0x000000000a2f0000] [id=8700]
  0x000000000918f000 WatcherThread [stack: 0x000000000a9f0000,0x000000000aaf0000] [id=10032]

VM state:not at safepoint (normal execution)

VM Mutex/Monitor currently owned by a thread: None

Heap
 PSYoungGen      total 38016K, used 34331K [0x00000000eaab0000, 0x00000000ef4f0000, 0x0000000100000000)
  eden space 32640K, 90% used [0x00000000eaab0000,0x00000000ec7915b0,0x00000000eca90000)
  from space 5376K, 88% used [0x00000000eca90000,0x00000000ecf359a0,0x00000000ecfd0000)
  to   space 5376K, 0% used [0x00000000eefb0000,0x00000000eefb0000,0x00000000ef4f0000)
 ParOldGen       total 86912K, used 8K [0x00000000c0000000, 0x00000000c54e0000, 0x00000000eaab0000)
  object space 86912K, 0% used [0x00000000c0000000,0x00000000c0002000,0x00000000c54e0000)
 PSPermGen       total 21248K, used 6038K [0x00000000bae00000, 0x00000000bc2c0000, 0x00000000c0000000)
  object space 21248K, 28% used [0x00000000bae00000,0x00000000bb3e5b28,0x00000000bc2c0000)

Card table byte_map: [0x0000000005d00000,0x0000000005f30000] byte_map_base: 0x0000000005729000

Polling page: 0x0000000002670000

Code Cache  [0x0000000002d00000, 0x0000000002f70000, 0x0000000005d00000)
 total_blobs=489 nmethods=252 adapters=188 free_code_cache=48194Kb largest_free_block=49307392

Compilation events (10 events):
Event: 1.504 Thread 0x0000000009160000 nmethod 249 0x0000000002debe50 code [0x0000000002debfa0, 0x0000000002dec238]
Event: 1.504 Thread 0x0000000009160000  250             com.android.dx.ssa.SsaBasicBlock::forEachPhiInsn (54 bytes)
Event: 1.512 Thread 0x0000000009160000 nmethod 250 0x0000000002deb0d0 code [0x0000000002deb260, 0x0000000002deb748]
Event: 1.512 Thread 0x0000000009160000  251             com.android.dx.util.BitIntSet::<init> (13 bytes)
Event: 1.513 Thread 0x0000000009160000 nmethod 251 0x0000000002dd2710 code [0x0000000002dd2860, 0x0000000002dd2978]
Event: 1.513 Thread 0x0000000009160000  252             com.android.dx.ssa.back.IdenticalBlockCombiner::process (323 bytes)
Event: 1.577 Thread 0x0000000009160000 nmethod 252 0x0000000002df1fd0 code [0x0000000002df22a0, 0x0000000002df3fc8]
Event: 1.577 Thread 0x0000000009160000  253             com.android.dx.ssa.SsaBasicBlock::newFromRop (183 bytes)
Event: 1.628 Thread 0x0000000009160000 nmethod 253 0x0000000002df70d0 code [0x0000000002df7340, 0x0000000002df8980]
Event: 1.628 Thread 0x0000000009160000  254             com.android.dx.ssa.SCCP::simulateBlock (54 bytes)

GC Heap History (2 events):
Event: 0.980 GC heap before
{Heap before GC invocations=1 (full 0):
 PSYoungGen      total 38016K, used 32640K [0x00000000eaab0000, 0x00000000ed510000, 0x0000000100000000)
  eden space 32640K, 100% used [0x00000000eaab0000,0x00000000eca90000,0x00000000eca90000)
  from space 5376K, 0% used [0x00000000ecfd0000,0x00000000ecfd0000,0x00000000ed510000)
  to   space 5376K, 0% used [0x00000000eca90000,0x00000000eca90000,0x00000000ecfd0000)
 ParOldGen       total 86912K, used 0K [0x00000000c0000000, 0x00000000c54e0000, 0x00000000eaab0000)
  object space 86912K, 0% used [0x00000000c0000000,0x00000000c0000000,0x00000000c54e0000)
 PSPermGen       total 21248K, used 5825K [0x00000000bae00000, 0x00000000bc2c0000, 0x00000000c0000000)
  object space 21248K, 27% used [0x00000000bae00000,0x00000000bb3b0760,0x00000000bc2c0000)
Event: 1.003 GC heap after
Heap after GC invocations=1 (full 0):
 PSYoungGen      total 38016K, used 4758K [0x00000000eaab0000, 0x00000000ef4f0000, 0x0000000100000000)
  eden space 32640K, 0% used [0x00000000eaab0000,0x00000000eaab0000,0x00000000eca90000)
  from space 5376K, 88% used [0x00000000eca90000,0x00000000ecf359a0,0x00000000ecfd0000)
  to   space 5376K, 0% used [0x00000000eefb0000,0x00000000eefb0000,0x00000000ef4f0000)
 ParOldGen       total 86912K, used 8K [0x00000000c0000000, 0x00000000c54e0000, 0x00000000eaab0000)
  object space 86912K, 0% used [0x00000000c0000000,0x00000000c0002000,0x00000000c54e0000)
 PSPermGen       total 21248K, used 5825K [0x00000000bae00000, 0x00000000bc2c0000, 0x00000000c0000000)
  object space 21248K, 27% used [0x00000000bae00000,0x00000000bb3b0760,0x00000000bc2c0000)
}

Deoptimization events (4 events):
Event: 0.816 Thread 0x000000000ac4f800 Uncommon trap -12 fr.pc 0x0000000002d862f4
Event: 1.014 Thread 0x000000000ac4f800 Uncommon trap -83 fr.pc 0x0000000002d79344
Event: 1.262 Thread 0x000000000ac4f800 Uncommon trap -12 fr.pc 0x0000000002dc2b40
Event: 1.626 Thread 0x0000000002afe800 Uncommon trap -12 fr.pc 0x0000000002de15f8

Internal exceptions (10 events):
Event: 0.701 Thread 0x000000000acbb800 Threw 0x00000000ec2798d8 at C:\jdk7u2_64p\jdk7u13\hotspot\src\share\vm\prims\jvm.cpp:1166
Event: 0.701 Thread 0x000000000ac36000 Threw 0x00000000ec117ff0 at C:\jdk7u2_64p\jdk7u13\hotspot\src\share\vm\prims\jvm.cpp:1166
Event: 0.738 Thread 0x000000000ac4f800 Threw 0x00000000ec0b2ba0 at C:\jdk7u2_64p\jdk7u13\hotspot\src\share\vm\prims\jvm.cpp:1166
Event: 0.764 Thread 0x000000000ac36000 Threw 0x00000000ec17dc48 at C:\jdk7u2_64p\jdk7u13\hotspot\src\share\vm\prims\jvm.cpp:1166
Event: 0.768 Thread 0x000000000acbb800 Threw 0x00000000ec2c25d8 at C:\jdk7u2_64p\jdk7u13\hotspot\src\share\vm\prims\jvm.cpp:1166
Event: 0.816 Thread 0x000000000ac4f800 Implicit null exception at 0x0000000002d85f61 to 0x0000000002d862d9
Event: 1.027 Thread 0x0000000002afe800 Threw 0x00000000eacc3608 at C:\jdk7u2_64p\jdk7u13\hotspot\src\share\vm\prims\jvm.cpp:1166
Event: 1.262 Thread 0x000000000ac4f800 Implicit null exception at 0x0000000002dc1d62 to 0x0000000002dc2b19
Event: 1.301 Thread 0x0000000002afe800 Threw 0x00000000eb5660e0 at C:\jdk7u2_64p\jdk7u13\hotspot\src\share\vm\prims\jvm.cpp:1166
Event: 1.626 Thread 0x0000000002afe800 Implicit null exception at 0x0000000002de0f17 to 0x0000000002de15e9

Events (10 events):
Event: 1.016 loading class 0x00000000090e52e0
Event: 1.016 loading class 0x00000000090e52e0 done
Event: 1.027 loading class 0x000000000ab92660
Event: 1.027 loading class 0x000000000ab92660 done
Event: 1.262 Thread 0x000000000ac4f800 DEOPT PACKING pc=0x0000000002dc2b40 sp=0x000000000afeeb00
Event: 1.262 Thread 0x000000000ac4f800 DEOPT UNPACKING pc=0x0000000002d39164 sp=0x000000000afeea08 mode 2
Event: 1.301 loading class 0x000000000aca6210
Event: 1.301 loading class 0x000000000aca6210 done
Event: 1.626 Thread 0x0000000002afe800 DEOPT PACKING pc=0x0000000002de15f8 sp=0x0000000002bfe730
Event: 1.626 Thread 0x0000000002afe800 DEOPT UNPACKING pc=0x0000000002d39164 sp=0x0000000002bfe650 mode 2


Dynamic libraries:
0x00007ff630190000 - 0x00007ff6301c3000 	C:\Program Files\Java\jdk1.7.0_13\bin\java.exe
0x00007ffb93c50000 - 0x00007ffb93e11000 	C:\WINDOWS\SYSTEM32\ntdll.dll
0x00007ffb91860000 - 0x00007ffb9190d000 	C:\WINDOWS\system32\KERNEL32.DLL
0x00007ffb90750000 - 0x00007ffb90938000 	C:\WINDOWS\system32\KERNELBASE.dll
0x00007ffb931d0000 - 0x00007ffb93277000 	C:\WINDOWS\system32\ADVAPI32.dll
0x00007ffb910c0000 - 0x00007ffb9115d000 	C:\WINDOWS\system32\msvcrt.dll
0x00007ffb91060000 - 0x00007ffb910bb000 	C:\WINDOWS\system32\sechost.dll
0x00007ffb93280000 - 0x00007ffb9339c000 	C:\WINDOWS\system32\RPCRT4.dll
0x00007ffb93920000 - 0x00007ffb93a76000 	C:\WINDOWS\system32\USER32.dll
0x00007ffb90ed0000 - 0x00007ffb91056000 	C:\WINDOWS\system32\GDI32.dll
0x00007ffb8ad00000 - 0x00007ffb8af74000 	C:\WINDOWS\WinSxS\amd64_microsoft.windows.common-controls_6595b64144ccf1df_6.0.10586.494_none_a2d8b04ea53e3145\COMCTL32.dll
0x00007ffb91420000 - 0x00007ffb9169d000 	C:\WINDOWS\system32\combase.dll
0x00007ffb90940000 - 0x00007ffb909aa000 	C:\WINDOWS\system32\bcryptPrimitives.dll
0x00007ffb90e90000 - 0x00007ffb90ecb000 	C:\WINDOWS\system32\IMM32.DLL
0x0000000064490000 - 0x0000000064561000 	C:\Program Files\Java\jdk1.7.0_13\jre\bin\msvcr100.dll
0x0000000064ad0000 - 0x00000000651ef000 	C:\Program Files\Java\jdk1.7.0_13\jre\bin\server\jvm.dll
0x00007ffb90c80000 - 0x00007ffb90ca3000 	C:\WINDOWS\system32\WINMM.dll
0x00007ffb90080000 - 0x00007ffb900ac000 	C:\WINDOWS\system32\WINMMBASE.dll
0x00007ffb90a40000 - 0x00007ffb90a83000 	C:\WINDOWS\system32\cfgmgr32.dll
0x00007ffb93410000 - 0x00007ffb93418000 	C:\WINDOWS\system32\PSAPI.DLL
0x00007ffb77750000 - 0x00007ffb77759000 	C:\WINDOWS\SYSTEM32\WSOCK32.dll
0x00007ffb933a0000 - 0x00007ffb9340b000 	C:\WINDOWS\system32\WS2_32.dll
0x0000000065970000 - 0x000000006597f000 	C:\Program Files\Java\jdk1.7.0_13\jre\bin\verify.dll
0x0000000065940000 - 0x0000000065968000 	C:\Program Files\Java\jdk1.7.0_13\jre\bin\java.dll
0x0000000065920000 - 0x0000000065935000 	C:\Program Files\Java\jdk1.7.0_13\jre\bin\zip.dll
0x0000000065900000 - 0x0000000065919000 	C:\Program Files\Java\jdk1.7.0_13\jre\bin\net.dll
0x00007ffb8f910000 - 0x00007ffb8f96c000 	C:\WINDOWS\system32\mswsock.dll
0x00000000658e0000 - 0x00000000658f1000 	C:\Program Files\Java\jdk1.7.0_13\jre\bin\nio.dll

VM Arguments:
jvm_args: -Djava.awt.headless=true -Xmx1024M -Dfile.encoding=GBK -Duser.country=CN -Duser.language=zh -Duser.variant 
java_command: com.android.dx.command.Main --dex --force-jumbo --num-threads=4 --output H:\AndroidProject\UseBaiduMap\app\build\intermediates\pre-dexed\debug\com.google.android.gms-play-services-basement-8.1.0_d188eab2347c2d5d340903e682901bd728f10b02.jar H:\AndroidProject\UseBaiduMap\app\build\intermediates\exploded-aar\com.google.android.gms\play-services-basement\8.1.0\jars\classes.jar
Launcher Type: SUN_STANDARD

Environment Variables:
JAVA_HOME=C:\Program Files\Java\jdk1.7.0_13
PATH=C:\Program Files\Java\jdk1.7.0_13\bin;C:\Program Files\Java\jdk1.7.0_13\jre\bin;C:\WINDOWS\system32;C:\WINDOWS;C:\WINDOWS\System32\Wbem;C:\WINDOWS\System32\WindowsPowerShell\v1.0\;C:\Program Files (x86)\NVIDIA Corporation\PhysX\Common;F:\matlab\bin\win32;f:\Program Files\MATLAB\R2014a\runtime\win64;f:\Program Files\MATLAB\R2014a\bin;f:\Program Files\MATLAB\R2014a\polyspace\bin;E:\Program Files (x86)\adt-bundle-windows-x86_64-20140702\sdk\platform-tools
USERNAME=Administrator
OS=Windows_NT
PROCESSOR_IDENTIFIER=Intel64 Family 6 Model 58 Stepping 9, GenuineIntel



---------------  S Y S T E M  ---------------

OS: Windows 8 , 64 bit Build 9200 

CPU:total 4 (2 cores per cpu, 2 threads per core) family 6 model 58 stepping 9, cmov, cx8, fxsr, mmx, sse, sse2, sse3, ssse3, sse4.1, sse4.2, popcnt, avx, ht, tsc, tscinvbit, tscinv

Memory: 4k page, physical 8337772k(2212576k free), swap 8337772k(5928k free)

vm_info: Java HotSpot(TM) 64-Bit Server VM (23.7-b01) for windows-amd64 JRE (1.7.0_13-b20), built on Jan 30 2013 10:10:00 by "java_re" with unknown MS VC++:1600

time: Sun Jul 31 21:05:29 2016
elapsed time: 1 seconds

