#
# There is insufficient memory for the Java Runtime Environment to continue.
# Native memory allocation (malloc) failed to allocate 1434496 bytes for Chunk::new
# Possible reasons:
#   The system is out of physical RAM or swap space
#   In 32 bit mode, the process size limit was hit
# Possible solutions:
#   Reduce memory load on the system
#   Increase physical memory or swap space
#   Check if swap backing store is full
#   Use 64 bit Java on a 64 bit OS
#   Decrease Java heap size (-Xmx/-Xms)
#   Decrease number of Java threads
#   Decrease Java thread stack sizes (-Xss)
#   Set larger code cache with -XX:ReservedCodeCacheSize=
# This output file may be truncated or incomplete.
#
#  Out of Memory Error (allocation.cpp:328), pid=8304, tid=9916
#
# JRE version: 7.0_13-b20
# Java VM: Java HotSpot(TM) 64-Bit Server VM (23.7-b01 mixed mode windows-amd64 compressed oops)
# Failed to write core dump. Minidumps are not enabled by default on client versions of Windows
#

---------------  T H R E A D  ---------------

Current thread (0x0000000008c13800):  JavaThread "C2 CompilerThread1" daemon [_thread_in_native, id=9916, stack(0x000000000a2b0000,0x000000000a3b0000)]

Stack: [0x000000000a2b0000,0x000000000a3b0000]
[error occurred during error reporting (printing stack bounds), id 0xc0000005]


[error occurred during error reporting (printing native stack), id 0xc0000005]


Current CompileTask:
C2:   3643  436             com.android.dx.rop.code.Rops::ropFor (771 bytes)


---------------  P R O C E S S  ---------------

Java Threads: ( => current thread )
  0x000000000a779800 JavaThread "pool-1-thread-4" [_thread_blocked, id=2224, stack(0x000000000adb0000,0x000000000aeb0000)]
  0x000000000a77a800 JavaThread "pool-1-thread-3" [_thread_in_Java, id=9924, stack(0x000000000acb0000,0x000000000adb0000)]
  0x000000000a776800 JavaThread "pool-1-thread-2" [_thread_in_Java, id=9732, stack(0x000000000abb0000,0x000000000acb0000)]
  0x000000000a745000 JavaThread "pool-2-thread-1" [_thread_blocked, id=7132, stack(0x000000000aab0000,0x000000000abb0000)]
  0x000000000a743000 JavaThread "pool-1-thread-1" [_thread_blocked, id=6956, stack(0x000000000a9b0000,0x000000000aab0000)]
  0x0000000008c2b000 JavaThread "Service Thread" daemon [_thread_blocked, id=9464, stack(0x000000000a3b0000,0x000000000a4b0000)]
=>0x0000000008c13800 JavaThread "C2 CompilerThread1" daemon [_thread_in_native, id=9916, stack(0x000000000a2b0000,0x000000000a3b0000)]
  0x0000000008c11000 JavaThread "C2 CompilerThread0" daemon [_thread_in_native, id=9408, stack(0x000000000a1b0000,0x000000000a2b0000)]
  0x0000000008c10000 JavaThread "Attach Listener" daemon [_thread_blocked, id=10852, stack(0x000000000a0b0000,0x000000000a1b0000)]
  0x0000000008c0d000 JavaThread "Signal Dispatcher" daemon [_thread_blocked, id=4072, stack(0x0000000009fb0000,0x000000000a0b0000)]
  0x0000000008b87000 JavaThread "Finalizer" daemon [_thread_blocked, id=5460, stack(0x0000000009eb0000,0x0000000009fb0000)]
  0x0000000008b7e800 JavaThread "Reference Handler" daemon [_thread_blocked, id=3696, stack(0x0000000009db0000,0x0000000009eb0000)]
  0x000000000271e800 JavaThread "main" [_thread_in_Java, id=804, stack(0x00000000009b0000,0x0000000000ab0000)]

Other Threads:
  0x0000000008b77000 VMThread [stack: 0x0000000009cb0000,0x0000000009db0000] [id=6416]
  0x0000000008c48000 WatcherThread [stack: 0x000000000a4b0000,0x000000000a5b0000] [id=8720]

VM state:not at safepoint (normal execution)

VM Mutex/Monitor currently owned by a thread: None

Heap
 PSYoungGen      total 70656K, used 18891K [0x00000000eaab0000, 0x00000000f34b0000, 0x0000000100000000)
  eden space 65280K, 20% used [0x00000000eaab0000,0x00000000eb7e91b8,0x00000000eea70000)
  from space 5376K, 99% used [0x00000000eea70000,0x00000000eefa9b60,0x00000000eefb0000)
  to   space 5376K, 0% used [0x00000000f2f70000,0x00000000f2f70000,0x00000000f34b0000)
 ParOldGen       total 86912K, used 16200K [0x00000000c0000000, 0x00000000c54e0000, 0x00000000eaab0000)
  object space 86912K, 18% used [0x00000000c0000000,0x00000000c0fd23a8,0x00000000c54e0000)
 PSPermGen       total 21248K, used 6142K [0x00000000bae00000, 0x00000000bc2c0000, 0x00000000c0000000)
  object space 21248K, 28% used [0x00000000bae00000,0x00000000bb3ffb00,0x00000000bc2c0000)

Card table byte_map: [0x00000000057e0000,0x0000000005a10000] byte_map_base: 0x0000000005209000

Polling page: 0x0000000000520000

Code Cache  [0x0000000002720000, 0x0000000002990000, 0x0000000005720000)
 total_blobs=689 nmethods=452 adapters=188 free_code_cache=47233Kb largest_free_block=48329024

Compilation events (10 events):
Event: 3.584 Thread 0x0000000008c11000 nmethod 448 0x00000000029036d0 code [0x0000000002903820, 0x00000000029038d8]
Event: 3.584 Thread 0x0000000008c11000  449             com.android.dx.cf.code.Ropper::getRopMethod (64 bytes)
Event: 3.596 Thread 0x0000000008c11000 nmethod 449 0x00000000028f05d0 code [0x00000000028f0780, 0x00000000028f0e38]
Event: 3.596 Thread 0x0000000008c11000  450             com.android.dx.dex.code.DalvInsn::getPosition (5 bytes)
Event: 3.596 Thread 0x0000000008c11000 nmethod 450 0x0000000002901d90 code [0x0000000002901ec0, 0x0000000002901f18]
Event: 3.596 Thread 0x0000000008c11000  451             com.android.dx.rop.code.LocalVariableExtractor::doit (49 bytes)
Event: 3.600 Thread 0x0000000008c11000 nmethod 451 0x00000000029052d0 code [0x0000000002905420, 0x00000000029055c8]
Event: 3.600 Thread 0x0000000008c11000  452             com.android.dx.dex.code.BlockAddresses::setupArrays (113 bytes)
Event: 3.610 Thread 0x0000000008c11000 nmethod 452 0x0000000002902510 code [0x00000000029026c0, 0x0000000002902dd8]
Event: 3.610 Thread 0x0000000008c11000  453             com.android.dx.dex.code.RopTranslator::outputInstructions (69 bytes)

GC Heap History (6 events):
Event: 1.744 GC heap before
{Heap before GC invocations=1 (full 0):
 PSYoungGen      total 38016K, used 32640K [0x00000000eaab0000, 0x00000000ed510000, 0x0000000100000000)
  eden space 32640K, 100% used [0x00000000eaab0000,0x00000000eca90000,0x00000000eca90000)
  from space 5376K, 0% used [0x00000000ecfd0000,0x00000000ecfd0000,0x00000000ed510000)
  to   space 5376K, 0% used [0x00000000eca90000,0x00000000eca90000,0x00000000ecfd0000)
 ParOldGen       total 86912K, used 0K [0x00000000c0000000, 0x00000000c54e0000, 0x00000000eaab0000)
  object space 86912K, 0% used [0x00000000c0000000,0x00000000c0000000,0x00000000c54e0000)
 PSPermGen       total 21248K, used 6007K [0x00000000bae00000, 0x00000000bc2c0000, 0x00000000c0000000)
  object space 21248K, 28% used [0x00000000bae00000,0x00000000bb3ddda0,0x00000000bc2c0000)
Event: 1.763 GC heap after
Heap after GC invocations=1 (full 0):
 PSYoungGen      total 38016K, used 5361K [0x00000000eaab0000, 0x00000000ef4f0000, 0x0000000100000000)
  eden space 32640K, 0% used [0x00000000eaab0000,0x00000000eaab0000,0x00000000eca90000)
  from space 5376K, 99% used [0x00000000eca90000,0x00000000ecfcc6b8,0x00000000ecfd0000)
  to   space 5376K, 0% used [0x00000000eefb0000,0x00000000eefb0000,0x00000000ef4f0000)
 ParOldGen       total 86912K, used 1285K [0x00000000c0000000, 0x00000000c54e0000, 0x00000000eaab0000)
  object space 86912K, 1% used [0x00000000c0000000,0x00000000c0141410,0x00000000c54e0000)
 PSPermGen       total 21248K, used 6007K [0x00000000bae00000, 0x00000000bc2c0000, 0x00000000c0000000)
  object space 21248K, 28% used [0x00000000bae00000,0x00000000bb3ddda0,0x00000000bc2c0000)
}
Event: 2.582 GC heap before
{Heap before GC invocations=2 (full 0):
 PSYoungGen      total 38016K, used 38001K [0x00000000eaab0000, 0x00000000ef4f0000, 0x0000000100000000)
  eden space 32640K, 100% used [0x00000000eaab0000,0x00000000eca90000,0x00000000eca90000)
  from space 5376K, 99% used [0x00000000eca90000,0x00000000ecfcc6b8,0x00000000ecfd0000)
  to   space 5376K, 0% used [0x00000000eefb0000,0x00000000eefb0000,0x00000000ef4f0000)
 ParOldGen       total 86912K, used 1285K [0x00000000c0000000, 0x00000000c54e0000, 0x00000000eaab0000)
  object space 86912K, 1% used [0x00000000c0000000,0x00000000c0141410,0x00000000c54e0000)
 PSPermGen       total 21248K, used 6089K [0x00000000bae00000, 0x00000000bc2c0000, 0x00000000c0000000)
  object space 21248K, 28% used [0x00000000bae00000,0x00000000bb3f26b0,0x00000000bc2c0000)
Event: 2.594 GC heap after
Heap after GC invocations=2 (full 0):
 PSYoungGen      total 70656K, used 5348K [0x00000000eaab0000, 0x00000000ef4f0000, 0x0000000100000000)
  eden space 65280K, 0% used [0x00000000eaab0000,0x00000000eaab0000,0x00000000eea70000)
  from space 5376K, 99% used [0x00000000eefb0000,0x00000000ef4e9170,0x00000000ef4f0000)
  to   space 5376K, 0% used [0x00000000eea70000,0x00000000eea70000,0x00000000eefb0000)
 ParOldGen       total 86912K, used 6039K [0x00000000c0000000, 0x00000000c54e0000, 0x00000000eaab0000)
  object space 86912K, 6% used [0x00000000c0000000,0x00000000c05e5d60,0x00000000c54e0000)
 PSPermGen       total 21248K, used 6089K [0x00000000bae00000, 0x00000000bc2c0000, 0x00000000c0000000)
  object space 21248K, 28% used [0x00000000bae00000,0x00000000bb3f26b0,0x00000000bc2c0000)
}
Event: 3.465 GC heap before
{Heap before GC invocations=3 (full 0):
 PSYoungGen      total 70656K, used 70628K [0x00000000eaab0000, 0x00000000ef4f0000, 0x0000000100000000)
  eden space 65280K, 100% used [0x00000000eaab0000,0x00000000eea70000,0x00000000eea70000)
  from space 5376K, 99% used [0x00000000eefb0000,0x00000000ef4e9170,0x00000000ef4f0000)
  to   space 5376K, 0% used [0x00000000eea70000,0x00000000eea70000,0x00000000eefb0000)
 ParOldGen       total 86912K, used 6039K [0x00000000c0000000, 0x00000000c54e0000, 0x00000000eaab0000)
  object space 86912K, 6% used [0x00000000c0000000,0x00000000c05e5d60,0x00000000c54e0000)
 PSPermGen       total 21248K, used 6139K [0x00000000bae00000, 0x00000000bc2c0000, 0x00000000c0000000)
  object space 21248K, 28% used [0x00000000bae00000,0x00000000bb3fefe8,0x00000000bc2c0000)
Event: 3.489 GC heap after
Heap after GC invocations=3 (full 0):
 PSYoungGen      total 70656K, used 5350K [0x00000000eaab0000, 0x00000000f34b0000, 0x0000000100000000)
  eden space 65280K, 0% used [0x00000000eaab0000,0x00000000eaab0000,0x00000000eea70000)
  from space 5376K, 99% used [0x00000000eea70000,0x00000000eefa9b60,0x00000000eefb0000)
  to   space 5376K, 0% used [0x00000000f2f70000,0x00000000f2f70000,0x00000000f34b0000)
 ParOldGen       total 86912K, used 16200K [0x00000000c0000000, 0x00000000c54e0000, 0x00000000eaab0000)
  object space 86912K, 18% used [0x00000000c0000000,0x00000000c0fd23a8,0x00000000c54e0000)
 PSPermGen       total 21248K, used 6139K [0x00000000bae00000, 0x00000000bc2c0000, 0x00000000c0000000)
  object space 21248K, 28% used [0x00000000bae00000,0x00000000bb3fefe8,0x00000000bc2c0000)
}

Deoptimization events (10 events):
Event: 2.841 Thread 0x000000000a743000 Uncommon trap -58 fr.pc 0x000000000285ded0
Event: 2.855 Thread 0x000000000a743000 Uncommon trap -58 fr.pc 0x000000000285d6b8
Event: 2.855 Thread 0x000000000a743000 Uncommon trap -58 fr.pc 0x000000000285d6b8
Event: 2.883 Thread 0x000000000a77a800 Uncommon trap -83 fr.pc 0x000000000280b638
Event: 2.903 Thread 0x000000000271e800 Uncommon trap 210 fr.pc 0x0000000002886658
Event: 3.415 Thread 0x000000000a779800 Uncommon trap -83 fr.pc 0x00000000028925f0
Event: 3.415 Thread 0x000000000a779800 Uncommon trap -83 fr.pc 0x00000000028a3978
Event: 3.415 Thread 0x000000000a779800 Uncommon trap -83 fr.pc 0x0000000002885928
Event: 3.415 Thread 0x000000000a779800 Uncommon trap -83 fr.pc 0x000000000289eec8
Event: 3.416 Thread 0x000000000a779800 Uncommon trap -83 fr.pc 0x00000000027ee028

Internal exceptions (10 events):
Event: 1.765 Thread 0x000000000a743000 Implicit null exception at 0x00000000027e22d2 to 0x00000000027e23c2
Event: 2.036 Thread 0x000000000a77a800 Implicit null exception at 0x00000000027db5b4 to 0x00000000027dc6a9
Event: 2.244 Thread 0x000000000a779800 Threw 0x00000000ebdb60a8 at C:\jdk7u2_64p\jdk7u13\hotspot\src\share\vm\prims\jvm.cpp:1166
Event: 3.020 Thread 0x000000000a776800 Threw 0x00000000ec738658 at C:\jdk7u2_64p\jdk7u13\hotspot\src\share\vm\prims\jvm.cpp:1166
Event: 3.189 Thread 0x000000000271e800 Threw 0x00000000ece6d960 at C:\jdk7u2_64p\jdk7u13\hotspot\src\share\vm\prims\jvm.cpp:1166
Event: 3.415 Thread 0x000000000a779800 Implicit null exception at 0x0000000002890c91 to 0x00000000028925dd
Event: 3.415 Thread 0x000000000a779800 Implicit null exception at 0x00000000028a2fc0 to 0x00000000028a3949
Event: 3.415 Thread 0x000000000a779800 Implicit null exception at 0x00000000028856a8 to 0x0000000002885915
Event: 3.415 Thread 0x000000000a779800 Implicit null exception at 0x000000000289e385 to 0x000000000289ee9d
Event: 3.416 Thread 0x000000000a779800 Implicit null exception at 0x00000000027ede2b to 0x00000000027ee005

Events (10 events):
Event: 3.415 Thread 0x000000000a779800 DEOPT PACKING pc=0x00000000028a3978 sp=0x000000000aeae9a0
Event: 3.415 Thread 0x000000000a779800 DEOPT UNPACKING pc=0x0000000002759164 sp=0x000000000aeae6e8 mode 2
Event: 3.415 Thread 0x000000000a779800 DEOPT PACKING pc=0x0000000002885928 sp=0x000000000aeae7c0
Event: 3.415 Thread 0x000000000a779800 DEOPT UNPACKING pc=0x0000000002759164 sp=0x000000000aeae710 mode 2
Event: 3.415 Thread 0x000000000a779800 DEOPT PACKING pc=0x000000000289eec8 sp=0x000000000aeae920
Event: 3.415 Thread 0x000000000a779800 DEOPT UNPACKING pc=0x0000000002759164 sp=0x000000000aeae6d8 mode 2
Event: 3.416 Thread 0x000000000a779800 DEOPT PACKING pc=0x00000000027ee028 sp=0x000000000aeaeb40
Event: 3.416 Thread 0x000000000a779800 DEOPT UNPACKING pc=0x0000000002759164 sp=0x000000000aeae9b8 mode 2
Event: 3.463 Executing VM operation: ParallelGCFailedAllocation
Event: 3.489 Executing VM operation: ParallelGCFailedAllocation done


Dynamic libraries:
0x00007ff69ba10000 - 0x00007ff69ba43000 	C:\Program Files\Java\jdk1.7.0_13\bin\java.exe
0x00007ffb1e330000 - 0x00007ffb1e4f1000 	C:\WINDOWS\SYSTEM32\ntdll.dll
0x00007ffb1e1d0000 - 0x00007ffb1e27d000 	C:\WINDOWS\system32\KERNEL32.DLL
0x00007ffb1a8a0000 - 0x00007ffb1aa88000 	C:\WINDOWS\system32\KERNELBASE.dll
0x00007ffb1e280000 - 0x00007ffb1e327000 	C:\WINDOWS\system32\ADVAPI32.dll
0x00007ffb1c900000 - 0x00007ffb1c99d000 	C:\WINDOWS\system32\msvcrt.dll
0x00007ffb1cb70000 - 0x00007ffb1cbcb000 	C:\WINDOWS\system32\sechost.dll
0x00007ffb1b570000 - 0x00007ffb1b68c000 	C:\WINDOWS\system32\RPCRT4.dll
0x00007ffb1c460000 - 0x00007ffb1c5b6000 	C:\WINDOWS\system32\USER32.dll
0x00007ffb1b6f0000 - 0x00007ffb1b876000 	C:\WINDOWS\system32\GDI32.dll
0x00007ffb15470000 - 0x00007ffb156e4000 	C:\WINDOWS\WinSxS\amd64_microsoft.windows.common-controls_6595b64144ccf1df_6.0.10586.0_none_8c15ae12515e1c22\COMCTL32.dll
0x00007ffb1bb00000 - 0x00007ffb1bd7d000 	C:\WINDOWS\system32\combase.dll
0x00007ffb1b450000 - 0x00007ffb1b4ba000 	C:\WINDOWS\system32\bcryptPrimitives.dll
0x00007ffb1c7f0000 - 0x00007ffb1c82b000 	C:\WINDOWS\system32\IMM32.DLL
0x0000000051530000 - 0x0000000051601000 	C:\Program Files\Java\jdk1.7.0_13\jre\bin\msvcr100.dll
0x0000000051b40000 - 0x000000005225f000 	C:\Program Files\Java\jdk1.7.0_13\jre\bin\server\jvm.dll
0x00007ffb1a870000 - 0x00007ffb1a893000 	C:\WINDOWS\system32\WINMM.dll
0x00007ffb1a720000 - 0x00007ffb1a74c000 	C:\WINDOWS\system32\WINMMBASE.dll
0x00007ffb1a790000 - 0x00007ffb1a7d3000 	C:\WINDOWS\system32\cfgmgr32.dll
0x00007ffb067f0000 - 0x00007ffb067f9000 	C:\WINDOWS\SYSTEM32\WSOCK32.dll
0x00007ffb1c8e0000 - 0x00007ffb1c8e8000 	C:\WINDOWS\system32\PSAPI.DLL
0x00007ffb1c3f0000 - 0x00007ffb1c45b000 	C:\WINDOWS\system32\WS2_32.dll
0x0000000052a30000 - 0x0000000052a3f000 	C:\Program Files\Java\jdk1.7.0_13\jre\bin\verify.dll
0x0000000052a00000 - 0x0000000052a28000 	C:\Program Files\Java\jdk1.7.0_13\jre\bin\java.dll
0x00000000529e0000 - 0x00000000529f5000 	C:\Program Files\Java\jdk1.7.0_13\jre\bin\zip.dll
0x00000000529c0000 - 0x00000000529d9000 	C:\Program Files\Java\jdk1.7.0_13\jre\bin\net.dll
0x00007ffb19ff0000 - 0x00007ffb1a04c000 	C:\WINDOWS\system32\mswsock.dll
0x00000000529a0000 - 0x00000000529b1000 	C:\Program Files\Java\jdk1.7.0_13\jre\bin\nio.dll

VM Arguments:
jvm_args: -Djava.awt.headless=true -Xmx1024M -Dfile.encoding=GBK -Duser.country=CN -Duser.language=zh -Duser.variant 
java_command: com.android.dx.command.Main --dex --num-threads=4 --output H:\AndroidProject\Note\app\build\intermediates\pre-dexed\debug\com.android.support-design-23.4.0_3aa30dba21e37c6c17456a1238f437e9cf21eaa9.jar H:\AndroidProject\Note\app\build\intermediates\exploded-aar\com.android.support\design\23.4.0\jars\classes.jar
Launcher Type: SUN_STANDARD

Environment Variables:
JAVA_HOME=C:\Program Files\Java\jdk1.7.0_13
PATH=C:\Program Files\Java\jdk1.7.0_13\bin;C:\Program Files\Java\jdk1.7.0_13\jre\bin;C:\WINDOWS\system32;C:\WINDOWS;C:\WINDOWS\System32\Wbem;C:\WINDOWS\System32\WindowsPowerShell\v1.0\;C:\Program Files (x86)\NVIDIA Corporation\PhysX\Common;F:\matlab\bin\win32;f:\Program Files\MATLAB\R2014a\runtime\win64;f:\Program Files\MATLAB\R2014a\bin;f:\Program Files\MATLAB\R2014a\polyspace\bin;E:\Program Files (x86)\adt-bundle-windows-x86_64-20140702\sdk\platform-tools
USERNAME=Administrator
OS=Windows_NT
PROCESSOR_IDENTIFIER=Intel64 Family 6 Model 58 Stepping 9, GenuineIntel



---------------  S Y S T E M  ---------------

OS: Windows 8 , 64 bit Build 9200 

CPU:total 4 (2 cores per cpu, 2 threads per core) family 6 model 58 stepping 9, cmov, cx8, fxsr, mmx, sse, sse2, sse3, ssse3, sse4.1, sse4.2, popcnt, avx, ht, tsc, tscinvbit, tscinv

Memory: 4k page, physical 8337772k(2832256k free), swap 8337772k(5632k free)

vm_info: Java HotSpot(TM) 64-Bit Server VM (23.7-b01) for windows-amd64 JRE (1.7.0_13-b20), built on Jan 30 2013 10:10:00 by "java_re" with unknown MS VC++:1600

time: Wed May 25 23:50:46 2016
elapsed time: 3 seconds

