#
# There is insufficient memory for the Java Runtime Environment to continue.
# Native memory allocation (malloc) failed to allocate 1440736 bytes for Chunk::new
# Possible reasons:
#   The system is out of physical RAM or swap space
#   In 32 bit mode, the process size limit was hit
# Possible solutions:
#   Reduce memory load on the system
#   Increase physical memory or swap space
#   Check if swap backing store is full
#   Use 64 bit Java on a 64 bit OS
#   Decrease Java heap size (-Xmx/-Xms)
#   Decrease number of Java threads
#   Decrease Java thread stack sizes (-Xss)
#   Set larger code cache with -XX:ReservedCodeCacheSize=
# This output file may be truncated or incomplete.
#
#  Out of Memory Error (allocation.cpp:328), pid=10292, tid=9492
#
# JRE version: 7.0_13-b20
# Java VM: Java HotSpot(TM) 64-Bit Server VM (23.7-b01 mixed mode windows-amd64 compressed oops)
# Failed to write core dump. Minidumps are not enabled by default on client versions of Windows
#

---------------  T H R E A D  ---------------

Current thread (0x0000000008a7d800):  JavaThread "C2 CompilerThread1" daemon [_thread_in_native, id=9492, stack(0x000000000a120000,0x000000000a220000)]

Stack: [0x000000000a120000,0x000000000a220000]

Current CompileTask:
C2:   2419  261   !         com.android.dx.cf.code.BytecodeArray::parseInstruction (2764 bytes)


---------------  P R O C E S S  ---------------

Java Threads: ( => current thread )
  0x000000000a510800 JavaThread "pool-1-thread-4" [_thread_in_Java, id=8512, stack(0x000000000ac20000,0x000000000ad20000)]
  0x000000000a619800 JavaThread "pool-1-thread-3" [_thread_in_Java, id=960, stack(0x000000000ab20000,0x000000000ac20000)]
  0x000000000a619000 JavaThread "pool-1-thread-2" [_thread_in_Java, id=11108, stack(0x000000000aa20000,0x000000000ab20000)]
  0x0000000008b0e800 JavaThread "pool-2-thread-1" [_thread_blocked, id=10960, stack(0x000000000a920000,0x000000000aa20000)]
  0x0000000008b0d800 JavaThread "pool-1-thread-1" [_thread_in_Java, id=3580, stack(0x000000000a820000,0x000000000a920000)]
  0x0000000008a86000 JavaThread "Service Thread" daemon [_thread_blocked, id=10792, stack(0x000000000a220000,0x000000000a320000)]
=>0x0000000008a7d800 JavaThread "C2 CompilerThread1" daemon [_thread_in_native, id=9492, stack(0x000000000a120000,0x000000000a220000)]
  0x0000000008a70000 JavaThread "C2 CompilerThread0" daemon [_thread_in_vm, id=9420, stack(0x000000000a020000,0x000000000a120000)]
  0x0000000008a4a000 JavaThread "Attach Listener" daemon [_thread_blocked, id=10144, stack(0x0000000009f20000,0x000000000a020000)]
  0x0000000008a49000 JavaThread "Signal Dispatcher" daemon [_thread_blocked, id=11096, stack(0x0000000009e20000,0x0000000009f20000)]
  0x00000000089e1000 JavaThread "Finalizer" daemon [_thread_blocked, id=6564, stack(0x0000000009d20000,0x0000000009e20000)]
  0x00000000089dd800 JavaThread "Reference Handler" daemon [_thread_blocked, id=6488, stack(0x0000000009c20000,0x0000000009d20000)]
  0x0000000001e7e800 JavaThread "main" [_thread_in_Java, id=7972, stack(0x0000000002280000,0x0000000002380000)]

Other Threads:
  0x00000000089d6000 VMThread [stack: 0x0000000009b20000,0x0000000009c20000] [id=1352]
  0x0000000008a9d000 WatcherThread [stack: 0x000000000a320000,0x000000000a420000] [id=8992]

VM state:not at safepoint (normal execution)

VM Mutex/Monitor currently owned by a thread: None

Heap
 PSYoungGen      total 38016K, used 14947K [0x00000000eaab0000, 0x00000000ef4f0000, 0x0000000100000000)
  eden space 32640K, 29% used [0x00000000eaab0000,0x00000000eb40c548,0x00000000eca90000)
  from space 5376K, 99% used [0x00000000eca90000,0x00000000ecfcc898,0x00000000ecfd0000)
  to   space 5376K, 0% used [0x00000000eefb0000,0x00000000eefb0000,0x00000000ef4f0000)
 ParOldGen       total 86912K, used 1425K [0x00000000c0000000, 0x00000000c54e0000, 0x00000000eaab0000)
  object space 86912K, 1% used [0x00000000c0000000,0x00000000c0164720,0x00000000c54e0000)
 PSPermGen       total 21248K, used 6015K [0x00000000bae00000, 0x00000000bc2c0000, 0x00000000c0000000)
  object space 21248K, 28% used [0x00000000bae00000,0x00000000bb3dfdf0,0x00000000bc2c0000)

Card table byte_map: [0x0000000005640000,0x0000000005870000] byte_map_base: 0x0000000005069000

Polling page: 0x0000000000880000

Code Cache  [0x0000000002580000, 0x00000000027f0000, 0x0000000005580000)
 total_blobs=497 nmethods=260 adapters=188 free_code_cache=48132Kb largest_free_block=49239616

Compilation events (10 events):
Event: 2.370 Thread 0x0000000008a7d800 nmethod 256 0x0000000002659950 code [0x0000000002659aa0, 0x0000000002659b08]
Event: 2.371 Thread 0x0000000008a7d800  257             com.android.dx.ssa.back.SsaToRop::convertInsns (53 bytes)
Event: 2.376 Thread 0x0000000008a7d800 nmethod 257 0x0000000002666490 code [0x0000000002666600, 0x0000000002666998]
Event: 2.376 Thread 0x0000000008a7d800  258             com.android.dx.ssa.SsaMethod$1::visitNonMoveInsn (26 bytes)
Event: 2.377 Thread 0x0000000008a7d800 nmethod 258 0x00000000026660d0 code [0x0000000002666220, 0x0000000002666318]
Event: 2.377 Thread 0x0000000008a7d800  259             com.android.dx.util.FixedSizeList::hashCode (8 bytes)
Event: 2.379 Thread 0x0000000008a7d800 nmethod 259 0x0000000002665c10 code [0x0000000002665d60, 0x0000000002665ed8]
Event: 2.379 Thread 0x0000000008a7d800  260             com.android.dx.rop.code.CstInsn::<init> (31 bytes)
Event: 2.380 Thread 0x0000000008a7d800 nmethod 260 0x0000000002674510 code [0x0000000002674660, 0x0000000002674798]
Event: 2.380 Thread 0x0000000008a7d800  261   !         com.android.dx.cf.code.BytecodeArray::parseInstruction (2764 bytes)

GC Heap History (2 events):
Event: 2.040 GC heap before
{Heap before GC invocations=1 (full 0):
 PSYoungGen      total 38016K, used 32640K [0x00000000eaab0000, 0x00000000ed510000, 0x0000000100000000)
  eden space 32640K, 100% used [0x00000000eaab0000,0x00000000eca90000,0x00000000eca90000)
  from space 5376K, 0% used [0x00000000ecfd0000,0x00000000ecfd0000,0x00000000ed510000)
  to   space 5376K, 0% used [0x00000000eca90000,0x00000000eca90000,0x00000000ecfd0000)
 ParOldGen       total 86912K, used 0K [0x00000000c0000000, 0x00000000c54e0000, 0x00000000eaab0000)
  object space 86912K, 0% used [0x00000000c0000000,0x00000000c0000000,0x00000000c54e0000)
 PSPermGen       total 21248K, used 6000K [0x00000000bae00000, 0x00000000bc2c0000, 0x00000000c0000000)
  object space 21248K, 28% used [0x00000000bae00000,0x00000000bb3dc098,0x00000000bc2c0000)
Event: 2.110 GC heap after
Heap after GC invocations=1 (full 0):
 PSYoungGen      total 38016K, used 5362K [0x00000000eaab0000, 0x00000000ef4f0000, 0x0000000100000000)
  eden space 32640K, 0% used [0x00000000eaab0000,0x00000000eaab0000,0x00000000eca90000)
  from space 5376K, 99% used [0x00000000eca90000,0x00000000ecfcc898,0x00000000ecfd0000)
  to   space 5376K, 0% used [0x00000000eefb0000,0x00000000eefb0000,0x00000000ef4f0000)
 ParOldGen       total 86912K, used 1425K [0x00000000c0000000, 0x00000000c54e0000, 0x00000000eaab0000)
  object space 86912K, 1% used [0x00000000c0000000,0x00000000c0164720,0x00000000c54e0000)
 PSPermGen       total 21248K, used 6000K [0x00000000bae00000, 0x00000000bc2c0000, 0x00000000c0000000)
  object space 21248K, 28% used [0x00000000bae00000,0x00000000bb3dc098,0x00000000bc2c0000)
}

Deoptimization events (7 events):
Event: 0.956 Thread 0x000000000a510800 Uncommon trap -12 fr.pc 0x00000000025fe304
Event: 1.424 Thread 0x0000000008b0d800 Uncommon trap -83 fr.pc 0x000000000260d884
Event: 1.758 Thread 0x000000000a619800 Uncommon trap -12 fr.pc 0x000000000261b890
Event: 2.009 Thread 0x000000000a619000 Uncommon trap -58 fr.pc 0x0000000002646924
Event: 2.009 Thread 0x000000000a619000 Uncommon trap -58 fr.pc 0x0000000002646924
Event: 2.009 Thread 0x000000000a619000 Uncommon trap -58 fr.pc 0x0000000002646924
Event: 2.246 Thread 0x000000000a510800 Uncommon trap -58 fr.pc 0x0000000002646924

Internal exceptions (10 events):
Event: 0.808 Thread 0x0000000001e7e800 Threw 0x00000000eb0f7908 at C:\jdk7u2_64p\jdk7u13\hotspot\src\share\vm\prims\jvm.cpp:1166
Event: 0.808 Thread 0x0000000008b0d800 Threw 0x00000000eb546090 at C:\jdk7u2_64p\jdk7u13\hotspot\src\share\vm\prims\jvm.cpp:1166
Event: 0.815 Thread 0x000000000a619800 Threw 0x00000000eb632d40 at C:\jdk7u2_64p\jdk7u13\hotspot\src\share\vm\prims\jvm.cpp:1166
Event: 0.828 Thread 0x0000000001e7e800 Threw 0x00000000eb6d9370 at C:\jdk7u2_64p\jdk7u13\hotspot\src\share\vm\prims\jvm.cpp:1166
Event: 0.956 Thread 0x000000000a510800 Implicit null exception at 0x00000000025fdb56 to 0x00000000025fe2e9
Event: 1.010 Thread 0x0000000001e7e800 Threw 0x00000000eb7767f0 at C:\jdk7u2_64p\jdk7u13\hotspot\src\share\vm\prims\jvm.cpp:1166
Event: 1.201 Thread 0x000000000a619800 Threw 0x00000000eb990530 at C:\jdk7u2_64p\jdk7u13\hotspot\src\share\vm\prims\jvm.cpp:1166
Event: 1.529 Thread 0x0000000001e7e800 Threw 0x00000000ec069088 at C:\jdk7u2_64p\jdk7u13\hotspot\src\share\vm\prims\jvm.cpp:1166
Event: 1.529 Thread 0x0000000001e7e800 Threw 0x00000000ec06b4d8 at C:\jdk7u2_64p\jdk7u13\hotspot\src\share\vm\prims\jvm.cpp:1166
Event: 1.758 Thread 0x000000000a619800 Implicit null exception at 0x000000000261b792 to 0x000000000261b882

Events (10 events):
Event: 2.009 Thread 0x000000000a619000 DEOPT PACKING pc=0x0000000002646924 sp=0x000000000ab1ee00
Event: 2.009 Thread 0x000000000a619000 DEOPT UNPACKING pc=0x00000000025b9164 sp=0x000000000ab1eda8 mode 2
Event: 2.009 Thread 0x000000000a619000 DEOPT PACKING pc=0x0000000002646924 sp=0x000000000ab1ee00
Event: 2.009 Thread 0x000000000a619000 DEOPT UNPACKING pc=0x00000000025b9164 sp=0x000000000ab1eda8 mode 2
Event: 2.009 Thread 0x000000000a619000 DEOPT PACKING pc=0x0000000002646924 sp=0x000000000ab1eeb0
Event: 2.009 Thread 0x000000000a619000 DEOPT UNPACKING pc=0x00000000025b9164 sp=0x000000000ab1ee58 mode 2
Event: 2.015 Executing VM operation: ParallelGCFailedAllocation
Event: 2.110 Executing VM operation: ParallelGCFailedAllocation done
Event: 2.246 Thread 0x000000000a510800 DEOPT PACKING pc=0x0000000002646924 sp=0x000000000ad1eab0
Event: 2.246 Thread 0x000000000a510800 DEOPT UNPACKING pc=0x00000000025b9164 sp=0x000000000ad1ea58 mode 2


Dynamic libraries:
0x00007ff69ba10000 - 0x00007ff69ba43000 	C:\Program Files\Java\jdk1.7.0_13\bin\java.exe
0x00007ffb1e330000 - 0x00007ffb1e4f1000 	C:\WINDOWS\SYSTEM32\ntdll.dll
0x00007ffb1e1d0000 - 0x00007ffb1e27d000 	C:\WINDOWS\system32\KERNEL32.DLL
0x00007ffb1a8a0000 - 0x00007ffb1aa88000 	C:\WINDOWS\system32\KERNELBASE.dll
0x00007ffb1e280000 - 0x00007ffb1e327000 	C:\WINDOWS\system32\ADVAPI32.dll
0x00007ffb1c900000 - 0x00007ffb1c99d000 	C:\WINDOWS\system32\msvcrt.dll
0x00007ffb1cb70000 - 0x00007ffb1cbcb000 	C:\WINDOWS\system32\sechost.dll
0x00007ffb1b570000 - 0x00007ffb1b68c000 	C:\WINDOWS\system32\RPCRT4.dll
0x00007ffb1c460000 - 0x00007ffb1c5b6000 	C:\WINDOWS\system32\USER32.dll
0x00007ffb1b6f0000 - 0x00007ffb1b876000 	C:\WINDOWS\system32\GDI32.dll
0x00007ffb15470000 - 0x00007ffb156e4000 	C:\WINDOWS\WinSxS\amd64_microsoft.windows.common-controls_6595b64144ccf1df_6.0.10586.0_none_8c15ae12515e1c22\COMCTL32.dll
0x00007ffb1bb00000 - 0x00007ffb1bd7d000 	C:\WINDOWS\system32\combase.dll
0x00007ffb1b450000 - 0x00007ffb1b4ba000 	C:\WINDOWS\system32\bcryptPrimitives.dll
0x00007ffb1c7f0000 - 0x00007ffb1c82b000 	C:\WINDOWS\system32\IMM32.DLL
0x0000000051760000 - 0x0000000051831000 	C:\Program Files\Java\jdk1.7.0_13\jre\bin\msvcr100.dll
0x0000000051b40000 - 0x000000005225f000 	C:\Program Files\Java\jdk1.7.0_13\jre\bin\server\jvm.dll
0x00007ffb1a870000 - 0x00007ffb1a893000 	C:\WINDOWS\system32\WINMM.dll
0x00007ffb1a720000 - 0x00007ffb1a74c000 	C:\WINDOWS\system32\WINMMBASE.dll
0x00007ffb1a790000 - 0x00007ffb1a7d3000 	C:\WINDOWS\system32\cfgmgr32.dll
0x00007ffb1c8e0000 - 0x00007ffb1c8e8000 	C:\WINDOWS\system32\PSAPI.DLL
0x00007ffb067f0000 - 0x00007ffb067f9000 	C:\WINDOWS\SYSTEM32\WSOCK32.dll
0x00007ffb1c3f0000 - 0x00007ffb1c45b000 	C:\WINDOWS\system32\WS2_32.dll
0x0000000052a30000 - 0x0000000052a3f000 	C:\Program Files\Java\jdk1.7.0_13\jre\bin\verify.dll
0x0000000052a00000 - 0x0000000052a28000 	C:\Program Files\Java\jdk1.7.0_13\jre\bin\java.dll
0x00000000529e0000 - 0x00000000529f5000 	C:\Program Files\Java\jdk1.7.0_13\jre\bin\zip.dll
0x00000000529c0000 - 0x00000000529d9000 	C:\Program Files\Java\jdk1.7.0_13\jre\bin\net.dll
0x00007ffb19ff0000 - 0x00007ffb1a04c000 	C:\WINDOWS\system32\mswsock.dll
0x00000000529a0000 - 0x00000000529b1000 	C:\Program Files\Java\jdk1.7.0_13\jre\bin\nio.dll

VM Arguments:
jvm_args: -Djava.awt.headless=true -Xmx1024M -Dfile.encoding=GBK -Duser.country=CN -Duser.language=zh -Duser.variant 
java_command: com.android.dx.command.Main --dex --num-threads=4 --output H:\AndroidProject\Note\app\build\intermediates\pre-dexed\debug\com.android.support-recyclerview-v7-23.4.0_b12afa2306cd9c698c11e4f9459734ba61308260.jar H:\AndroidProject\Note\app\build\intermediates\exploded-aar\com.android.support\recyclerview-v7\23.4.0\jars\classes.jar
Launcher Type: SUN_STANDARD

Environment Variables:
JAVA_HOME=C:\Program Files\Java\jdk1.7.0_13
PATH=C:\Program Files\Java\jdk1.7.0_13\bin;C:\Program Files\Java\jdk1.7.0_13\jre\bin;C:\WINDOWS\system32;C:\WINDOWS;C:\WINDOWS\System32\Wbem;C:\WINDOWS\System32\WindowsPowerShell\v1.0\;C:\Program Files (x86)\NVIDIA Corporation\PhysX\Common;F:\matlab\bin\win32;f:\Program Files\MATLAB\R2014a\runtime\win64;f:\Program Files\MATLAB\R2014a\bin;f:\Program Files\MATLAB\R2014a\polyspace\bin;E:\Program Files (x86)\adt-bundle-windows-x86_64-20140702\sdk\platform-tools
USERNAME=Administrator
OS=Windows_NT
PROCESSOR_IDENTIFIER=Intel64 Family 6 Model 58 Stepping 9, GenuineIntel



---------------  S Y S T E M  ---------------

OS: Windows 8 , 64 bit Build 9200 

CPU:total 4 (2 cores per cpu, 2 threads per core) family 6 model 58 stepping 9, cmov, cx8, fxsr, mmx, sse, sse2, sse3, ssse3, sse4.1, sse4.2, popcnt, avx, ht, tsc, tscinvbit, tscinv

Memory: 4k page, physical 8337772k(2294716k free), swap 8337772k(6560k free)

vm_info: Java HotSpot(TM) 64-Bit Server VM (23.7-b01) for windows-amd64 JRE (1.7.0_13-b20), built on Jan 30 2013 10:10:00 by "java_re" with unknown MS VC++:1600

time: Wed May 25 21:12:54 2016
elapsed time: 2 seconds

